CRITICAL - 2021-11-21 07:56:09 --> The framework needs the following extension(s) installed and loaded: intl.
#0 C:\xampp\htdocs\cig4\system\CodeIgniter.php(219): CodeIgniter\Exceptions\FrameworkException::forMissingExtension('intl')
#1 C:\xampp\htdocs\cig4\system\CodeIgniter.php(177): CodeIgniter\CodeIgniter->resolvePlatformExtensions()
#2 C:\xampp\htdocs\cig4\system\bootstrap.php(146): CodeIgniter\CodeIgniter->initialize()
#3 C:\xampp\htdocs\cig4\spark(45): require('C:\\xampp\\htdocs...')
#4 {main}
CRITICAL - 2021-11-21 07:05:54 --> Invalid file: auth/log in.php
#0 C:\xampp\htdocs\cig4\system\View\View.php(198): CodeIgniter\Exceptions\FrameworkException::forInvalidFile('auth/log in.php')
#1 C:\xampp\htdocs\cig4\system\Common.php(1097): CodeIgniter\View\View->render('auth/log in', Array, true)
#2 C:\xampp\htdocs\cig4\app\Controllers\Auth.php(9): view('auth/log in')
#3 C:\xampp\htdocs\cig4\system\CodeIgniter.php(824): App\Controllers\Auth->index()
#4 C:\xampp\htdocs\cig4\system\CodeIgniter.php(410): CodeIgniter\CodeIgniter->runController(Object(App\Controllers\Auth))
#5 C:\xampp\htdocs\cig4\system\CodeIgniter.php(318): CodeIgniter\CodeIgniter->handleRequest(NULL, Object(Config\Cache), false)
#6 C:\xampp\htdocs\cig4\public\index.php(37): CodeIgniter\CodeIgniter->run()
#7 C:\xampp\htdocs\cig4\system\Commands\Server\rewrite.php(43): require_once('C:\\xampp\\htdocs...')
#8 {main}
CRITICAL - 2021-11-21 07:38:01 --> syntax error, unexpected identifier "processlogin", expecting variable
#0 C:\xampp\htdocs\cig4\system\Router\Router.php(176): CodeIgniter\Router\Router->autoRoute('auth/login')
#1 C:\xampp\htdocs\cig4\system\CodeIgniter.php(718): CodeIgniter\Router\Router->handle('auth/login')
#2 C:\xampp\htdocs\cig4\system\CodeIgniter.php(359): CodeIgniter\CodeIgniter->tryToRouteIt(Object(CodeIgniter\Router\RouteCollection))
#3 C:\xampp\htdocs\cig4\system\CodeIgniter.php(318): CodeIgniter\CodeIgniter->handleRequest(NULL, Object(Config\Cache), false)
#4 C:\xampp\htdocs\cig4\public\index.php(37): CodeIgniter\CodeIgniter->run()
#5 C:\xampp\htdocs\cig4\system\Commands\Server\rewrite.php(43): require_once('C:\\xampp\\htdocs...')
#6 {main}
CRITICAL - 2021-11-21 07:40:14 --> syntax error, unexpected identifier "login", expecting variable
#0 C:\xampp\htdocs\cig4\system\Router\Router.php(176): CodeIgniter\Router\Router->autoRoute('auth/login')
#1 C:\xampp\htdocs\cig4\system\CodeIgniter.php(718): CodeIgniter\Router\Router->handle('auth/login')
#2 C:\xampp\htdocs\cig4\system\CodeIgniter.php(359): CodeIgniter\CodeIgniter->tryToRouteIt(Object(CodeIgniter\Router\RouteCollection))
#3 C:\xampp\htdocs\cig4\system\CodeIgniter.php(318): CodeIgniter\CodeIgniter->handleRequest(NULL, Object(Config\Cache), false)
#4 C:\xampp\htdocs\cig4\public\index.php(37): CodeIgniter\CodeIgniter->run()
#5 C:\xampp\htdocs\cig4\system\Commands\Server\rewrite.php(43): require_once('C:\\xampp\\htdocs...')
#6 {main}
CRITICAL - 2021-11-21 07:44:09 --> Cannot redeclare App\Controllers\Auth::processlogin()
#0 [internal function]: CodeIgniter\Debug\Exceptions->shutdownHandler()
#1 {main}
CRITICAL - 2021-11-21 08:09:57 --> syntax error, unexpected token "?", expecting end of file
#0 C:\xampp\htdocs\cig4\system\View\View.php(217): CodeIgniter\View\View->CodeIgniter\View\{closure}()
#1 C:\xampp\htdocs\cig4\system\Common.php(1097): CodeIgniter\View\View->render('auth/homepage.p...', Array, true)
#2 C:\xampp\htdocs\cig4\app\Controllers\Auth.php(9): view('auth/homepage.p...')
#3 C:\xampp\htdocs\cig4\system\CodeIgniter.php(824): App\Controllers\Auth->index()
#4 C:\xampp\htdocs\cig4\system\CodeIgniter.php(410): CodeIgniter\CodeIgniter->runController(Object(App\Controllers\Auth))
#5 C:\xampp\htdocs\cig4\system\CodeIgniter.php(318): CodeIgniter\CodeIgniter->handleRequest(NULL, Object(Config\Cache), false)
#6 C:\xampp\htdocs\cig4\public\index.php(37): CodeIgniter\CodeIgniter->run()
#7 C:\xampp\htdocs\cig4\system\Commands\Server\rewrite.php(43): require_once('C:\\xampp\\htdocs...')
#8 {main}
CRITICAL - 2021-11-21 09:05:10 --> syntax error, unexpected token ";", expecting "]"
#0 C:\xampp\htdocs\cig4\system\Router\Router.php(176): CodeIgniter\Router\Router->autoRoute('auth/register')
#1 C:\xampp\htdocs\cig4\system\CodeIgniter.php(718): CodeIgniter\Router\Router->handle('auth/register')
#2 C:\xampp\htdocs\cig4\system\CodeIgniter.php(359): CodeIgniter\CodeIgniter->tryToRouteIt(Object(CodeIgniter\Router\RouteCollection))
#3 C:\xampp\htdocs\cig4\system\CodeIgniter.php(318): CodeIgniter\CodeIgniter->handleRequest(NULL, Object(Config\Cache), false)
#4 C:\xampp\htdocs\cig4\public\index.php(37): CodeIgniter\CodeIgniter->run()
#5 C:\xampp\htdocs\cig4\system\Commands\Server\rewrite.php(43): require_once('C:\\xampp\\htdocs...')
#6 {main}
CRITICAL - 2021-11-21 09:05:32 --> syntax error, unexpected token ";", expecting "]"
#0 C:\xampp\htdocs\cig4\system\Router\Router.php(176): CodeIgniter\Router\Router->autoRoute('auth/register')
#1 C:\xampp\htdocs\cig4\system\CodeIgniter.php(718): CodeIgniter\Router\Router->handle('auth/register')
#2 C:\xampp\htdocs\cig4\system\CodeIgniter.php(359): CodeIgniter\CodeIgniter->tryToRouteIt(Object(CodeIgniter\Router\RouteCollection))
#3 C:\xampp\htdocs\cig4\system\CodeIgniter.php(318): CodeIgniter\CodeIgniter->handleRequest(NULL, Object(Config\Cache), false)
#4 C:\xampp\htdocs\cig4\public\index.php(37): CodeIgniter\CodeIgniter->run()
#5 C:\xampp\htdocs\cig4\system\Commands\Server\rewrite.php(43): require_once('C:\\xampp\\htdocs...')
#6 {main}
ERROR - 2021-11-21 09:06:08 --> Table 'ecommerce.users' doesn't exist
CRITICAL - 2021-11-21 09:06:08 --> Table 'ecommerce.users' doesn't exist
#0 C:\xampp\htdocs\cig4\system\Database\MySQLi\Connection.php(292): mysqli->query('SELECT 1\nFROM `...', 0)
#1 C:\xampp\htdocs\cig4\system\Database\BaseConnection.php(670): CodeIgniter\Database\MySQLi\Connection->execute('SELECT 1\nFROM `...')
#2 C:\xampp\htdocs\cig4\system\Database\BaseConnection.php(598): CodeIgniter\Database\BaseConnection->simpleQuery('SELECT 1\nFROM `...')
#3 C:\xampp\htdocs\cig4\system\Database\BaseBuilder.php(1443): CodeIgniter\Database\BaseConnection->query('SELECT 1\nFROM `...', Array, false)
#4 C:\xampp\htdocs\cig4\system\Validation\Rules.php(161): CodeIgniter\Database\BaseBuilder->get()
#5 C:\xampp\htdocs\cig4\system\Validation\Validation.php(277): CodeIgniter\Validation\Rules->is_unique('derricknyaga007...', 'email', Array, NULL)
#6 C:\xampp\htdocs\cig4\system\Validation\Validation.php(151): CodeIgniter\Validation\Validation->processRules('email', 'email', 'derricknyaga007...', Array, Array)
#7 C:\xampp\htdocs\cig4\system\Controller.php(160): CodeIgniter\Validation\Validation->run()
#8 C:\xampp\htdocs\cig4\app\Controllers\Auth.php(26): CodeIgniter\Controller->validate(Array)
#9 C:\xampp\htdocs\cig4\system\CodeIgniter.php(824): App\Controllers\Auth->processregister()
#10 C:\xampp\htdocs\cig4\system\CodeIgniter.php(410): CodeIgniter\CodeIgniter->runController(Object(App\Controllers\Auth))
#11 C:\xampp\htdocs\cig4\system\CodeIgniter.php(318): CodeIgniter\CodeIgniter->handleRequest(NULL, Object(Config\Cache), false)
#12 C:\xampp\htdocs\cig4\public\index.php(37): CodeIgniter\CodeIgniter->run()
#13 C:\xampp\htdocs\cig4\system\Commands\Server\rewrite.php(43): require_once('C:\\xampp\\htdocs...')
#14 {main}
CRITICAL - 2021-11-21 09:07:37 --> valid_username is not a valid rule.
#0 C:\xampp\htdocs\cig4\system\Validation\Validation.php(285): CodeIgniter\Validation\Exceptions\ValidationException::forRuleNotFound('valid_username')
#1 C:\xampp\htdocs\cig4\system\Validation\Validation.php(151): CodeIgniter\Validation\Validation->processRules('username', 'username', 'sssss', Array, Array)
#2 C:\xampp\htdocs\cig4\system\Controller.php(160): CodeIgniter\Validation\Validation->run()
#3 C:\xampp\htdocs\cig4\app\Controllers\Auth.php(26): CodeIgniter\Controller->validate(Array)
#4 C:\xampp\htdocs\cig4\system\CodeIgniter.php(824): App\Controllers\Auth->processregister()
#5 C:\xampp\htdocs\cig4\system\CodeIgniter.php(410): CodeIgniter\CodeIgniter->runController(Object(App\Controllers\Auth))
#6 C:\xampp\htdocs\cig4\system\CodeIgniter.php(318): CodeIgniter\CodeIgniter->handleRequest(NULL, Object(Config\Cache), false)
#7 C:\xampp\htdocs\cig4\public\index.php(37): CodeIgniter\CodeIgniter->run()
#8 C:\xampp\htdocs\cig4\system\Commands\Server\rewrite.php(43): require_once('C:\\xampp\\htdocs...')
#9 {main}
CRITICAL - 2021-11-21 09:25:27 --> Call to undefined function display_error()
#0 C:\xampp\htdocs\cig4\system\View\View.php(214): include()
#1 C:\xampp\htdocs\cig4\system\View\View.php(217): CodeIgniter\View\View->CodeIgniter\View\{closure}()
#2 C:\xampp\htdocs\cig4\system\Common.php(1097): CodeIgniter\View\View->render('auth/register', Array, true)
#3 C:\xampp\htdocs\cig4\app\Controllers\Auth.php(40): view('auth/register', Array)
#4 C:\xampp\htdocs\cig4\system\CodeIgniter.php(824): App\Controllers\Auth->processregister()
#5 C:\xampp\htdocs\cig4\system\CodeIgniter.php(410): CodeIgniter\CodeIgniter->runController(Object(App\Controllers\Auth))
#6 C:\xampp\htdocs\cig4\system\CodeIgniter.php(318): CodeIgniter\CodeIgniter->handleRequest(NULL, Object(Config\Cache), false)
#7 C:\xampp\htdocs\cig4\public\index.php(37): CodeIgniter\CodeIgniter->run()
#8 C:\xampp\htdocs\cig4\system\Commands\Server\rewrite.php(43): require_once('C:\\xampp\\htdocs...')
#9 {main}
CRITICAL - 2021-11-21 09:27:05 --> Call to undefined function display_error()
#0 C:\xampp\htdocs\cig4\system\View\View.php(214): include()
#1 C:\xampp\htdocs\cig4\system\View\View.php(217): CodeIgniter\View\View->CodeIgniter\View\{closure}()
#2 C:\xampp\htdocs\cig4\system\Common.php(1097): CodeIgniter\View\View->render('auth/register', Array, true)
#3 C:\xampp\htdocs\cig4\app\Controllers\Auth.php(40): view('auth/register', Array)
#4 C:\xampp\htdocs\cig4\system\CodeIgniter.php(824): App\Controllers\Auth->processregister()
#5 C:\xampp\htdocs\cig4\system\CodeIgniter.php(410): CodeIgniter\CodeIgniter->runController(Object(App\Controllers\Auth))
#6 C:\xampp\htdocs\cig4\system\CodeIgniter.php(318): CodeIgniter\CodeIgniter->handleRequest(NULL, Object(Config\Cache), false)
#7 C:\xampp\htdocs\cig4\public\index.php(37): CodeIgniter\CodeIgniter->run()
#8 C:\xampp\htdocs\cig4\system\Commands\Server\rewrite.php(43): require_once('C:\\xampp\\htdocs...')
#9 {main}
CRITICAL - 2021-11-21 10:06:12 --> Class "App\Controllers\App\Models\usermodel" not found
#0 C:\xampp\htdocs\cig4\system\CodeIgniter.php(824): App\Controllers\Auth->processregister()
#1 C:\xampp\htdocs\cig4\system\CodeIgniter.php(410): CodeIgniter\CodeIgniter->runController(Object(App\Controllers\Auth))
#2 C:\xampp\htdocs\cig4\system\CodeIgniter.php(318): CodeIgniter\CodeIgniter->handleRequest(NULL, Object(Config\Cache), false)
#3 C:\xampp\htdocs\cig4\public\index.php(37): CodeIgniter\CodeIgniter->run()
#4 C:\xampp\htdocs\cig4\system\Commands\Server\rewrite.php(43): require_once('C:\\xampp\\htdocs...')
#5 {main}
CRITICAL - 2021-11-21 10:12:22 --> Class "App\Controllers\App\Models\userModel" not found
#0 C:\xampp\htdocs\cig4\system\CodeIgniter.php(824): App\Controllers\Auth->processregister()
#1 C:\xampp\htdocs\cig4\system\CodeIgniter.php(410): CodeIgniter\CodeIgniter->runController(Object(App\Controllers\Auth))
#2 C:\xampp\htdocs\cig4\system\CodeIgniter.php(318): CodeIgniter\CodeIgniter->handleRequest(NULL, Object(Config\Cache), false)
#3 C:\xampp\htdocs\cig4\public\index.php(37): CodeIgniter\CodeIgniter->run()
#4 C:\xampp\htdocs\cig4\system\Commands\Server\rewrite.php(43): require_once('C:\\xampp\\htdocs...')
#5 {main}
CRITICAL - 2021-11-21 10:52:25 --> Call to undefined method CodeIgniter\Session\Session::getflashed()
#0 C:\xampp\htdocs\cig4\system\View\View.php(214): include()
#1 C:\xampp\htdocs\cig4\system\View\View.php(217): CodeIgniter\View\View->CodeIgniter\View\{closure}()
#2 C:\xampp\htdocs\cig4\system\Common.php(1097): CodeIgniter\View\View->render('auth/register.p...', Array, true)
#3 C:\xampp\htdocs\cig4\app\Controllers\Auth.php(24): view('auth/register.p...')
#4 C:\xampp\htdocs\cig4\system\CodeIgniter.php(824): App\Controllers\Auth->register()
#5 C:\xampp\htdocs\cig4\system\CodeIgniter.php(410): CodeIgniter\CodeIgniter->runController(Object(App\Controllers\Auth))
#6 C:\xampp\htdocs\cig4\system\CodeIgniter.php(318): CodeIgniter\CodeIgniter->handleRequest(NULL, Object(Config\Cache), false)
#7 C:\xampp\htdocs\cig4\public\index.php(37): CodeIgniter\CodeIgniter->run()
#8 C:\xampp\htdocs\cig4\system\Commands\Server\rewrite.php(43): require_once('C:\\xampp\\htdocs...')
#9 {main}
CRITICAL - 2021-11-21 10:52:47 --> Call to undefined method CodeIgniter\Session\Session::getflashed()
#0 C:\xampp\htdocs\cig4\system\View\View.php(214): include()
#1 C:\xampp\htdocs\cig4\system\View\View.php(217): CodeIgniter\View\View->CodeIgniter\View\{closure}()
#2 C:\xampp\htdocs\cig4\system\Common.php(1097): CodeIgniter\View\View->render('auth/register.p...', Array, true)
#3 C:\xampp\htdocs\cig4\app\Controllers\Auth.php(24): view('auth/register.p...')
#4 C:\xampp\htdocs\cig4\system\CodeIgniter.php(824): App\Controllers\Auth->register()
#5 C:\xampp\htdocs\cig4\system\CodeIgniter.php(410): CodeIgniter\CodeIgniter->runController(Object(App\Controllers\Auth))
#6 C:\xampp\htdocs\cig4\system\CodeIgniter.php(318): CodeIgniter\CodeIgniter->handleRequest(NULL, Object(Config\Cache), false)
#7 C:\xampp\htdocs\cig4\public\index.php(37): CodeIgniter\CodeIgniter->run()
#8 C:\xampp\htdocs\cig4\system\Commands\Server\rewrite.php(43): require_once('C:\\xampp\\htdocs...')
#9 {main}
CRITICAL - 2021-11-21 10:52:52 --> Call to undefined method CodeIgniter\Session\Session::getflashed()
#0 C:\xampp\htdocs\cig4\system\View\View.php(214): include()
#1 C:\xampp\htdocs\cig4\system\View\View.php(217): CodeIgniter\View\View->CodeIgniter\View\{closure}()
#2 C:\xampp\htdocs\cig4\system\Common.php(1097): CodeIgniter\View\View->render('auth/register.p...', Array, true)
#3 C:\xampp\htdocs\cig4\app\Controllers\Auth.php(24): view('auth/register.p...')
#4 C:\xampp\htdocs\cig4\system\CodeIgniter.php(824): App\Controllers\Auth->register()
#5 C:\xampp\htdocs\cig4\system\CodeIgniter.php(410): CodeIgniter\CodeIgniter->runController(Object(App\Controllers\Auth))
#6 C:\xampp\htdocs\cig4\system\CodeIgniter.php(318): CodeIgniter\CodeIgniter->handleRequest(NULL, Object(Config\Cache), false)
#7 C:\xampp\htdocs\cig4\public\index.php(37): CodeIgniter\CodeIgniter->run()
#8 C:\xampp\htdocs\cig4\system\Commands\Server\rewrite.php(43): require_once('C:\\xampp\\htdocs...')
#9 {main}
CRITICAL - 2021-11-21 10:52:54 --> Call to undefined method CodeIgniter\Session\Session::getflashed()
#0 C:\xampp\htdocs\cig4\system\View\View.php(214): include()
#1 C:\xampp\htdocs\cig4\system\View\View.php(217): CodeIgniter\View\View->CodeIgniter\View\{closure}()
#2 C:\xampp\htdocs\cig4\system\Common.php(1097): CodeIgniter\View\View->render('auth/register.p...', Array, true)
#3 C:\xampp\htdocs\cig4\app\Controllers\Auth.php(24): view('auth/register.p...')
#4 C:\xampp\htdocs\cig4\system\CodeIgniter.php(824): App\Controllers\Auth->register()
#5 C:\xampp\htdocs\cig4\system\CodeIgniter.php(410): CodeIgniter\CodeIgniter->runController(Object(App\Controllers\Auth))
#6 C:\xampp\htdocs\cig4\system\CodeIgniter.php(318): CodeIgniter\CodeIgniter->handleRequest(NULL, Object(Config\Cache), false)
#7 C:\xampp\htdocs\cig4\public\index.php(37): CodeIgniter\CodeIgniter->run()
#8 C:\xampp\htdocs\cig4\system\Commands\Server\rewrite.php(43): require_once('C:\\xampp\\htdocs...')
#9 {main}
CRITICAL - 2021-11-21 10:52:54 --> Call to undefined method CodeIgniter\Session\Session::getflashed()
#0 C:\xampp\htdocs\cig4\system\View\View.php(214): include()
#1 C:\xampp\htdocs\cig4\system\View\View.php(217): CodeIgniter\View\View->CodeIgniter\View\{closure}()
#2 C:\xampp\htdocs\cig4\system\Common.php(1097): CodeIgniter\View\View->render('auth/register.p...', Array, true)
#3 C:\xampp\htdocs\cig4\app\Controllers\Auth.php(24): view('auth/register.p...')
#4 C:\xampp\htdocs\cig4\system\CodeIgniter.php(824): App\Controllers\Auth->register()
#5 C:\xampp\htdocs\cig4\system\CodeIgniter.php(410): CodeIgniter\CodeIgniter->runController(Object(App\Controllers\Auth))
#6 C:\xampp\htdocs\cig4\system\CodeIgniter.php(318): CodeIgniter\CodeIgniter->handleRequest(NULL, Object(Config\Cache), false)
#7 C:\xampp\htdocs\cig4\public\index.php(37): CodeIgniter\CodeIgniter->run()
#8 C:\xampp\htdocs\cig4\system\Commands\Server\rewrite.php(43): require_once('C:\\xampp\\htdocs...')
#9 {main}
CRITICAL - 2021-11-21 10:53:47 --> syntax error, unexpected token ">", expecting "elseif" or "else" or "endif"
#0 C:\xampp\htdocs\cig4\system\View\View.php(217): CodeIgniter\View\View->CodeIgniter\View\{closure}()
#1 C:\xampp\htdocs\cig4\system\Common.php(1097): CodeIgniter\View\View->render('auth/register.p...', Array, true)
#2 C:\xampp\htdocs\cig4\app\Controllers\Auth.php(24): view('auth/register.p...')
#3 C:\xampp\htdocs\cig4\system\CodeIgniter.php(824): App\Controllers\Auth->register()
#4 C:\xampp\htdocs\cig4\system\CodeIgniter.php(410): CodeIgniter\CodeIgniter->runController(Object(App\Controllers\Auth))
#5 C:\xampp\htdocs\cig4\system\CodeIgniter.php(318): CodeIgniter\CodeIgniter->handleRequest(NULL, Object(Config\Cache), false)
#6 C:\xampp\htdocs\cig4\public\index.php(37): CodeIgniter\CodeIgniter->run()
#7 C:\xampp\htdocs\cig4\system\Commands\Server\rewrite.php(43): require_once('C:\\xampp\\htdocs...')
#8 {main}
CRITICAL - 2021-11-21 10:54:58 --> syntax error, unexpected token ">", expecting "elseif" or "else" or "endif"
#0 C:\xampp\htdocs\cig4\system\View\View.php(217): CodeIgniter\View\View->CodeIgniter\View\{closure}()
#1 C:\xampp\htdocs\cig4\system\Common.php(1097): CodeIgniter\View\View->render('auth/register.p...', Array, true)
#2 C:\xampp\htdocs\cig4\app\Controllers\Auth.php(24): view('auth/register.p...')
#3 C:\xampp\htdocs\cig4\system\CodeIgniter.php(824): App\Controllers\Auth->register()
#4 C:\xampp\htdocs\cig4\system\CodeIgniter.php(410): CodeIgniter\CodeIgniter->runController(Object(App\Controllers\Auth))
#5 C:\xampp\htdocs\cig4\system\CodeIgniter.php(318): CodeIgniter\CodeIgniter->handleRequest(NULL, Object(Config\Cache), false)
#6 C:\xampp\htdocs\cig4\public\index.php(37): CodeIgniter\CodeIgniter->run()
#7 C:\xampp\htdocs\cig4\system\Commands\Server\rewrite.php(43): require_once('C:\\xampp\\htdocs...')
#8 {main}
CRITICAL - 2021-11-21 10:54:59 --> syntax error, unexpected token ">", expecting "elseif" or "else" or "endif"
#0 C:\xampp\htdocs\cig4\system\View\View.php(217): CodeIgniter\View\View->CodeIgniter\View\{closure}()
#1 C:\xampp\htdocs\cig4\system\Common.php(1097): CodeIgniter\View\View->render('auth/register.p...', Array, true)
#2 C:\xampp\htdocs\cig4\app\Controllers\Auth.php(24): view('auth/register.p...')
#3 C:\xampp\htdocs\cig4\system\CodeIgniter.php(824): App\Controllers\Auth->register()
#4 C:\xampp\htdocs\cig4\system\CodeIgniter.php(410): CodeIgniter\CodeIgniter->runController(Object(App\Controllers\Auth))
#5 C:\xampp\htdocs\cig4\system\CodeIgniter.php(318): CodeIgniter\CodeIgniter->handleRequest(NULL, Object(Config\Cache), false)
#6 C:\xampp\htdocs\cig4\public\index.php(37): CodeIgniter\CodeIgniter->run()
#7 C:\xampp\htdocs\cig4\system\Commands\Server\rewrite.php(43): require_once('C:\\xampp\\htdocs...')
#8 {main}
CRITICAL - 2021-11-21 10:57:08 --> syntax error, unexpected identifier "with", expecting ";"
#0 C:\xampp\htdocs\cig4\system\Router\Router.php(176): CodeIgniter\Router\Router->autoRoute('auth/register')
#1 C:\xampp\htdocs\cig4\system\CodeIgniter.php(718): CodeIgniter\Router\Router->handle('auth/register')
#2 C:\xampp\htdocs\cig4\system\CodeIgniter.php(359): CodeIgniter\CodeIgniter->tryToRouteIt(Object(CodeIgniter\Router\RouteCollection))
#3 C:\xampp\htdocs\cig4\system\CodeIgniter.php(318): CodeIgniter\CodeIgniter->handleRequest(NULL, Object(Config\Cache), false)
#4 C:\xampp\htdocs\cig4\public\index.php(37): CodeIgniter\CodeIgniter->run()
#5 C:\xampp\htdocs\cig4\system\Commands\Server\rewrite.php(43): require_once('C:\\xampp\\htdocs...')
#6 {main}
CRITICAL - 2021-11-21 11:03:51 --> syntax error, unexpected variable "$password", expecting "]"
#0 C:\xampp\htdocs\cig4\system\Router\Router.php(176): CodeIgniter\Router\Router->autoRoute('auth/processreg...')
#1 C:\xampp\htdocs\cig4\system\CodeIgniter.php(718): CodeIgniter\Router\Router->handle('auth/processreg...')
#2 C:\xampp\htdocs\cig4\system\CodeIgniter.php(359): CodeIgniter\CodeIgniter->tryToRouteIt(Object(CodeIgniter\Router\RouteCollection))
#3 C:\xampp\htdocs\cig4\system\CodeIgniter.php(318): CodeIgniter\CodeIgniter->handleRequest(NULL, Object(Config\Cache), false)
#4 C:\xampp\htdocs\cig4\public\index.php(37): CodeIgniter\CodeIgniter->run()
#5 C:\xampp\htdocs\cig4\system\Commands\Server\rewrite.php(43): require_once('C:\\xampp\\htdocs...')
#6 {main}
CRITICAL - 2021-11-21 11:04:56 --> syntax error, unexpected token "class", expecting "{"
#0 C:\xampp\htdocs\cig4\system\Autoloader\Autoloader.php(241): CodeIgniter\Autoloader\Autoloader->includeFile('C:\\xampp\\htdocs...')
#1 C:\xampp\htdocs\cig4\system\Autoloader\Autoloader.php(219): CodeIgniter\Autoloader\Autoloader->loadInNamespace('App\\libraries\\H...')
#2 C:\xampp\htdocs\cig4\app\Controllers\Auth.php(61): CodeIgniter\Autoloader\Autoloader->loadClass('App\\libraries\\H...')
#3 C:\xampp\htdocs\cig4\system\CodeIgniter.php(824): App\Controllers\Auth->processregister()
#4 C:\xampp\htdocs\cig4\system\CodeIgniter.php(410): CodeIgniter\CodeIgniter->runController(Object(App\Controllers\Auth))
#5 C:\xampp\htdocs\cig4\system\CodeIgniter.php(318): CodeIgniter\CodeIgniter->handleRequest(NULL, Object(Config\Cache), false)
#6 C:\xampp\htdocs\cig4\public\index.php(37): CodeIgniter\CodeIgniter->run()
#7 C:\xampp\htdocs\cig4\system\Commands\Server\rewrite.php(43): require_once('C:\\xampp\\htdocs...')
#8 {main}
CRITICAL - 2021-11-21 11:53:03 --> syntax error, unexpected single-quoted string "max_length", expecting "]"
#0 C:\xampp\htdocs\cig4\system\Router\Router.php(176): CodeIgniter\Router\Router->autoRoute('auth/login')
#1 C:\xampp\htdocs\cig4\system\CodeIgniter.php(718): CodeIgniter\Router\Router->handle('auth/login')
#2 C:\xampp\htdocs\cig4\system\CodeIgniter.php(359): CodeIgniter\CodeIgniter->tryToRouteIt(Object(CodeIgniter\Router\RouteCollection))
#3 C:\xampp\htdocs\cig4\system\CodeIgniter.php(318): CodeIgniter\CodeIgniter->handleRequest(NULL, Object(Config\Cache), false)
#4 C:\xampp\htdocs\cig4\public\index.php(37): CodeIgniter\CodeIgniter->run()
#5 C:\xampp\htdocs\cig4\system\Commands\Server\rewrite.php(43): require_once('C:\\xampp\\htdocs...')
#6 {main}
CRITICAL - 2021-11-21 11:53:33 --> Undefined variable $validation
#0 C:\xampp\htdocs\cig4\app\Controllers\Auth.php(109): CodeIgniter\Debug\Exceptions->errorHandler(2, 'Undefined varia...', 'C:\\xampp\\htdocs...', 109)
#1 C:\xampp\htdocs\cig4\system\CodeIgniter.php(824): App\Controllers\Auth->processlogin()
#2 C:\xampp\htdocs\cig4\system\CodeIgniter.php(410): CodeIgniter\CodeIgniter->runController(Object(App\Controllers\Auth))
#3 C:\xampp\htdocs\cig4\system\CodeIgniter.php(318): CodeIgniter\CodeIgniter->handleRequest(NULL, Object(Config\Cache), false)
#4 C:\xampp\htdocs\cig4\public\index.php(37): CodeIgniter\CodeIgniter->run()
#5 C:\xampp\htdocs\cig4\system\Commands\Server\rewrite.php(43): require_once('C:\\xampp\\htdocs...')
#6 {main}
CRITICAL - 2021-11-21 11:53:57 --> Undefined property: App\Controllers\Auth::$validate
#0 C:\xampp\htdocs\cig4\app\Controllers\Auth.php(110): CodeIgniter\Debug\Exceptions->errorHandler(2, 'Undefined prope...', 'C:\\xampp\\htdocs...', 110)
#1 C:\xampp\htdocs\cig4\system\CodeIgniter.php(824): App\Controllers\Auth->processlogin()
#2 C:\xampp\htdocs\cig4\system\CodeIgniter.php(410): CodeIgniter\CodeIgniter->runController(Object(App\Controllers\Auth))
#3 C:\xampp\htdocs\cig4\system\CodeIgniter.php(318): CodeIgniter\CodeIgniter->handleRequest(NULL, Object(Config\Cache), false)
#4 C:\xampp\htdocs\cig4\public\index.php(37): CodeIgniter\CodeIgniter->run()
#5 C:\xampp\htdocs\cig4\system\Commands\Server\rewrite.php(43): require_once('C:\\xampp\\htdocs...')
#6 {main}
CRITICAL - 2021-11-21 12:19:20 --> syntax error, unexpected token "new"
#0 C:\xampp\htdocs\cig4\system\Router\Router.php(176): CodeIgniter\Router\Router->autoRoute('auth/login')
#1 C:\xampp\htdocs\cig4\system\CodeIgniter.php(718): CodeIgniter\Router\Router->handle('auth/login')
#2 C:\xampp\htdocs\cig4\system\CodeIgniter.php(359): CodeIgniter\CodeIgniter->tryToRouteIt(Object(CodeIgniter\Router\RouteCollection))
#3 C:\xampp\htdocs\cig4\system\CodeIgniter.php(318): CodeIgniter\CodeIgniter->handleRequest(NULL, Object(Config\Cache), false)
#4 C:\xampp\htdocs\cig4\public\index.php(37): CodeIgniter\CodeIgniter->run()
#5 C:\xampp\htdocs\cig4\system\Commands\Server\rewrite.php(43): require_once('C:\\xampp\\htdocs...')
#6 {main}
CRITICAL - 2021-11-21 12:20:32 --> Call to undefined method App\libraries\Hash::check()
#0 C:\xampp\htdocs\cig4\system\CodeIgniter.php(824): App\Controllers\Auth->processlogin()
#1 C:\xampp\htdocs\cig4\system\CodeIgniter.php(410): CodeIgniter\CodeIgniter->runController(Object(App\Controllers\Auth))
#2 C:\xampp\htdocs\cig4\system\CodeIgniter.php(318): CodeIgniter\CodeIgniter->handleRequest(NULL, Object(Config\Cache), false)
#3 C:\xampp\htdocs\cig4\public\index.php(37): CodeIgniter\CodeIgniter->run()
#4 C:\xampp\htdocs\cig4\system\Commands\Server\rewrite.php(43): require_once('C:\\xampp\\htdocs...')
#5 {main}
CRITICAL - 2021-11-21 12:26:35 --> syntax error, unexpected token "return"
#0 C:\xampp\htdocs\cig4\system\Autoloader\Autoloader.php(241): CodeIgniter\Autoloader\Autoloader->includeFile('C:\\xampp\\htdocs...')
#1 C:\xampp\htdocs\cig4\system\Autoloader\Autoloader.php(219): CodeIgniter\Autoloader\Autoloader->loadInNamespace('App\\libraries\\H...')
#2 C:\xampp\htdocs\cig4\app\Controllers\Auth.php(119): CodeIgniter\Autoloader\Autoloader->loadClass('App\\libraries\\H...')
#3 C:\xampp\htdocs\cig4\system\CodeIgniter.php(824): App\Controllers\Auth->processlogin()
#4 C:\xampp\htdocs\cig4\system\CodeIgniter.php(410): CodeIgniter\CodeIgniter->runController(Object(App\Controllers\Auth))
#5 C:\xampp\htdocs\cig4\system\CodeIgniter.php(318): CodeIgniter\CodeIgniter->handleRequest(NULL, Object(Config\Cache), false)
#6 C:\xampp\htdocs\cig4\public\index.php(37): CodeIgniter\CodeIgniter->run()
#7 C:\xampp\htdocs\cig4\system\Commands\Server\rewrite.php(43): require_once('C:\\xampp\\htdocs...')
#8 {main}
CRITICAL - 2021-11-21 12:27:15 --> syntax error, unexpected token "return"
#0 C:\xampp\htdocs\cig4\system\Autoloader\Autoloader.php(241): CodeIgniter\Autoloader\Autoloader->includeFile('C:\\xampp\\htdocs...')
#1 C:\xampp\htdocs\cig4\system\Autoloader\Autoloader.php(219): CodeIgniter\Autoloader\Autoloader->loadInNamespace('App\\libraries\\H...')
#2 C:\xampp\htdocs\cig4\app\Controllers\Auth.php(119): CodeIgniter\Autoloader\Autoloader->loadClass('App\\libraries\\H...')
#3 C:\xampp\htdocs\cig4\system\CodeIgniter.php(824): App\Controllers\Auth->processlogin()
#4 C:\xampp\htdocs\cig4\system\CodeIgniter.php(410): CodeIgniter\CodeIgniter->runController(Object(App\Controllers\Auth))
#5 C:\xampp\htdocs\cig4\system\CodeIgniter.php(318): CodeIgniter\CodeIgniter->handleRequest(NULL, Object(Config\Cache), false)
#6 C:\xampp\htdocs\cig4\public\index.php(37): CodeIgniter\CodeIgniter->run()
#7 C:\xampp\htdocs\cig4\system\Commands\Server\rewrite.php(43): require_once('C:\\xampp\\htdocs...')
#8 {main}
CRITICAL - 2021-11-21 12:27:19 --> syntax error, unexpected token "return"
#0 C:\xampp\htdocs\cig4\system\Autoloader\Autoloader.php(241): CodeIgniter\Autoloader\Autoloader->includeFile('C:\\xampp\\htdocs...')
#1 C:\xampp\htdocs\cig4\system\Autoloader\Autoloader.php(219): CodeIgniter\Autoloader\Autoloader->loadInNamespace('App\\libraries\\H...')
#2 C:\xampp\htdocs\cig4\app\Controllers\Auth.php(119): CodeIgniter\Autoloader\Autoloader->loadClass('App\\libraries\\H...')
#3 C:\xampp\htdocs\cig4\system\CodeIgniter.php(824): App\Controllers\Auth->processlogin()
#4 C:\xampp\htdocs\cig4\system\CodeIgniter.php(410): CodeIgniter\CodeIgniter->runController(Object(App\Controllers\Auth))
#5 C:\xampp\htdocs\cig4\system\CodeIgniter.php(318): CodeIgniter\CodeIgniter->handleRequest(NULL, Object(Config\Cache), false)
#6 C:\xampp\htdocs\cig4\public\index.php(37): CodeIgniter\CodeIgniter->run()
#7 C:\xampp\htdocs\cig4\system\Commands\Server\rewrite.php(43): require_once('C:\\xampp\\htdocs...')
#8 {main}
CRITICAL - 2021-11-21 12:28:09 --> syntax error, unexpected token "return"
#0 C:\xampp\htdocs\cig4\system\Autoloader\Autoloader.php(241): CodeIgniter\Autoloader\Autoloader->includeFile('C:\\xampp\\htdocs...')
#1 C:\xampp\htdocs\cig4\system\Autoloader\Autoloader.php(219): CodeIgniter\Autoloader\Autoloader->loadInNamespace('App\\libraries\\H...')
#2 C:\xampp\htdocs\cig4\app\Controllers\Auth.php(119): CodeIgniter\Autoloader\Autoloader->loadClass('App\\libraries\\H...')
#3 C:\xampp\htdocs\cig4\system\CodeIgniter.php(824): App\Controllers\Auth->processlogin()
#4 C:\xampp\htdocs\cig4\system\CodeIgniter.php(410): CodeIgniter\CodeIgniter->runController(Object(App\Controllers\Auth))
#5 C:\xampp\htdocs\cig4\system\CodeIgniter.php(318): CodeIgniter\CodeIgniter->handleRequest(NULL, Object(Config\Cache), false)
#6 C:\xampp\htdocs\cig4\public\index.php(37): CodeIgniter\CodeIgniter->run()
#7 C:\xampp\htdocs\cig4\system\Commands\Server\rewrite.php(43): require_once('C:\\xampp\\htdocs...')
#8 {main}
CRITICAL - 2021-11-21 13:44:41 --> Undefined variable $userInfo
#0 C:\xampp\htdocs\cig4\app\Views\auth\homepage.php(33): CodeIgniter\Debug\Exceptions->errorHandler(2, 'Undefined varia...', 'C:\\xampp\\htdocs...', 33)
#1 C:\xampp\htdocs\cig4\system\View\View.php(214): include('C:\\xampp\\htdocs...')
#2 C:\xampp\htdocs\cig4\system\View\View.php(217): CodeIgniter\View\View->CodeIgniter\View\{closure}()
#3 C:\xampp\htdocs\cig4\system\Common.php(1097): CodeIgniter\View\View->render('auth/homepage.p...', Array, true)
#4 C:\xampp\htdocs\cig4\app\Controllers\Auth.php(18): view('auth/homepage.p...')
#5 C:\xampp\htdocs\cig4\system\CodeIgniter.php(824): App\Controllers\Auth->index()
#6 C:\xampp\htdocs\cig4\system\CodeIgniter.php(410): CodeIgniter\CodeIgniter->runController(Object(App\Controllers\Auth))
#7 C:\xampp\htdocs\cig4\system\CodeIgniter.php(318): CodeIgniter\CodeIgniter->handleRequest(NULL, Object(Config\Cache), false)
#8 C:\xampp\htdocs\cig4\public\index.php(37): CodeIgniter\CodeIgniter->run()
#9 C:\xampp\htdocs\cig4\system\Commands\Server\rewrite.php(43): require_once('C:\\xampp\\htdocs...')
#10 {main}
CRITICAL - 2021-11-21 13:47:56 --> Undefined variable $userInfo
#0 C:\xampp\htdocs\cig4\app\Views\auth\homepage.php(33): CodeIgniter\Debug\Exceptions->errorHandler(2, 'Undefined varia...', 'C:\\xampp\\htdocs...', 33)
#1 C:\xampp\htdocs\cig4\system\View\View.php(214): include('C:\\xampp\\htdocs...')
#2 C:\xampp\htdocs\cig4\system\View\View.php(217): CodeIgniter\View\View->CodeIgniter\View\{closure}()
#3 C:\xampp\htdocs\cig4\system\Common.php(1097): CodeIgniter\View\View->render('auth/homepage.p...', Array, true)
#4 C:\xampp\htdocs\cig4\app\Controllers\Auth.php(18): view('auth/homepage.p...')
#5 C:\xampp\htdocs\cig4\system\CodeIgniter.php(824): App\Controllers\Auth->index()
#6 C:\xampp\htdocs\cig4\system\CodeIgniter.php(410): CodeIgniter\CodeIgniter->runController(Object(App\Controllers\Auth))
#7 C:\xampp\htdocs\cig4\system\CodeIgniter.php(318): CodeIgniter\CodeIgniter->handleRequest(NULL, Object(Config\Cache), false)
#8 C:\xampp\htdocs\cig4\public\index.php(37): CodeIgniter\CodeIgniter->run()
#9 C:\xampp\htdocs\cig4\system\Commands\Server\rewrite.php(43): require_once('C:\\xampp\\htdocs...')
#10 {main}
CRITICAL - 2021-11-21 13:49:53 --> Undefined variable $userInfo
#0 C:\xampp\htdocs\cig4\app\Views\auth\homepage.php(33): CodeIgniter\Debug\Exceptions->errorHandler(2, 'Undefined varia...', 'C:\\xampp\\htdocs...', 33)
#1 C:\xampp\htdocs\cig4\system\View\View.php(214): include('C:\\xampp\\htdocs...')
#2 C:\xampp\htdocs\cig4\system\View\View.php(217): CodeIgniter\View\View->CodeIgniter\View\{closure}()
#3 C:\xampp\htdocs\cig4\system\Common.php(1097): CodeIgniter\View\View->render('auth/homepage.p...', Array, true)
#4 C:\xampp\htdocs\cig4\app\Controllers\Auth.php(18): view('auth/homepage.p...')
#5 C:\xampp\htdocs\cig4\system\CodeIgniter.php(824): App\Controllers\Auth->index()
#6 C:\xampp\htdocs\cig4\system\CodeIgniter.php(410): CodeIgniter\CodeIgniter->runController(Object(App\Controllers\Auth))
#7 C:\xampp\htdocs\cig4\system\CodeIgniter.php(318): CodeIgniter\CodeIgniter->handleRequest(NULL, Object(Config\Cache), false)
#8 C:\xampp\htdocs\cig4\public\index.php(37): CodeIgniter\CodeIgniter->run()
#9 C:\xampp\htdocs\cig4\system\Commands\Server\rewrite.php(43): require_once('C:\\xampp\\htdocs...')
#10 {main}
CRITICAL - 2021-11-21 13:49:55 --> Undefined variable $userInfo
#0 C:\xampp\htdocs\cig4\app\Views\auth\homepage.php(33): CodeIgniter\Debug\Exceptions->errorHandler(2, 'Undefined varia...', 'C:\\xampp\\htdocs...', 33)
#1 C:\xampp\htdocs\cig4\system\View\View.php(214): include('C:\\xampp\\htdocs...')
#2 C:\xampp\htdocs\cig4\system\View\View.php(217): CodeIgniter\View\View->CodeIgniter\View\{closure}()
#3 C:\xampp\htdocs\cig4\system\Common.php(1097): CodeIgniter\View\View->render('auth/homepage.p...', Array, true)
#4 C:\xampp\htdocs\cig4\app\Controllers\Auth.php(18): view('auth/homepage.p...')
#5 C:\xampp\htdocs\cig4\system\CodeIgniter.php(824): App\Controllers\Auth->index()
#6 C:\xampp\htdocs\cig4\system\CodeIgniter.php(410): CodeIgniter\CodeIgniter->runController(Object(App\Controllers\Auth))
#7 C:\xampp\htdocs\cig4\system\CodeIgniter.php(318): CodeIgniter\CodeIgniter->handleRequest(NULL, Object(Config\Cache), false)
#8 C:\xampp\htdocs\cig4\public\index.php(37): CodeIgniter\CodeIgniter->run()
#9 C:\xampp\htdocs\cig4\system\Commands\Server\rewrite.php(43): require_once('C:\\xampp\\htdocs...')
#10 {main}
CRITICAL - 2021-11-21 13:50:11 --> Undefined variable $userInfo
#0 C:\xampp\htdocs\cig4\app\Views\auth\homepage.php(33): CodeIgniter\Debug\Exceptions->errorHandler(2, 'Undefined varia...', 'C:\\xampp\\htdocs...', 33)
#1 C:\xampp\htdocs\cig4\system\View\View.php(214): include('C:\\xampp\\htdocs...')
#2 C:\xampp\htdocs\cig4\system\View\View.php(217): CodeIgniter\View\View->CodeIgniter\View\{closure}()
#3 C:\xampp\htdocs\cig4\system\Common.php(1097): CodeIgniter\View\View->render('auth/homepage.p...', Array, true)
#4 C:\xampp\htdocs\cig4\app\Controllers\Auth.php(18): view('auth/homepage.p...')
#5 C:\xampp\htdocs\cig4\system\CodeIgniter.php(824): App\Controllers\Auth->index()
#6 C:\xampp\htdocs\cig4\system\CodeIgniter.php(410): CodeIgniter\CodeIgniter->runController(Object(App\Controllers\Auth))
#7 C:\xampp\htdocs\cig4\system\CodeIgniter.php(318): CodeIgniter\CodeIgniter->handleRequest(NULL, Object(Config\Cache), false)
#8 C:\xampp\htdocs\cig4\public\index.php(37): CodeIgniter\CodeIgniter->run()
#9 C:\xampp\htdocs\cig4\system\Commands\Server\rewrite.php(43): require_once('C:\\xampp\\htdocs...')
#10 {main}
CRITICAL - 2021-11-21 13:50:49 --> Undefined variable $userInfo
#0 C:\xampp\htdocs\cig4\app\Views\auth\homepage.php(33): CodeIgniter\Debug\Exceptions->errorHandler(2, 'Undefined varia...', 'C:\\xampp\\htdocs...', 33)
#1 C:\xampp\htdocs\cig4\system\View\View.php(214): include('C:\\xampp\\htdocs...')
#2 C:\xampp\htdocs\cig4\system\View\View.php(217): CodeIgniter\View\View->CodeIgniter\View\{closure}()
#3 C:\xampp\htdocs\cig4\system\Common.php(1097): CodeIgniter\View\View->render('auth/homepage.p...', Array, true)
#4 C:\xampp\htdocs\cig4\app\Controllers\Auth.php(18): view('auth/homepage.p...')
#5 C:\xampp\htdocs\cig4\system\CodeIgniter.php(824): App\Controllers\Auth->index()
#6 C:\xampp\htdocs\cig4\system\CodeIgniter.php(410): CodeIgniter\CodeIgniter->runController(Object(App\Controllers\Auth))
#7 C:\xampp\htdocs\cig4\system\CodeIgniter.php(318): CodeIgniter\CodeIgniter->handleRequest(NULL, Object(Config\Cache), false)
#8 C:\xampp\htdocs\cig4\public\index.php(37): CodeIgniter\CodeIgniter->run()
#9 C:\xampp\htdocs\cig4\system\Commands\Server\rewrite.php(43): require_once('C:\\xampp\\htdocs...')
#10 {main}
CRITICAL - 2021-11-21 13:50:50 --> Undefined variable $userInfo
#0 C:\xampp\htdocs\cig4\app\Views\auth\homepage.php(33): CodeIgniter\Debug\Exceptions->errorHandler(2, 'Undefined varia...', 'C:\\xampp\\htdocs...', 33)
#1 C:\xampp\htdocs\cig4\system\View\View.php(214): include('C:\\xampp\\htdocs...')
#2 C:\xampp\htdocs\cig4\system\View\View.php(217): CodeIgniter\View\View->CodeIgniter\View\{closure}()
#3 C:\xampp\htdocs\cig4\system\Common.php(1097): CodeIgniter\View\View->render('auth/homepage.p...', Array, true)
#4 C:\xampp\htdocs\cig4\app\Controllers\Auth.php(18): view('auth/homepage.p...')
#5 C:\xampp\htdocs\cig4\system\CodeIgniter.php(824): App\Controllers\Auth->index()
#6 C:\xampp\htdocs\cig4\system\CodeIgniter.php(410): CodeIgniter\CodeIgniter->runController(Object(App\Controllers\Auth))
#7 C:\xampp\htdocs\cig4\system\CodeIgniter.php(318): CodeIgniter\CodeIgniter->handleRequest(NULL, Object(Config\Cache), false)
#8 C:\xampp\htdocs\cig4\public\index.php(37): CodeIgniter\CodeIgniter->run()
#9 C:\xampp\htdocs\cig4\system\Commands\Server\rewrite.php(43): require_once('C:\\xampp\\htdocs...')
#10 {main}
CRITICAL - 2021-11-21 13:50:52 --> Undefined variable $userInfo
#0 C:\xampp\htdocs\cig4\app\Views\auth\homepage.php(33): CodeIgniter\Debug\Exceptions->errorHandler(2, 'Undefined varia...', 'C:\\xampp\\htdocs...', 33)
#1 C:\xampp\htdocs\cig4\system\View\View.php(214): include('C:\\xampp\\htdocs...')
#2 C:\xampp\htdocs\cig4\system\View\View.php(217): CodeIgniter\View\View->CodeIgniter\View\{closure}()
#3 C:\xampp\htdocs\cig4\system\Common.php(1097): CodeIgniter\View\View->render('auth/homepage.p...', Array, true)
#4 C:\xampp\htdocs\cig4\app\Controllers\Auth.php(18): view('auth/homepage.p...')
#5 C:\xampp\htdocs\cig4\system\CodeIgniter.php(824): App\Controllers\Auth->index()
#6 C:\xampp\htdocs\cig4\system\CodeIgniter.php(410): CodeIgniter\CodeIgniter->runController(Object(App\Controllers\Auth))
#7 C:\xampp\htdocs\cig4\system\CodeIgniter.php(318): CodeIgniter\CodeIgniter->handleRequest(NULL, Object(Config\Cache), false)
#8 C:\xampp\htdocs\cig4\public\index.php(37): CodeIgniter\CodeIgniter->run()
#9 C:\xampp\htdocs\cig4\system\Commands\Server\rewrite.php(43): require_once('C:\\xampp\\htdocs...')
#10 {main}
CRITICAL - 2021-11-21 13:52:50 --> Undefined variable $userInfo
#0 C:\xampp\htdocs\cig4\app\Views\auth\homepage.php(33): CodeIgniter\Debug\Exceptions->errorHandler(2, 'Undefined varia...', 'C:\\xampp\\htdocs...', 33)
#1 C:\xampp\htdocs\cig4\system\View\View.php(214): include('C:\\xampp\\htdocs...')
#2 C:\xampp\htdocs\cig4\system\View\View.php(217): CodeIgniter\View\View->CodeIgniter\View\{closure}()
#3 C:\xampp\htdocs\cig4\system\Common.php(1097): CodeIgniter\View\View->render('auth/homepage.p...', Array, true)
#4 C:\xampp\htdocs\cig4\app\Controllers\Auth.php(18): view('auth/homepage.p...')
#5 C:\xampp\htdocs\cig4\system\CodeIgniter.php(824): App\Controllers\Auth->index()
#6 C:\xampp\htdocs\cig4\system\CodeIgniter.php(410): CodeIgniter\CodeIgniter->runController(Object(App\Controllers\Auth))
#7 C:\xampp\htdocs\cig4\system\CodeIgniter.php(318): CodeIgniter\CodeIgniter->handleRequest(NULL, Object(Config\Cache), false)
#8 C:\xampp\htdocs\cig4\public\index.php(37): CodeIgniter\CodeIgniter->run()
#9 C:\xampp\htdocs\cig4\system\Commands\Server\rewrite.php(43): require_once('C:\\xampp\\htdocs...')
#10 {main}
CRITICAL - 2021-11-21 13:52:51 --> Undefined variable $userInfo
#0 C:\xampp\htdocs\cig4\app\Views\auth\homepage.php(33): CodeIgniter\Debug\Exceptions->errorHandler(2, 'Undefined varia...', 'C:\\xampp\\htdocs...', 33)
#1 C:\xampp\htdocs\cig4\system\View\View.php(214): include('C:\\xampp\\htdocs...')
#2 C:\xampp\htdocs\cig4\system\View\View.php(217): CodeIgniter\View\View->CodeIgniter\View\{closure}()
#3 C:\xampp\htdocs\cig4\system\Common.php(1097): CodeIgniter\View\View->render('auth/homepage.p...', Array, true)
#4 C:\xampp\htdocs\cig4\app\Controllers\Auth.php(18): view('auth/homepage.p...')
#5 C:\xampp\htdocs\cig4\system\CodeIgniter.php(824): App\Controllers\Auth->index()
#6 C:\xampp\htdocs\cig4\system\CodeIgniter.php(410): CodeIgniter\CodeIgniter->runController(Object(App\Controllers\Auth))
#7 C:\xampp\htdocs\cig4\system\CodeIgniter.php(318): CodeIgniter\CodeIgniter->handleRequest(NULL, Object(Config\Cache), false)
#8 C:\xampp\htdocs\cig4\public\index.php(37): CodeIgniter\CodeIgniter->run()
#9 C:\xampp\htdocs\cig4\system\Commands\Server\rewrite.php(43): require_once('C:\\xampp\\htdocs...')
#10 {main}
CRITICAL - 2021-11-21 14:16:01 --> syntax error, unexpected end of file, expecting "elseif" or "else" or "endif"
#0 C:\xampp\htdocs\cig4\system\View\View.php(217): CodeIgniter\View\View->CodeIgniter\View\{closure}()
#1 C:\xampp\htdocs\cig4\system\Common.php(1097): CodeIgniter\View\View->render('auth/homepage.p...', Array, true)
#2 C:\xampp\htdocs\cig4\app\Controllers\Auth.php(18): view('auth/homepage.p...')
#3 C:\xampp\htdocs\cig4\system\CodeIgniter.php(824): App\Controllers\Auth->index()
#4 C:\xampp\htdocs\cig4\system\CodeIgniter.php(410): CodeIgniter\CodeIgniter->runController(Object(App\Controllers\Auth))
#5 C:\xampp\htdocs\cig4\system\CodeIgniter.php(318): CodeIgniter\CodeIgniter->handleRequest(NULL, Object(Config\Cache), false)
#6 C:\xampp\htdocs\cig4\public\index.php(37): CodeIgniter\CodeIgniter->run()
#7 C:\xampp\htdocs\cig4\system\Commands\Server\rewrite.php(43): require_once('C:\\xampp\\htdocs...')
#8 {main}
CRITICAL - 2021-11-21 14:53:28 --> syntax error, unexpected single-quoted string "isLoggedIn", expecting "]"
#0 C:\xampp\htdocs\cig4\system\Router\Router.php(176): CodeIgniter\Router\Router->autoRoute('auth/index')
#1 C:\xampp\htdocs\cig4\system\CodeIgniter.php(718): CodeIgniter\Router\Router->handle('auth/index')
#2 C:\xampp\htdocs\cig4\system\CodeIgniter.php(359): CodeIgniter\CodeIgniter->tryToRouteIt(Object(CodeIgniter\Router\RouteCollection))
#3 C:\xampp\htdocs\cig4\system\CodeIgniter.php(318): CodeIgniter\CodeIgniter->handleRequest(NULL, Object(Config\Cache), false)
#4 C:\xampp\htdocs\cig4\public\index.php(37): CodeIgniter\CodeIgniter->run()
#5 C:\xampp\htdocs\cig4\system\Commands\Server\rewrite.php(43): require_once('C:\\xampp\\htdocs...')
#6 {main}
CRITICAL - 2021-11-21 15:07:53 --> Unclosed '{' on line 8
#0 C:\xampp\htdocs\cig4\system\Autoloader\Autoloader.php(241): CodeIgniter\Autoloader\Autoloader->includeFile('C:\\xampp\\htdocs...')
#1 C:\xampp\htdocs\cig4\system\Autoloader\Autoloader.php(219): CodeIgniter\Autoloader\Autoloader->loadInNamespace('App\\Models\\user...')
#2 C:\xampp\htdocs\cig4\app\Controllers\Auth.php(65): CodeIgniter\Autoloader\Autoloader->loadClass('App\\Models\\user...')
#3 C:\xampp\htdocs\cig4\system\CodeIgniter.php(824): App\Controllers\Auth->processregister()
#4 C:\xampp\htdocs\cig4\system\CodeIgniter.php(410): CodeIgniter\CodeIgniter->runController(Object(App\Controllers\Auth))
#5 C:\xampp\htdocs\cig4\system\CodeIgniter.php(318): CodeIgniter\CodeIgniter->handleRequest(NULL, Object(Config\Cache), false)
#6 C:\xampp\htdocs\cig4\public\index.php(37): CodeIgniter\CodeIgniter->run()
#7 C:\xampp\htdocs\cig4\system\Commands\Server\rewrite.php(43): require_once('C:\\xampp\\htdocs...')
#8 {main}
CRITICAL - 2021-11-21 15:08:38 --> Call to undefined method App\Models\UserModel::passwordHash
#0 C:\xampp\htdocs\cig4\app\Models\userModel.php(18): CodeIgniter\Model->__call('passwordHash', Array)
#1 C:\xampp\htdocs\cig4\system\BaseModel.php(1456): App\Models\UserModel->beforeInsert(Array)
#2 C:\xampp\htdocs\cig4\system\BaseModel.php(735): CodeIgniter\BaseModel->trigger('beforeInsert', Array)
#3 C:\xampp\htdocs\cig4\system\Model.php(620): CodeIgniter\BaseModel->insert(Array, true)
#4 C:\xampp\htdocs\cig4\app\Controllers\Auth.php(66): CodeIgniter\Model->insert(Array)
#5 C:\xampp\htdocs\cig4\system\CodeIgniter.php(824): App\Controllers\Auth->processregister()
#6 C:\xampp\htdocs\cig4\system\CodeIgniter.php(410): CodeIgniter\CodeIgniter->runController(Object(App\Controllers\Auth))
#7 C:\xampp\htdocs\cig4\system\CodeIgniter.php(318): CodeIgniter\CodeIgniter->handleRequest(NULL, Object(Config\Cache), false)
#8 C:\xampp\htdocs\cig4\public\index.php(37): CodeIgniter\CodeIgniter->run()
#9 C:\xampp\htdocs\cig4\system\Commands\Server\rewrite.php(43): require_once('C:\\xampp\\htdocs...')
#10 {main}
CRITICAL - 2021-11-21 15:10:08 --> Call to undefined method App\Models\UserModel::password_hash
#0 C:\xampp\htdocs\cig4\app\Models\userModel.php(18): CodeIgniter\Model->__call('password_hash', Array)
#1 C:\xampp\htdocs\cig4\system\BaseModel.php(1456): App\Models\UserModel->beforeInsert(Array)
#2 C:\xampp\htdocs\cig4\system\BaseModel.php(735): CodeIgniter\BaseModel->trigger('beforeInsert', Array)
#3 C:\xampp\htdocs\cig4\system\Model.php(620): CodeIgniter\BaseModel->insert(Array, true)
#4 C:\xampp\htdocs\cig4\app\Controllers\Auth.php(66): CodeIgniter\Model->insert(Array)
#5 C:\xampp\htdocs\cig4\system\CodeIgniter.php(824): App\Controllers\Auth->processregister()
#6 C:\xampp\htdocs\cig4\system\CodeIgniter.php(410): CodeIgniter\CodeIgniter->runController(Object(App\Controllers\Auth))
#7 C:\xampp\htdocs\cig4\system\CodeIgniter.php(318): CodeIgniter\CodeIgniter->handleRequest(NULL, Object(Config\Cache), false)
#8 C:\xampp\htdocs\cig4\public\index.php(37): CodeIgniter\CodeIgniter->run()
#9 C:\xampp\htdocs\cig4\system\Commands\Server\rewrite.php(43): require_once('C:\\xampp\\htdocs...')
#10 {main}
