CRITICAL - 2021-12-03 01:03:25 --> syntax error, unexpected token "=>", expecting ")"
#0 C:\xampp\htdocs\cig4\system\Router\Router.php(176): CodeIgniter\Router\Router->autoRoute('auth/processlog...')
#1 C:\xampp\htdocs\cig4\system\CodeIgniter.php(718): CodeIgniter\Router\Router->handle('auth/processlog...')
#2 C:\xampp\htdocs\cig4\system\CodeIgniter.php(359): CodeIgniter\CodeIgniter->tryToRouteIt(Object(CodeIgniter\Router\RouteCollection))
#3 C:\xampp\htdocs\cig4\system\CodeIgniter.php(318): CodeIgniter\CodeIgniter->handleRequest(NULL, Object(Config\Cache), false)
#4 C:\xampp\htdocs\cig4\public\index.php(37): CodeIgniter\CodeIgniter->run()
#5 C:\xampp\htdocs\cig4\system\Commands\Server\rewrite.php(43): require_once('C:\\xampp\\htdocs...')
#6 {main}
CRITICAL - 2021-12-03 02:23:51 --> syntax error, unexpected token ";", expecting "]"
#0 C:\xampp\htdocs\cig4\system\Router\Router.php(176): CodeIgniter\Router\Router->autoRoute('dashboard')
#1 C:\xampp\htdocs\cig4\system\CodeIgniter.php(718): CodeIgniter\Router\Router->handle('dashboard')
#2 C:\xampp\htdocs\cig4\system\CodeIgniter.php(359): CodeIgniter\CodeIgniter->tryToRouteIt(Object(CodeIgniter\Router\RouteCollection))
#3 C:\xampp\htdocs\cig4\system\CodeIgniter.php(318): CodeIgniter\CodeIgniter->handleRequest(NULL, Object(Config\Cache), false)
#4 C:\xampp\htdocs\cig4\public\index.php(37): CodeIgniter\CodeIgniter->run()
#5 C:\xampp\htdocs\cig4\system\Commands\Server\rewrite.php(43): require_once('C:\\xampp\\htdocs...')
#6 {main}
CRITICAL - 2021-12-03 02:24:31 --> Undefined variable $database
#0 C:\xampp\htdocs\cig4\app\Controllers\dashboard.php(17): CodeIgniter\Debug\Exceptions->errorHandler(2, 'Undefined varia...', 'C:\\xampp\\htdocs...', 17)
#1 C:\xampp\htdocs\cig4\system\CodeIgniter.php(824): App\Controllers\Dashboard->index()
#2 C:\xampp\htdocs\cig4\system\CodeIgniter.php(410): CodeIgniter\CodeIgniter->runController(Object(App\Controllers\Dashboard))
#3 C:\xampp\htdocs\cig4\system\CodeIgniter.php(318): CodeIgniter\CodeIgniter->handleRequest(NULL, Object(Config\Cache), false)
#4 C:\xampp\htdocs\cig4\public\index.php(37): CodeIgniter\CodeIgniter->run()
#5 C:\xampp\htdocs\cig4\system\Commands\Server\rewrite.php(43): require_once('C:\\xampp\\htdocs...')
#6 {main}
CRITICAL - 2021-12-03 02:54:43 --> Unmatched '}'
#0 C:\xampp\htdocs\cig4\system\Router\Router.php(176): CodeIgniter\Router\Router->autoRoute('auth/logout')
#1 C:\xampp\htdocs\cig4\system\CodeIgniter.php(718): CodeIgniter\Router\Router->handle('auth/logout')
#2 C:\xampp\htdocs\cig4\system\CodeIgniter.php(359): CodeIgniter\CodeIgniter->tryToRouteIt(Object(CodeIgniter\Router\RouteCollection))
#3 C:\xampp\htdocs\cig4\system\CodeIgniter.php(318): CodeIgniter\CodeIgniter->handleRequest(NULL, Object(Config\Cache), false)
#4 C:\xampp\htdocs\cig4\public\index.php(37): CodeIgniter\CodeIgniter->run()
#5 C:\xampp\htdocs\cig4\system\Commands\Server\rewrite.php(43): require_once('C:\\xampp\\htdocs...')
#6 {main}
CRITICAL - 2021-12-03 02:54:58 --> Unmatched '}'
#0 C:\xampp\htdocs\cig4\system\Router\Router.php(176): CodeIgniter\Router\Router->autoRoute('auth/logout')
#1 C:\xampp\htdocs\cig4\system\CodeIgniter.php(718): CodeIgniter\Router\Router->handle('auth/logout')
#2 C:\xampp\htdocs\cig4\system\CodeIgniter.php(359): CodeIgniter\CodeIgniter->tryToRouteIt(Object(CodeIgniter\Router\RouteCollection))
#3 C:\xampp\htdocs\cig4\system\CodeIgniter.php(318): CodeIgniter\CodeIgniter->handleRequest(NULL, Object(Config\Cache), false)
#4 C:\xampp\htdocs\cig4\public\index.php(37): CodeIgniter\CodeIgniter->run()
#5 C:\xampp\htdocs\cig4\system\Commands\Server\rewrite.php(43): require_once('C:\\xampp\\htdocs...')
#6 {main}
CRITICAL - 2021-12-03 02:55:11 --> Unmatched '}'
#0 C:\xampp\htdocs\cig4\system\Router\Router.php(176): CodeIgniter\Router\Router->autoRoute('auth/logout')
#1 C:\xampp\htdocs\cig4\system\CodeIgniter.php(718): CodeIgniter\Router\Router->handle('auth/logout')
#2 C:\xampp\htdocs\cig4\system\CodeIgniter.php(359): CodeIgniter\CodeIgniter->tryToRouteIt(Object(CodeIgniter\Router\RouteCollection))
#3 C:\xampp\htdocs\cig4\system\CodeIgniter.php(318): CodeIgniter\CodeIgniter->handleRequest(NULL, Object(Config\Cache), false)
#4 C:\xampp\htdocs\cig4\public\index.php(37): CodeIgniter\CodeIgniter->run()
#5 C:\xampp\htdocs\cig4\system\Commands\Server\rewrite.php(43): require_once('C:\\xampp\\htdocs...')
#6 {main}
CRITICAL - 2021-12-03 02:55:26 --> Undefined array key "username"
#0 C:\xampp\htdocs\cig4\app\Views\auth\homepage.php(38): CodeIgniter\Debug\Exceptions->errorHandler(2, 'Undefined array...', 'C:\\xampp\\htdocs...', 38)
#1 C:\xampp\htdocs\cig4\system\View\View.php(214): include('C:\\xampp\\htdocs...')
#2 C:\xampp\htdocs\cig4\system\View\View.php(217): CodeIgniter\View\View->CodeIgniter\View\{closure}()
#3 C:\xampp\htdocs\cig4\system\Common.php(1097): CodeIgniter\View\View->render('auth/homepage.p...', Array, true)
#4 C:\xampp\htdocs\cig4\app\Controllers\dashboard.php(17): view('auth/homepage.p...', Array)
#5 C:\xampp\htdocs\cig4\system\CodeIgniter.php(824): App\Controllers\Dashboard->index()
#6 C:\xampp\htdocs\cig4\system\CodeIgniter.php(410): CodeIgniter\CodeIgniter->runController(Object(App\Controllers\Dashboard))
#7 C:\xampp\htdocs\cig4\system\CodeIgniter.php(318): CodeIgniter\CodeIgniter->handleRequest(NULL, Object(Config\Cache), false)
#8 C:\xampp\htdocs\cig4\public\index.php(37): CodeIgniter\CodeIgniter->run()
#9 C:\xampp\htdocs\cig4\system\Commands\Server\rewrite.php(43): require_once('C:\\xampp\\htdocs...')
#10 {main}
CRITICAL - 2021-12-03 02:56:25 --> Undefined array key "username"
#0 C:\xampp\htdocs\cig4\app\Views\auth\homepage.php(38): CodeIgniter\Debug\Exceptions->errorHandler(2, 'Undefined array...', 'C:\\xampp\\htdocs...', 38)
#1 C:\xampp\htdocs\cig4\system\View\View.php(214): include('C:\\xampp\\htdocs...')
#2 C:\xampp\htdocs\cig4\system\View\View.php(217): CodeIgniter\View\View->CodeIgniter\View\{closure}()
#3 C:\xampp\htdocs\cig4\system\Common.php(1097): CodeIgniter\View\View->render('auth/homepage.p...', Array, true)
#4 C:\xampp\htdocs\cig4\app\Controllers\dashboard.php(17): view('auth/homepage.p...', Array)
#5 C:\xampp\htdocs\cig4\system\CodeIgniter.php(824): App\Controllers\Dashboard->index()
#6 C:\xampp\htdocs\cig4\system\CodeIgniter.php(410): CodeIgniter\CodeIgniter->runController(Object(App\Controllers\Dashboard))
#7 C:\xampp\htdocs\cig4\system\CodeIgniter.php(318): CodeIgniter\CodeIgniter->handleRequest(NULL, Object(Config\Cache), false)
#8 C:\xampp\htdocs\cig4\public\index.php(37): CodeIgniter\CodeIgniter->run()
#9 C:\xampp\htdocs\cig4\system\Commands\Server\rewrite.php(43): require_once('C:\\xampp\\htdocs...')
#10 {main}
CRITICAL - 2021-12-03 03:00:48 --> Call to undefined method CodeIgniter\Session\Session::getflashed()
#0 C:\xampp\htdocs\cig4\system\View\View.php(214): include()
#1 C:\xampp\htdocs\cig4\system\View\View.php(217): CodeIgniter\View\View->CodeIgniter\View\{closure}()
#2 C:\xampp\htdocs\cig4\system\Common.php(1097): CodeIgniter\View\View->render('auth/register.p...', Array, true)
#3 C:\xampp\htdocs\cig4\app\Controllers\Auth.php(28): view('auth/register.p...')
#4 C:\xampp\htdocs\cig4\system\CodeIgniter.php(824): App\Controllers\Auth->register()
#5 C:\xampp\htdocs\cig4\system\CodeIgniter.php(410): CodeIgniter\CodeIgniter->runController(Object(App\Controllers\Auth))
#6 C:\xampp\htdocs\cig4\system\CodeIgniter.php(318): CodeIgniter\CodeIgniter->handleRequest(NULL, Object(Config\Cache), false)
#7 C:\xampp\htdocs\cig4\public\index.php(37): CodeIgniter\CodeIgniter->run()
#8 C:\xampp\htdocs\cig4\system\Commands\Server\rewrite.php(43): require_once('C:\\xampp\\htdocs...')
#9 {main}
CRITICAL - 2021-12-03 03:04:11 --> Call to undefined method CodeIgniter\Session\Session::getflashed()
#0 C:\xampp\htdocs\cig4\system\View\View.php(214): include()
#1 C:\xampp\htdocs\cig4\system\View\View.php(217): CodeIgniter\View\View->CodeIgniter\View\{closure}()
#2 C:\xampp\htdocs\cig4\system\Common.php(1097): CodeIgniter\View\View->render('auth/register.p...', Array, true)
#3 C:\xampp\htdocs\cig4\app\Controllers\Auth.php(28): view('auth/register.p...')
#4 C:\xampp\htdocs\cig4\system\CodeIgniter.php(824): App\Controllers\Auth->register()
#5 C:\xampp\htdocs\cig4\system\CodeIgniter.php(410): CodeIgniter\CodeIgniter->runController(Object(App\Controllers\Auth))
#6 C:\xampp\htdocs\cig4\system\CodeIgniter.php(318): CodeIgniter\CodeIgniter->handleRequest(NULL, Object(Config\Cache), false)
#7 C:\xampp\htdocs\cig4\public\index.php(37): CodeIgniter\CodeIgniter->run()
#8 C:\xampp\htdocs\cig4\system\Commands\Server\rewrite.php(43): require_once('C:\\xampp\\htdocs...')
#9 {main}
CRITICAL - 2021-12-03 11:08:04 --> Undefined array key "username"
#0 C:\xampp\htdocs\cig4\app\Views\auth\homepage.php(38): CodeIgniter\Debug\Exceptions->errorHandler(2, 'Undefined array...', 'C:\\xampp\\htdocs...', 38)
#1 C:\xampp\htdocs\cig4\system\View\View.php(214): include('C:\\xampp\\htdocs...')
#2 C:\xampp\htdocs\cig4\system\View\View.php(217): CodeIgniter\View\View->CodeIgniter\View\{closure}()
#3 C:\xampp\htdocs\cig4\system\Common.php(1097): CodeIgniter\View\View->render('auth/homepage.p...', Array, true)
#4 C:\xampp\htdocs\cig4\app\Controllers\dashboard.php(17): view('auth/homepage.p...', Array)
#5 C:\xampp\htdocs\cig4\system\CodeIgniter.php(824): App\Controllers\Dashboard->index()
#6 C:\xampp\htdocs\cig4\system\CodeIgniter.php(410): CodeIgniter\CodeIgniter->runController(Object(App\Controllers\Dashboard))
#7 C:\xampp\htdocs\cig4\system\CodeIgniter.php(318): CodeIgniter\CodeIgniter->handleRequest(NULL, Object(Config\Cache), false)
#8 C:\xampp\htdocs\cig4\public\index.php(37): CodeIgniter\CodeIgniter->run()
#9 C:\xampp\htdocs\cig4\system\Commands\Server\rewrite.php(43): require_once('C:\\xampp\\htdocs...')
#10 {main}
ERROR - 2021-12-03 15:06:06 --> Table 'e-commerce.personal_information' doesn't exist
CRITICAL - 2021-12-03 15:06:06 --> Table 'e-commerce.personal_information' doesn't exist
#0 C:\xampp\htdocs\cig4\system\Database\MySQLi\Connection.php(292): mysqli->query('SELECT 1\nFROM `...', 0)
#1 C:\xampp\htdocs\cig4\system\Database\BaseConnection.php(670): CodeIgniter\Database\MySQLi\Connection->execute('SELECT 1\nFROM `...')
#2 C:\xampp\htdocs\cig4\system\Database\BaseConnection.php(598): CodeIgniter\Database\BaseConnection->simpleQuery('SELECT 1\nFROM `...')
#3 C:\xampp\htdocs\cig4\system\Database\BaseBuilder.php(1443): CodeIgniter\Database\BaseConnection->query('SELECT 1\nFROM `...', Array, false)
#4 C:\xampp\htdocs\cig4\system\Validation\Rules.php(161): CodeIgniter\Database\BaseBuilder->get()
#5 C:\xampp\htdocs\cig4\system\Validation\Validation.php(277): CodeIgniter\Validation\Rules->is_unique('derricknyaga007...', 'email', Array, NULL)
#6 C:\xampp\htdocs\cig4\system\Validation\Validation.php(151): CodeIgniter\Validation\Validation->processRules('email', 'email', 'derricknyaga007...', Array, Array)
#7 C:\xampp\htdocs\cig4\system\Controller.php(160): CodeIgniter\Validation\Validation->run()
#8 C:\xampp\htdocs\cig4\app\Controllers\Auth.php(35): CodeIgniter\Controller->validate(Array)
#9 C:\xampp\htdocs\cig4\system\CodeIgniter.php(824): App\Controllers\Auth->processregister()
#10 C:\xampp\htdocs\cig4\system\CodeIgniter.php(410): CodeIgniter\CodeIgniter->runController(Object(App\Controllers\Auth))
#11 C:\xampp\htdocs\cig4\system\CodeIgniter.php(318): CodeIgniter\CodeIgniter->handleRequest(NULL, Object(Config\Cache), false)
#12 C:\xampp\htdocs\cig4\public\index.php(37): CodeIgniter\CodeIgniter->run()
#13 C:\xampp\htdocs\cig4\system\Commands\Server\rewrite.php(43): require_once('C:\\xampp\\htdocs...')
#14 {main}
ERROR - 2021-12-03 15:07:32 --> Table 'e-commerce.tbl_users' doesn't exist
CRITICAL - 2021-12-03 15:07:32 --> Table 'e-commerce.tbl_users' doesn't exist
#0 C:\xampp\htdocs\cig4\system\Database\MySQLi\Connection.php(292): mysqli->query('SELECT 1\nFROM `...', 0)
#1 C:\xampp\htdocs\cig4\system\Database\BaseConnection.php(670): CodeIgniter\Database\MySQLi\Connection->execute('SELECT 1\nFROM `...')
#2 C:\xampp\htdocs\cig4\system\Database\BaseConnection.php(598): CodeIgniter\Database\BaseConnection->simpleQuery('SELECT 1\nFROM `...')
#3 C:\xampp\htdocs\cig4\system\Database\BaseBuilder.php(1443): CodeIgniter\Database\BaseConnection->query('SELECT 1\nFROM `...', Array, false)
#4 C:\xampp\htdocs\cig4\system\Validation\Rules.php(161): CodeIgniter\Database\BaseBuilder->get()
#5 C:\xampp\htdocs\cig4\system\Validation\Validation.php(277): CodeIgniter\Validation\Rules->is_unique('derricknyaga007...', 'email', Array, NULL)
#6 C:\xampp\htdocs\cig4\system\Validation\Validation.php(151): CodeIgniter\Validation\Validation->processRules('email', 'email', 'derricknyaga007...', Array, Array)
#7 C:\xampp\htdocs\cig4\system\Controller.php(160): CodeIgniter\Validation\Validation->run()
#8 C:\xampp\htdocs\cig4\app\Controllers\Auth.php(35): CodeIgniter\Controller->validate(Array)
#9 C:\xampp\htdocs\cig4\system\CodeIgniter.php(824): App\Controllers\Auth->processregister()
#10 C:\xampp\htdocs\cig4\system\CodeIgniter.php(410): CodeIgniter\CodeIgniter->runController(Object(App\Controllers\Auth))
#11 C:\xampp\htdocs\cig4\system\CodeIgniter.php(318): CodeIgniter\CodeIgniter->handleRequest(NULL, Object(Config\Cache), false)
#12 C:\xampp\htdocs\cig4\public\index.php(37): CodeIgniter\CodeIgniter->run()
#13 C:\xampp\htdocs\cig4\system\Commands\Server\rewrite.php(43): require_once('C:\\xampp\\htdocs...')
#14 {main}
ERROR - 2021-12-03 15:10:31 --> Table 'e-commerce.tbl_users' doesn't exist
CRITICAL - 2021-12-03 15:10:31 --> Table 'e-commerce.tbl_users' doesn't exist
#0 C:\xampp\htdocs\cig4\system\Database\MySQLi\Connection.php(292): mysqli->query('INSERT INTO `tb...', 0)
#1 C:\xampp\htdocs\cig4\system\Database\BaseConnection.php(670): CodeIgniter\Database\MySQLi\Connection->execute('INSERT INTO `tb...')
#2 C:\xampp\htdocs\cig4\system\Database\BaseConnection.php(598): CodeIgniter\Database\BaseConnection->simpleQuery('INSERT INTO `tb...')
#3 C:\xampp\htdocs\cig4\system\Database\BaseBuilder.php(1759): CodeIgniter\Database\BaseConnection->query('INSERT INTO `tb...', Array, false)
#4 C:\xampp\htdocs\cig4\system\Model.php(239): CodeIgniter\Database\BaseBuilder->insert()
#5 C:\xampp\htdocs\cig4\system\BaseModel.php(738): CodeIgniter\Model->doInsert(Array)
#6 C:\xampp\htdocs\cig4\system\Model.php(620): CodeIgniter\BaseModel->insert(Array, true)
#7 C:\xampp\htdocs\cig4\app\Controllers\Auth.php(66): CodeIgniter\Model->insert(Array)
#8 C:\xampp\htdocs\cig4\system\CodeIgniter.php(824): App\Controllers\Auth->processregister()
#9 C:\xampp\htdocs\cig4\system\CodeIgniter.php(410): CodeIgniter\CodeIgniter->runController(Object(App\Controllers\Auth))
#10 C:\xampp\htdocs\cig4\system\CodeIgniter.php(318): CodeIgniter\CodeIgniter->handleRequest(NULL, Object(Config\Cache), false)
#11 C:\xampp\htdocs\cig4\public\index.php(37): CodeIgniter\CodeIgniter->run()
#12 C:\xampp\htdocs\cig4\system\Commands\Server\rewrite.php(43): require_once('C:\\xampp\\htdocs...')
#13 {main}
ERROR - 2021-12-03 15:10:36 --> Table 'e-commerce.tbl_users' doesn't exist
CRITICAL - 2021-12-03 15:10:36 --> Table 'e-commerce.tbl_users' doesn't exist
#0 C:\xampp\htdocs\cig4\system\Database\MySQLi\Connection.php(292): mysqli->query('INSERT INTO `tb...', 0)
#1 C:\xampp\htdocs\cig4\system\Database\BaseConnection.php(670): CodeIgniter\Database\MySQLi\Connection->execute('INSERT INTO `tb...')
#2 C:\xampp\htdocs\cig4\system\Database\BaseConnection.php(598): CodeIgniter\Database\BaseConnection->simpleQuery('INSERT INTO `tb...')
#3 C:\xampp\htdocs\cig4\system\Database\BaseBuilder.php(1759): CodeIgniter\Database\BaseConnection->query('INSERT INTO `tb...', Array, false)
#4 C:\xampp\htdocs\cig4\system\Model.php(239): CodeIgniter\Database\BaseBuilder->insert()
#5 C:\xampp\htdocs\cig4\system\BaseModel.php(738): CodeIgniter\Model->doInsert(Array)
#6 C:\xampp\htdocs\cig4\system\Model.php(620): CodeIgniter\BaseModel->insert(Array, true)
#7 C:\xampp\htdocs\cig4\app\Controllers\Auth.php(66): CodeIgniter\Model->insert(Array)
#8 C:\xampp\htdocs\cig4\system\CodeIgniter.php(824): App\Controllers\Auth->processregister()
#9 C:\xampp\htdocs\cig4\system\CodeIgniter.php(410): CodeIgniter\CodeIgniter->runController(Object(App\Controllers\Auth))
#10 C:\xampp\htdocs\cig4\system\CodeIgniter.php(318): CodeIgniter\CodeIgniter->handleRequest(NULL, Object(Config\Cache), false)
#11 C:\xampp\htdocs\cig4\public\index.php(37): CodeIgniter\CodeIgniter->run()
#12 C:\xampp\htdocs\cig4\system\Commands\Server\rewrite.php(43): require_once('C:\\xampp\\htdocs...')
#13 {main}
ERROR - 2021-12-03 15:24:03 --> Cannot add or update a child row: a foreign key constraint fails (`e-commerce`.`tbl_user`, CONSTRAINT `fk_roleid` FOREIGN KEY (`user_role`) REFERENCES `user_role` (`role_id`))
CRITICAL - 2021-12-03 15:24:03 --> Cannot add or update a child row: a foreign key constraint fails (`e-commerce`.`tbl_user`, CONSTRAINT `fk_roleid` FOREIGN KEY (`user_role`) REFERENCES `user_role` (`role_id`))
#0 C:\xampp\htdocs\cig4\system\Database\MySQLi\Connection.php(292): mysqli->query('INSERT INTO `tb...', 0)
#1 C:\xampp\htdocs\cig4\system\Database\BaseConnection.php(670): CodeIgniter\Database\MySQLi\Connection->execute('INSERT INTO `tb...')
#2 C:\xampp\htdocs\cig4\system\Database\BaseConnection.php(598): CodeIgniter\Database\BaseConnection->simpleQuery('INSERT INTO `tb...')
#3 C:\xampp\htdocs\cig4\system\Database\BaseBuilder.php(1759): CodeIgniter\Database\BaseConnection->query('INSERT INTO `tb...', Array, false)
#4 C:\xampp\htdocs\cig4\system\Model.php(239): CodeIgniter\Database\BaseBuilder->insert()
#5 C:\xampp\htdocs\cig4\system\BaseModel.php(738): CodeIgniter\Model->doInsert(Array)
#6 C:\xampp\htdocs\cig4\system\Model.php(620): CodeIgniter\BaseModel->insert(Array, true)
#7 C:\xampp\htdocs\cig4\app\Controllers\Auth.php(66): CodeIgniter\Model->insert(Array)
#8 C:\xampp\htdocs\cig4\system\CodeIgniter.php(824): App\Controllers\Auth->processregister()
#9 C:\xampp\htdocs\cig4\system\CodeIgniter.php(410): CodeIgniter\CodeIgniter->runController(Object(App\Controllers\Auth))
#10 C:\xampp\htdocs\cig4\system\CodeIgniter.php(318): CodeIgniter\CodeIgniter->handleRequest(NULL, Object(Config\Cache), false)
#11 C:\xampp\htdocs\cig4\public\index.php(37): CodeIgniter\CodeIgniter->run()
#12 C:\xampp\htdocs\cig4\system\Commands\Server\rewrite.php(43): require_once('C:\\xampp\\htdocs...')
#13 {main}
ERROR - 2021-12-03 15:33:09 --> Cannot add or update a child row: a foreign key constraint fails (`e-commerce`.`tbl_user`, CONSTRAINT `fk_roleid` FOREIGN KEY (`user_role`) REFERENCES `user_role` (`role_id`) ON DELETE CASCADE ON UPDATE CASCADE)
CRITICAL - 2021-12-03 15:33:09 --> Cannot add or update a child row: a foreign key constraint fails (`e-commerce`.`tbl_user`, CONSTRAINT `fk_roleid` FOREIGN KEY (`user_role`) REFERENCES `user_role` (`role_id`) ON DELETE CASCADE ON UPDATE CASCADE)
#0 C:\xampp\htdocs\cig4\system\Database\MySQLi\Connection.php(292): mysqli->query('INSERT INTO `tb...', 0)
#1 C:\xampp\htdocs\cig4\system\Database\BaseConnection.php(670): CodeIgniter\Database\MySQLi\Connection->execute('INSERT INTO `tb...')
#2 C:\xampp\htdocs\cig4\system\Database\BaseConnection.php(598): CodeIgniter\Database\BaseConnection->simpleQuery('INSERT INTO `tb...')
#3 C:\xampp\htdocs\cig4\system\Database\BaseBuilder.php(1759): CodeIgniter\Database\BaseConnection->query('INSERT INTO `tb...', Array, false)
#4 C:\xampp\htdocs\cig4\system\Model.php(239): CodeIgniter\Database\BaseBuilder->insert()
#5 C:\xampp\htdocs\cig4\system\BaseModel.php(738): CodeIgniter\Model->doInsert(Array)
#6 C:\xampp\htdocs\cig4\system\Model.php(620): CodeIgniter\BaseModel->insert(Array, true)
#7 C:\xampp\htdocs\cig4\app\Controllers\Auth.php(66): CodeIgniter\Model->insert(Array)
#8 C:\xampp\htdocs\cig4\system\CodeIgniter.php(824): App\Controllers\Auth->processregister()
#9 C:\xampp\htdocs\cig4\system\CodeIgniter.php(410): CodeIgniter\CodeIgniter->runController(Object(App\Controllers\Auth))
#10 C:\xampp\htdocs\cig4\system\CodeIgniter.php(318): CodeIgniter\CodeIgniter->handleRequest(NULL, Object(Config\Cache), false)
#11 C:\xampp\htdocs\cig4\public\index.php(37): CodeIgniter\CodeIgniter->run()
#12 C:\xampp\htdocs\cig4\system\Commands\Server\rewrite.php(43): require_once('C:\\xampp\\htdocs...')
#13 {main}
ERROR - 2021-12-03 15:33:50 --> Cannot add or update a child row: a foreign key constraint fails (`e-commerce`.`tbl_user`, CONSTRAINT `fk_roleid` FOREIGN KEY (`user_role`) REFERENCES `user_role` (`role_id`) ON DELETE CASCADE ON UPDATE CASCADE)
CRITICAL - 2021-12-03 15:33:50 --> Cannot add or update a child row: a foreign key constraint fails (`e-commerce`.`tbl_user`, CONSTRAINT `fk_roleid` FOREIGN KEY (`user_role`) REFERENCES `user_role` (`role_id`) ON DELETE CASCADE ON UPDATE CASCADE)
#0 C:\xampp\htdocs\cig4\system\Database\MySQLi\Connection.php(292): mysqli->query('INSERT INTO `tb...', 0)
#1 C:\xampp\htdocs\cig4\system\Database\BaseConnection.php(670): CodeIgniter\Database\MySQLi\Connection->execute('INSERT INTO `tb...')
#2 C:\xampp\htdocs\cig4\system\Database\BaseConnection.php(598): CodeIgniter\Database\BaseConnection->simpleQuery('INSERT INTO `tb...')
#3 C:\xampp\htdocs\cig4\system\Database\BaseBuilder.php(1759): CodeIgniter\Database\BaseConnection->query('INSERT INTO `tb...', Array, false)
#4 C:\xampp\htdocs\cig4\system\Model.php(239): CodeIgniter\Database\BaseBuilder->insert()
#5 C:\xampp\htdocs\cig4\system\BaseModel.php(738): CodeIgniter\Model->doInsert(Array)
#6 C:\xampp\htdocs\cig4\system\Model.php(620): CodeIgniter\BaseModel->insert(Array, true)
#7 C:\xampp\htdocs\cig4\app\Controllers\Auth.php(66): CodeIgniter\Model->insert(Array)
#8 C:\xampp\htdocs\cig4\system\CodeIgniter.php(824): App\Controllers\Auth->processregister()
#9 C:\xampp\htdocs\cig4\system\CodeIgniter.php(410): CodeIgniter\CodeIgniter->runController(Object(App\Controllers\Auth))
#10 C:\xampp\htdocs\cig4\system\CodeIgniter.php(318): CodeIgniter\CodeIgniter->handleRequest(NULL, Object(Config\Cache), false)
#11 C:\xampp\htdocs\cig4\public\index.php(37): CodeIgniter\CodeIgniter->run()
#12 C:\xampp\htdocs\cig4\system\Commands\Server\rewrite.php(43): require_once('C:\\xampp\\htdocs...')
#13 {main}
ERROR - 2021-12-03 15:43:23 --> Cannot add or update a child row: a foreign key constraint fails (`e-commerce`.`tbl_user`, CONSTRAINT `fk_roleid` FOREIGN KEY (`role_id`) REFERENCES `user_role` (`role_id`) ON DELETE CASCADE ON UPDATE CASCADE)
CRITICAL - 2021-12-03 15:43:23 --> Cannot add or update a child row: a foreign key constraint fails (`e-commerce`.`tbl_user`, CONSTRAINT `fk_roleid` FOREIGN KEY (`role_id`) REFERENCES `user_role` (`role_id`) ON DELETE CASCADE ON UPDATE CASCADE)
#0 C:\xampp\htdocs\cig4\system\Database\MySQLi\Connection.php(292): mysqli->query('INSERT INTO `tb...', 0)
#1 C:\xampp\htdocs\cig4\system\Database\BaseConnection.php(670): CodeIgniter\Database\MySQLi\Connection->execute('INSERT INTO `tb...')
#2 C:\xampp\htdocs\cig4\system\Database\BaseConnection.php(598): CodeIgniter\Database\BaseConnection->simpleQuery('INSERT INTO `tb...')
#3 C:\xampp\htdocs\cig4\system\Database\BaseBuilder.php(1759): CodeIgniter\Database\BaseConnection->query('INSERT INTO `tb...', Array, false)
#4 C:\xampp\htdocs\cig4\system\Model.php(239): CodeIgniter\Database\BaseBuilder->insert()
#5 C:\xampp\htdocs\cig4\system\BaseModel.php(738): CodeIgniter\Model->doInsert(Array)
#6 C:\xampp\htdocs\cig4\system\Model.php(620): CodeIgniter\BaseModel->insert(Array, true)
#7 C:\xampp\htdocs\cig4\app\Controllers\Auth.php(66): CodeIgniter\Model->insert(Array)
#8 C:\xampp\htdocs\cig4\system\CodeIgniter.php(824): App\Controllers\Auth->processregister()
#9 C:\xampp\htdocs\cig4\system\CodeIgniter.php(410): CodeIgniter\CodeIgniter->runController(Object(App\Controllers\Auth))
#10 C:\xampp\htdocs\cig4\system\CodeIgniter.php(318): CodeIgniter\CodeIgniter->handleRequest(NULL, Object(Config\Cache), false)
#11 C:\xampp\htdocs\cig4\public\index.php(37): CodeIgniter\CodeIgniter->run()
#12 C:\xampp\htdocs\cig4\system\Commands\Server\rewrite.php(43): require_once('C:\\xampp\\htdocs...')
#13 {main}
ERROR - 2021-12-03 15:51:10 --> Cannot add or update a child row: a foreign key constraint fails (`e-commerce`.`tbl_user`, CONSTRAINT `fk_roleid` FOREIGN KEY (`role_id`) REFERENCES `user_role` (`role_id`) ON DELETE CASCADE ON UPDATE CASCADE)
CRITICAL - 2021-12-03 15:51:10 --> Cannot add or update a child row: a foreign key constraint fails (`e-commerce`.`tbl_user`, CONSTRAINT `fk_roleid` FOREIGN KEY (`role_id`) REFERENCES `user_role` (`role_id`) ON DELETE CASCADE ON UPDATE CASCADE)
#0 C:\xampp\htdocs\cig4\system\Database\MySQLi\Connection.php(292): mysqli->query('INSERT INTO `tb...', 0)
#1 C:\xampp\htdocs\cig4\system\Database\BaseConnection.php(670): CodeIgniter\Database\MySQLi\Connection->execute('INSERT INTO `tb...')
#2 C:\xampp\htdocs\cig4\system\Database\BaseConnection.php(598): CodeIgniter\Database\BaseConnection->simpleQuery('INSERT INTO `tb...')
#3 C:\xampp\htdocs\cig4\system\Database\BaseBuilder.php(1759): CodeIgniter\Database\BaseConnection->query('INSERT INTO `tb...', Array, false)
#4 C:\xampp\htdocs\cig4\system\Model.php(239): CodeIgniter\Database\BaseBuilder->insert()
#5 C:\xampp\htdocs\cig4\system\BaseModel.php(738): CodeIgniter\Model->doInsert(Array)
#6 C:\xampp\htdocs\cig4\system\Model.php(620): CodeIgniter\BaseModel->insert(Array, true)
#7 C:\xampp\htdocs\cig4\app\Controllers\Auth.php(66): CodeIgniter\Model->insert(Array)
#8 C:\xampp\htdocs\cig4\system\CodeIgniter.php(824): App\Controllers\Auth->processregister()
#9 C:\xampp\htdocs\cig4\system\CodeIgniter.php(410): CodeIgniter\CodeIgniter->runController(Object(App\Controllers\Auth))
#10 C:\xampp\htdocs\cig4\system\CodeIgniter.php(318): CodeIgniter\CodeIgniter->handleRequest(NULL, Object(Config\Cache), false)
#11 C:\xampp\htdocs\cig4\public\index.php(37): CodeIgniter\CodeIgniter->run()
#12 C:\xampp\htdocs\cig4\system\Commands\Server\rewrite.php(43): require_once('C:\\xampp\\htdocs...')
#13 {main}
ERROR - 2021-12-03 15:51:14 --> Cannot add or update a child row: a foreign key constraint fails (`e-commerce`.`tbl_user`, CONSTRAINT `fk_roleid` FOREIGN KEY (`role_id`) REFERENCES `user_role` (`role_id`) ON DELETE CASCADE ON UPDATE CASCADE)
CRITICAL - 2021-12-03 15:51:14 --> Cannot add or update a child row: a foreign key constraint fails (`e-commerce`.`tbl_user`, CONSTRAINT `fk_roleid` FOREIGN KEY (`role_id`) REFERENCES `user_role` (`role_id`) ON DELETE CASCADE ON UPDATE CASCADE)
#0 C:\xampp\htdocs\cig4\system\Database\MySQLi\Connection.php(292): mysqli->query('INSERT INTO `tb...', 0)
#1 C:\xampp\htdocs\cig4\system\Database\BaseConnection.php(670): CodeIgniter\Database\MySQLi\Connection->execute('INSERT INTO `tb...')
#2 C:\xampp\htdocs\cig4\system\Database\BaseConnection.php(598): CodeIgniter\Database\BaseConnection->simpleQuery('INSERT INTO `tb...')
#3 C:\xampp\htdocs\cig4\system\Database\BaseBuilder.php(1759): CodeIgniter\Database\BaseConnection->query('INSERT INTO `tb...', Array, false)
#4 C:\xampp\htdocs\cig4\system\Model.php(239): CodeIgniter\Database\BaseBuilder->insert()
#5 C:\xampp\htdocs\cig4\system\BaseModel.php(738): CodeIgniter\Model->doInsert(Array)
#6 C:\xampp\htdocs\cig4\system\Model.php(620): CodeIgniter\BaseModel->insert(Array, true)
#7 C:\xampp\htdocs\cig4\app\Controllers\Auth.php(66): CodeIgniter\Model->insert(Array)
#8 C:\xampp\htdocs\cig4\system\CodeIgniter.php(824): App\Controllers\Auth->processregister()
#9 C:\xampp\htdocs\cig4\system\CodeIgniter.php(410): CodeIgniter\CodeIgniter->runController(Object(App\Controllers\Auth))
#10 C:\xampp\htdocs\cig4\system\CodeIgniter.php(318): CodeIgniter\CodeIgniter->handleRequest(NULL, Object(Config\Cache), false)
#11 C:\xampp\htdocs\cig4\public\index.php(37): CodeIgniter\CodeIgniter->run()
#12 C:\xampp\htdocs\cig4\system\Commands\Server\rewrite.php(43): require_once('C:\\xampp\\htdocs...')
#13 {main}
ERROR - 2021-12-03 15:51:42 --> Cannot add or update a child row: a foreign key constraint fails (`e-commerce`.`tbl_user`, CONSTRAINT `fk_roleid` FOREIGN KEY (`role_id`) REFERENCES `user_role` (`role_id`) ON DELETE CASCADE ON UPDATE CASCADE)
CRITICAL - 2021-12-03 15:51:42 --> Cannot add or update a child row: a foreign key constraint fails (`e-commerce`.`tbl_user`, CONSTRAINT `fk_roleid` FOREIGN KEY (`role_id`) REFERENCES `user_role` (`role_id`) ON DELETE CASCADE ON UPDATE CASCADE)
#0 C:\xampp\htdocs\cig4\system\Database\MySQLi\Connection.php(292): mysqli->query('INSERT INTO `tb...', 0)
#1 C:\xampp\htdocs\cig4\system\Database\BaseConnection.php(670): CodeIgniter\Database\MySQLi\Connection->execute('INSERT INTO `tb...')
#2 C:\xampp\htdocs\cig4\system\Database\BaseConnection.php(598): CodeIgniter\Database\BaseConnection->simpleQuery('INSERT INTO `tb...')
#3 C:\xampp\htdocs\cig4\system\Database\BaseBuilder.php(1759): CodeIgniter\Database\BaseConnection->query('INSERT INTO `tb...', Array, false)
#4 C:\xampp\htdocs\cig4\system\Model.php(239): CodeIgniter\Database\BaseBuilder->insert()
#5 C:\xampp\htdocs\cig4\system\BaseModel.php(738): CodeIgniter\Model->doInsert(Array)
#6 C:\xampp\htdocs\cig4\system\Model.php(620): CodeIgniter\BaseModel->insert(Array, true)
#7 C:\xampp\htdocs\cig4\app\Controllers\Auth.php(66): CodeIgniter\Model->insert(Array)
#8 C:\xampp\htdocs\cig4\system\CodeIgniter.php(824): App\Controllers\Auth->processregister()
#9 C:\xampp\htdocs\cig4\system\CodeIgniter.php(410): CodeIgniter\CodeIgniter->runController(Object(App\Controllers\Auth))
#10 C:\xampp\htdocs\cig4\system\CodeIgniter.php(318): CodeIgniter\CodeIgniter->handleRequest(NULL, Object(Config\Cache), false)
#11 C:\xampp\htdocs\cig4\public\index.php(37): CodeIgniter\CodeIgniter->run()
#12 C:\xampp\htdocs\cig4\system\Commands\Server\rewrite.php(43): require_once('C:\\xampp\\htdocs...')
#13 {main}
ERROR - 2021-12-03 15:52:03 --> Cannot add or update a child row: a foreign key constraint fails (`e-commerce`.`tbl_user`, CONSTRAINT `fk_roleid` FOREIGN KEY (`role_id`) REFERENCES `user_role` (`role_id`) ON DELETE CASCADE ON UPDATE CASCADE)
CRITICAL - 2021-12-03 15:52:03 --> Cannot add or update a child row: a foreign key constraint fails (`e-commerce`.`tbl_user`, CONSTRAINT `fk_roleid` FOREIGN KEY (`role_id`) REFERENCES `user_role` (`role_id`) ON DELETE CASCADE ON UPDATE CASCADE)
#0 C:\xampp\htdocs\cig4\system\Database\MySQLi\Connection.php(292): mysqli->query('INSERT INTO `tb...', 0)
#1 C:\xampp\htdocs\cig4\system\Database\BaseConnection.php(670): CodeIgniter\Database\MySQLi\Connection->execute('INSERT INTO `tb...')
#2 C:\xampp\htdocs\cig4\system\Database\BaseConnection.php(598): CodeIgniter\Database\BaseConnection->simpleQuery('INSERT INTO `tb...')
#3 C:\xampp\htdocs\cig4\system\Database\BaseBuilder.php(1759): CodeIgniter\Database\BaseConnection->query('INSERT INTO `tb...', Array, false)
#4 C:\xampp\htdocs\cig4\system\Model.php(239): CodeIgniter\Database\BaseBuilder->insert()
#5 C:\xampp\htdocs\cig4\system\BaseModel.php(738): CodeIgniter\Model->doInsert(Array)
#6 C:\xampp\htdocs\cig4\system\Model.php(620): CodeIgniter\BaseModel->insert(Array, true)
#7 C:\xampp\htdocs\cig4\app\Controllers\Auth.php(66): CodeIgniter\Model->insert(Array)
#8 C:\xampp\htdocs\cig4\system\CodeIgniter.php(824): App\Controllers\Auth->processregister()
#9 C:\xampp\htdocs\cig4\system\CodeIgniter.php(410): CodeIgniter\CodeIgniter->runController(Object(App\Controllers\Auth))
#10 C:\xampp\htdocs\cig4\system\CodeIgniter.php(318): CodeIgniter\CodeIgniter->handleRequest(NULL, Object(Config\Cache), false)
#11 C:\xampp\htdocs\cig4\public\index.php(37): CodeIgniter\CodeIgniter->run()
#12 C:\xampp\htdocs\cig4\system\Commands\Server\rewrite.php(43): require_once('C:\\xampp\\htdocs...')
#13 {main}
ERROR - 2021-12-03 15:53:39 --> Cannot add or update a child row: a foreign key constraint fails (`e-commerce`.`tbl_user`, CONSTRAINT `fk_roleid` FOREIGN KEY (`role_id`) REFERENCES `user_role` (`role_id`) ON DELETE CASCADE ON UPDATE CASCADE)
CRITICAL - 2021-12-03 15:53:39 --> Cannot add or update a child row: a foreign key constraint fails (`e-commerce`.`tbl_user`, CONSTRAINT `fk_roleid` FOREIGN KEY (`role_id`) REFERENCES `user_role` (`role_id`) ON DELETE CASCADE ON UPDATE CASCADE)
#0 C:\xampp\htdocs\cig4\system\Database\MySQLi\Connection.php(292): mysqli->query('INSERT INTO `tb...', 0)
#1 C:\xampp\htdocs\cig4\system\Database\BaseConnection.php(670): CodeIgniter\Database\MySQLi\Connection->execute('INSERT INTO `tb...')
#2 C:\xampp\htdocs\cig4\system\Database\BaseConnection.php(598): CodeIgniter\Database\BaseConnection->simpleQuery('INSERT INTO `tb...')
#3 C:\xampp\htdocs\cig4\system\Database\BaseBuilder.php(1759): CodeIgniter\Database\BaseConnection->query('INSERT INTO `tb...', Array, false)
#4 C:\xampp\htdocs\cig4\system\Model.php(239): CodeIgniter\Database\BaseBuilder->insert()
#5 C:\xampp\htdocs\cig4\system\BaseModel.php(738): CodeIgniter\Model->doInsert(Array)
#6 C:\xampp\htdocs\cig4\system\Model.php(620): CodeIgniter\BaseModel->insert(Array, true)
#7 C:\xampp\htdocs\cig4\app\Controllers\Auth.php(66): CodeIgniter\Model->insert(Array)
#8 C:\xampp\htdocs\cig4\system\CodeIgniter.php(824): App\Controllers\Auth->processregister()
#9 C:\xampp\htdocs\cig4\system\CodeIgniter.php(410): CodeIgniter\CodeIgniter->runController(Object(App\Controllers\Auth))
#10 C:\xampp\htdocs\cig4\system\CodeIgniter.php(318): CodeIgniter\CodeIgniter->handleRequest(NULL, Object(Config\Cache), false)
#11 C:\xampp\htdocs\cig4\public\index.php(37): CodeIgniter\CodeIgniter->run()
#12 C:\xampp\htdocs\cig4\system\Commands\Server\rewrite.php(43): require_once('C:\\xampp\\htdocs...')
#13 {main}
ERROR - 2021-12-03 15:53:56 --> Cannot add or update a child row: a foreign key constraint fails (`e-commerce`.`tbl_user`, CONSTRAINT `fk_roleid` FOREIGN KEY (`role_id`) REFERENCES `user_role` (`role_id`) ON DELETE CASCADE ON UPDATE CASCADE)
CRITICAL - 2021-12-03 15:53:56 --> Cannot add or update a child row: a foreign key constraint fails (`e-commerce`.`tbl_user`, CONSTRAINT `fk_roleid` FOREIGN KEY (`role_id`) REFERENCES `user_role` (`role_id`) ON DELETE CASCADE ON UPDATE CASCADE)
#0 C:\xampp\htdocs\cig4\system\Database\MySQLi\Connection.php(292): mysqli->query('INSERT INTO `tb...', 0)
#1 C:\xampp\htdocs\cig4\system\Database\BaseConnection.php(670): CodeIgniter\Database\MySQLi\Connection->execute('INSERT INTO `tb...')
#2 C:\xampp\htdocs\cig4\system\Database\BaseConnection.php(598): CodeIgniter\Database\BaseConnection->simpleQuery('INSERT INTO `tb...')
#3 C:\xampp\htdocs\cig4\system\Database\BaseBuilder.php(1759): CodeIgniter\Database\BaseConnection->query('INSERT INTO `tb...', Array, false)
#4 C:\xampp\htdocs\cig4\system\Model.php(239): CodeIgniter\Database\BaseBuilder->insert()
#5 C:\xampp\htdocs\cig4\system\BaseModel.php(738): CodeIgniter\Model->doInsert(Array)
#6 C:\xampp\htdocs\cig4\system\Model.php(620): CodeIgniter\BaseModel->insert(Array, true)
#7 C:\xampp\htdocs\cig4\app\Controllers\Auth.php(66): CodeIgniter\Model->insert(Array)
#8 C:\xampp\htdocs\cig4\system\CodeIgniter.php(824): App\Controllers\Auth->processregister()
#9 C:\xampp\htdocs\cig4\system\CodeIgniter.php(410): CodeIgniter\CodeIgniter->runController(Object(App\Controllers\Auth))
#10 C:\xampp\htdocs\cig4\system\CodeIgniter.php(318): CodeIgniter\CodeIgniter->handleRequest(NULL, Object(Config\Cache), false)
#11 C:\xampp\htdocs\cig4\public\index.php(37): CodeIgniter\CodeIgniter->run()
#12 C:\xampp\htdocs\cig4\system\Commands\Server\rewrite.php(43): require_once('C:\\xampp\\htdocs...')
#13 {main}
ERROR - 2021-12-03 15:54:07 --> Cannot add or update a child row: a foreign key constraint fails (`e-commerce`.`tbl_user`, CONSTRAINT `fk_roleid` FOREIGN KEY (`role_id`) REFERENCES `user_role` (`role_id`) ON DELETE CASCADE ON UPDATE CASCADE)
CRITICAL - 2021-12-03 15:54:07 --> Cannot add or update a child row: a foreign key constraint fails (`e-commerce`.`tbl_user`, CONSTRAINT `fk_roleid` FOREIGN KEY (`role_id`) REFERENCES `user_role` (`role_id`) ON DELETE CASCADE ON UPDATE CASCADE)
#0 C:\xampp\htdocs\cig4\system\Database\MySQLi\Connection.php(292): mysqli->query('INSERT INTO `tb...', 0)
#1 C:\xampp\htdocs\cig4\system\Database\BaseConnection.php(670): CodeIgniter\Database\MySQLi\Connection->execute('INSERT INTO `tb...')
#2 C:\xampp\htdocs\cig4\system\Database\BaseConnection.php(598): CodeIgniter\Database\BaseConnection->simpleQuery('INSERT INTO `tb...')
#3 C:\xampp\htdocs\cig4\system\Database\BaseBuilder.php(1759): CodeIgniter\Database\BaseConnection->query('INSERT INTO `tb...', Array, false)
#4 C:\xampp\htdocs\cig4\system\Model.php(239): CodeIgniter\Database\BaseBuilder->insert()
#5 C:\xampp\htdocs\cig4\system\BaseModel.php(738): CodeIgniter\Model->doInsert(Array)
#6 C:\xampp\htdocs\cig4\system\Model.php(620): CodeIgniter\BaseModel->insert(Array, true)
#7 C:\xampp\htdocs\cig4\app\Controllers\Auth.php(66): CodeIgniter\Model->insert(Array)
#8 C:\xampp\htdocs\cig4\system\CodeIgniter.php(824): App\Controllers\Auth->processregister()
#9 C:\xampp\htdocs\cig4\system\CodeIgniter.php(410): CodeIgniter\CodeIgniter->runController(Object(App\Controllers\Auth))
#10 C:\xampp\htdocs\cig4\system\CodeIgniter.php(318): CodeIgniter\CodeIgniter->handleRequest(NULL, Object(Config\Cache), false)
#11 C:\xampp\htdocs\cig4\public\index.php(37): CodeIgniter\CodeIgniter->run()
#12 C:\xampp\htdocs\cig4\system\Commands\Server\rewrite.php(43): require_once('C:\\xampp\\htdocs...')
#13 {main}
ERROR - 2021-12-03 15:55:07 --> Cannot add or update a child row: a foreign key constraint fails (`e-commerce`.`tbl_user`, CONSTRAINT `fk_roleid` FOREIGN KEY (`role_id`) REFERENCES `user_role` (`role_id`) ON DELETE CASCADE ON UPDATE CASCADE)
CRITICAL - 2021-12-03 15:55:07 --> Cannot add or update a child row: a foreign key constraint fails (`e-commerce`.`tbl_user`, CONSTRAINT `fk_roleid` FOREIGN KEY (`role_id`) REFERENCES `user_role` (`role_id`) ON DELETE CASCADE ON UPDATE CASCADE)
#0 C:\xampp\htdocs\cig4\system\Database\MySQLi\Connection.php(292): mysqli->query('INSERT INTO `tb...', 0)
#1 C:\xampp\htdocs\cig4\system\Database\BaseConnection.php(670): CodeIgniter\Database\MySQLi\Connection->execute('INSERT INTO `tb...')
#2 C:\xampp\htdocs\cig4\system\Database\BaseConnection.php(598): CodeIgniter\Database\BaseConnection->simpleQuery('INSERT INTO `tb...')
#3 C:\xampp\htdocs\cig4\system\Database\BaseBuilder.php(1759): CodeIgniter\Database\BaseConnection->query('INSERT INTO `tb...', Array, false)
#4 C:\xampp\htdocs\cig4\system\Model.php(239): CodeIgniter\Database\BaseBuilder->insert()
#5 C:\xampp\htdocs\cig4\system\BaseModel.php(738): CodeIgniter\Model->doInsert(Array)
#6 C:\xampp\htdocs\cig4\system\Model.php(620): CodeIgniter\BaseModel->insert(Array, true)
#7 C:\xampp\htdocs\cig4\app\Controllers\Auth.php(66): CodeIgniter\Model->insert(Array)
#8 C:\xampp\htdocs\cig4\system\CodeIgniter.php(824): App\Controllers\Auth->processregister()
#9 C:\xampp\htdocs\cig4\system\CodeIgniter.php(410): CodeIgniter\CodeIgniter->runController(Object(App\Controllers\Auth))
#10 C:\xampp\htdocs\cig4\system\CodeIgniter.php(318): CodeIgniter\CodeIgniter->handleRequest(NULL, Object(Config\Cache), false)
#11 C:\xampp\htdocs\cig4\public\index.php(37): CodeIgniter\CodeIgniter->run()
#12 C:\xampp\htdocs\cig4\system\Commands\Server\rewrite.php(43): require_once('C:\\xampp\\htdocs...')
#13 {main}
ERROR - 2021-12-03 16:03:32 --> Cannot add or update a child row: a foreign key constraint fails (`ecommerce`.`personal_information`, CONSTRAINT `personal_information_ibfk_1` FOREIGN KEY (`role_id`) REFERENCES `user_role` (`role_id`) ON DELETE CASCADE ON UPDATE CASCADE)
CRITICAL - 2021-12-03 16:03:32 --> Cannot add or update a child row: a foreign key constraint fails (`ecommerce`.`personal_information`, CONSTRAINT `personal_information_ibfk_1` FOREIGN KEY (`role_id`) REFERENCES `user_role` (`role_id`) ON DELETE CASCADE ON UPDATE CASCADE)
#0 C:\xampp\htdocs\cig4\system\Database\MySQLi\Connection.php(292): mysqli->query('INSERT INTO `pe...', 0)
#1 C:\xampp\htdocs\cig4\system\Database\BaseConnection.php(670): CodeIgniter\Database\MySQLi\Connection->execute('INSERT INTO `pe...')
#2 C:\xampp\htdocs\cig4\system\Database\BaseConnection.php(598): CodeIgniter\Database\BaseConnection->simpleQuery('INSERT INTO `pe...')
#3 C:\xampp\htdocs\cig4\system\Database\BaseBuilder.php(1759): CodeIgniter\Database\BaseConnection->query('INSERT INTO `pe...', Array, false)
#4 C:\xampp\htdocs\cig4\system\Model.php(239): CodeIgniter\Database\BaseBuilder->insert()
#5 C:\xampp\htdocs\cig4\system\BaseModel.php(738): CodeIgniter\Model->doInsert(Array)
#6 C:\xampp\htdocs\cig4\system\Model.php(620): CodeIgniter\BaseModel->insert(Array, true)
#7 C:\xampp\htdocs\cig4\app\Controllers\Auth.php(66): CodeIgniter\Model->insert(Array)
#8 C:\xampp\htdocs\cig4\system\CodeIgniter.php(824): App\Controllers\Auth->processregister()
#9 C:\xampp\htdocs\cig4\system\CodeIgniter.php(410): CodeIgniter\CodeIgniter->runController(Object(App\Controllers\Auth))
#10 C:\xampp\htdocs\cig4\system\CodeIgniter.php(318): CodeIgniter\CodeIgniter->handleRequest(NULL, Object(Config\Cache), false)
#11 C:\xampp\htdocs\cig4\public\index.php(37): CodeIgniter\CodeIgniter->run()
#12 C:\xampp\htdocs\cig4\system\Commands\Server\rewrite.php(43): require_once('C:\\xampp\\htdocs...')
#13 {main}
ERROR - 2021-12-03 16:03:51 --> Cannot add or update a child row: a foreign key constraint fails (`ecommerce`.`personal_information`, CONSTRAINT `personal_information_ibfk_1` FOREIGN KEY (`role_id`) REFERENCES `user_role` (`role_id`) ON DELETE CASCADE ON UPDATE CASCADE)
CRITICAL - 2021-12-03 16:03:51 --> Cannot add or update a child row: a foreign key constraint fails (`ecommerce`.`personal_information`, CONSTRAINT `personal_information_ibfk_1` FOREIGN KEY (`role_id`) REFERENCES `user_role` (`role_id`) ON DELETE CASCADE ON UPDATE CASCADE)
#0 C:\xampp\htdocs\cig4\system\Database\MySQLi\Connection.php(292): mysqli->query('INSERT INTO `pe...', 0)
#1 C:\xampp\htdocs\cig4\system\Database\BaseConnection.php(670): CodeIgniter\Database\MySQLi\Connection->execute('INSERT INTO `pe...')
#2 C:\xampp\htdocs\cig4\system\Database\BaseConnection.php(598): CodeIgniter\Database\BaseConnection->simpleQuery('INSERT INTO `pe...')
#3 C:\xampp\htdocs\cig4\system\Database\BaseBuilder.php(1759): CodeIgniter\Database\BaseConnection->query('INSERT INTO `pe...', Array, false)
#4 C:\xampp\htdocs\cig4\system\Model.php(239): CodeIgniter\Database\BaseBuilder->insert()
#5 C:\xampp\htdocs\cig4\system\BaseModel.php(738): CodeIgniter\Model->doInsert(Array)
#6 C:\xampp\htdocs\cig4\system\Model.php(620): CodeIgniter\BaseModel->insert(Array, true)
#7 C:\xampp\htdocs\cig4\app\Controllers\Auth.php(66): CodeIgniter\Model->insert(Array)
#8 C:\xampp\htdocs\cig4\system\CodeIgniter.php(824): App\Controllers\Auth->processregister()
#9 C:\xampp\htdocs\cig4\system\CodeIgniter.php(410): CodeIgniter\CodeIgniter->runController(Object(App\Controllers\Auth))
#10 C:\xampp\htdocs\cig4\system\CodeIgniter.php(318): CodeIgniter\CodeIgniter->handleRequest(NULL, Object(Config\Cache), false)
#11 C:\xampp\htdocs\cig4\public\index.php(37): CodeIgniter\CodeIgniter->run()
#12 C:\xampp\htdocs\cig4\system\Commands\Server\rewrite.php(43): require_once('C:\\xampp\\htdocs...')
#13 {main}
ERROR - 2021-12-03 16:08:58 --> Cannot add or update a child row: a foreign key constraint fails (`ecommerce`.`personal_information`, CONSTRAINT `personal_information_ibfk_1` FOREIGN KEY (`role_id`) REFERENCES `user_role` (`role_id`) ON DELETE CASCADE ON UPDATE CASCADE)
CRITICAL - 2021-12-03 16:08:58 --> Cannot add or update a child row: a foreign key constraint fails (`ecommerce`.`personal_information`, CONSTRAINT `personal_information_ibfk_1` FOREIGN KEY (`role_id`) REFERENCES `user_role` (`role_id`) ON DELETE CASCADE ON UPDATE CASCADE)
#0 C:\xampp\htdocs\cig4\system\Database\MySQLi\Connection.php(292): mysqli->query('INSERT INTO `pe...', 0)
#1 C:\xampp\htdocs\cig4\system\Database\BaseConnection.php(670): CodeIgniter\Database\MySQLi\Connection->execute('INSERT INTO `pe...')
#2 C:\xampp\htdocs\cig4\system\Database\BaseConnection.php(598): CodeIgniter\Database\BaseConnection->simpleQuery('INSERT INTO `pe...')
#3 C:\xampp\htdocs\cig4\system\Database\BaseBuilder.php(1759): CodeIgniter\Database\BaseConnection->query('INSERT INTO `pe...', Array, false)
#4 C:\xampp\htdocs\cig4\system\Model.php(239): CodeIgniter\Database\BaseBuilder->insert()
#5 C:\xampp\htdocs\cig4\system\BaseModel.php(738): CodeIgniter\Model->doInsert(Array)
#6 C:\xampp\htdocs\cig4\system\Model.php(620): CodeIgniter\BaseModel->insert(Array, true)
#7 C:\xampp\htdocs\cig4\app\Controllers\Auth.php(66): CodeIgniter\Model->insert(Array)
#8 C:\xampp\htdocs\cig4\system\CodeIgniter.php(824): App\Controllers\Auth->processregister()
#9 C:\xampp\htdocs\cig4\system\CodeIgniter.php(410): CodeIgniter\CodeIgniter->runController(Object(App\Controllers\Auth))
#10 C:\xampp\htdocs\cig4\system\CodeIgniter.php(318): CodeIgniter\CodeIgniter->handleRequest(NULL, Object(Config\Cache), false)
#11 C:\xampp\htdocs\cig4\public\index.php(37): CodeIgniter\CodeIgniter->run()
#12 C:\xampp\htdocs\cig4\system\Commands\Server\rewrite.php(43): require_once('C:\\xampp\\htdocs...')
#13 {main}
ERROR - 2021-12-03 16:09:27 --> Cannot add or update a child row: a foreign key constraint fails (`ecommerce`.`personal_information`, CONSTRAINT `personal_information_ibfk_1` FOREIGN KEY (`role_id`) REFERENCES `user_role` (`role_id`) ON DELETE CASCADE ON UPDATE CASCADE)
CRITICAL - 2021-12-03 16:09:27 --> Cannot add or update a child row: a foreign key constraint fails (`ecommerce`.`personal_information`, CONSTRAINT `personal_information_ibfk_1` FOREIGN KEY (`role_id`) REFERENCES `user_role` (`role_id`) ON DELETE CASCADE ON UPDATE CASCADE)
#0 C:\xampp\htdocs\cig4\system\Database\MySQLi\Connection.php(292): mysqli->query('INSERT INTO `pe...', 0)
#1 C:\xampp\htdocs\cig4\system\Database\BaseConnection.php(670): CodeIgniter\Database\MySQLi\Connection->execute('INSERT INTO `pe...')
#2 C:\xampp\htdocs\cig4\system\Database\BaseConnection.php(598): CodeIgniter\Database\BaseConnection->simpleQuery('INSERT INTO `pe...')
#3 C:\xampp\htdocs\cig4\system\Database\BaseBuilder.php(1759): CodeIgniter\Database\BaseConnection->query('INSERT INTO `pe...', Array, false)
#4 C:\xampp\htdocs\cig4\system\Model.php(239): CodeIgniter\Database\BaseBuilder->insert()
#5 C:\xampp\htdocs\cig4\system\BaseModel.php(738): CodeIgniter\Model->doInsert(Array)
#6 C:\xampp\htdocs\cig4\system\Model.php(620): CodeIgniter\BaseModel->insert(Array, true)
#7 C:\xampp\htdocs\cig4\app\Controllers\Auth.php(66): CodeIgniter\Model->insert(Array)
#8 C:\xampp\htdocs\cig4\system\CodeIgniter.php(824): App\Controllers\Auth->processregister()
#9 C:\xampp\htdocs\cig4\system\CodeIgniter.php(410): CodeIgniter\CodeIgniter->runController(Object(App\Controllers\Auth))
#10 C:\xampp\htdocs\cig4\system\CodeIgniter.php(318): CodeIgniter\CodeIgniter->handleRequest(NULL, Object(Config\Cache), false)
#11 C:\xampp\htdocs\cig4\public\index.php(37): CodeIgniter\CodeIgniter->run()
#12 C:\xampp\htdocs\cig4\system\Commands\Server\rewrite.php(43): require_once('C:\\xampp\\htdocs...')
#13 {main}
ERROR - 2021-12-03 16:10:03 --> Cannot add or update a child row: a foreign key constraint fails (`ecommerce`.`personal_information`, CONSTRAINT `personal_information_ibfk_1` FOREIGN KEY (`role_id`) REFERENCES `user_role` (`role_id`) ON DELETE NO ACTION ON UPDATE NO ACTION)
CRITICAL - 2021-12-03 16:10:03 --> Cannot add or update a child row: a foreign key constraint fails (`ecommerce`.`personal_information`, CONSTRAINT `personal_information_ibfk_1` FOREIGN KEY (`role_id`) REFERENCES `user_role` (`role_id`) ON DELETE NO ACTION ON UPDATE NO ACTION)
#0 C:\xampp\htdocs\cig4\system\Database\MySQLi\Connection.php(292): mysqli->query('INSERT INTO `pe...', 0)
#1 C:\xampp\htdocs\cig4\system\Database\BaseConnection.php(670): CodeIgniter\Database\MySQLi\Connection->execute('INSERT INTO `pe...')
#2 C:\xampp\htdocs\cig4\system\Database\BaseConnection.php(598): CodeIgniter\Database\BaseConnection->simpleQuery('INSERT INTO `pe...')
#3 C:\xampp\htdocs\cig4\system\Database\BaseBuilder.php(1759): CodeIgniter\Database\BaseConnection->query('INSERT INTO `pe...', Array, false)
#4 C:\xampp\htdocs\cig4\system\Model.php(239): CodeIgniter\Database\BaseBuilder->insert()
#5 C:\xampp\htdocs\cig4\system\BaseModel.php(738): CodeIgniter\Model->doInsert(Array)
#6 C:\xampp\htdocs\cig4\system\Model.php(620): CodeIgniter\BaseModel->insert(Array, true)
#7 C:\xampp\htdocs\cig4\app\Controllers\Auth.php(66): CodeIgniter\Model->insert(Array)
#8 C:\xampp\htdocs\cig4\system\CodeIgniter.php(824): App\Controllers\Auth->processregister()
#9 C:\xampp\htdocs\cig4\system\CodeIgniter.php(410): CodeIgniter\CodeIgniter->runController(Object(App\Controllers\Auth))
#10 C:\xampp\htdocs\cig4\system\CodeIgniter.php(318): CodeIgniter\CodeIgniter->handleRequest(NULL, Object(Config\Cache), false)
#11 C:\xampp\htdocs\cig4\public\index.php(37): CodeIgniter\CodeIgniter->run()
#12 C:\xampp\htdocs\cig4\system\Commands\Server\rewrite.php(43): require_once('C:\\xampp\\htdocs...')
#13 {main}
