CRITICAL - 2022-01-03 02:11:12 --> Cannot redeclare App\Controllers\Pages::apiuser()
#0 [internal function]: CodeIgniter\Debug\Exceptions->shutdownHandler()
#1 {main}
CRITICAL - 2022-01-03 02:30:55 --> Class "App\Controllers\APIUserModel" not found
#0 C:\xampp\htdocs\cig4\system\CodeIgniter.php(824): App\Controllers\Auth->processapi()
#1 C:\xampp\htdocs\cig4\system\CodeIgniter.php(410): CodeIgniter\CodeIgniter->runController(Object(App\Controllers\Auth))
#2 C:\xampp\htdocs\cig4\system\CodeIgniter.php(318): CodeIgniter\CodeIgniter->handleRequest(NULL, Object(Config\Cache), false)
#3 C:\xampp\htdocs\cig4\public\index.php(37): CodeIgniter\CodeIgniter->run()
#4 C:\xampp\htdocs\cig4\system\Commands\Server\rewrite.php(43): require_once('C:\\xampp\\htdocs...')
#5 {main}
ERROR - 2022-01-03 02:31:38 --> Column 'added_by' cannot be null
CRITICAL - 2022-01-03 02:31:38 --> Column 'added_by' cannot be null
#0 C:\xampp\htdocs\cig4\system\Database\MySQLi\Connection.php(292): mysqli->query('INSERT INTO `tb...', 0)
#1 C:\xampp\htdocs\cig4\system\Database\BaseConnection.php(670): CodeIgniter\Database\MySQLi\Connection->execute('INSERT INTO `tb...')
#2 C:\xampp\htdocs\cig4\system\Database\BaseConnection.php(598): CodeIgniter\Database\BaseConnection->simpleQuery('INSERT INTO `tb...')
#3 C:\xampp\htdocs\cig4\system\Database\BaseBuilder.php(1759): CodeIgniter\Database\BaseConnection->query('INSERT INTO `tb...', Array, false)
#4 C:\xampp\htdocs\cig4\system\Model.php(239): CodeIgniter\Database\BaseBuilder->insert()
#5 C:\xampp\htdocs\cig4\system\BaseModel.php(738): CodeIgniter\Model->doInsert(Array)
#6 C:\xampp\htdocs\cig4\system\Model.php(620): CodeIgniter\BaseModel->insert(Array, false)
#7 C:\xampp\htdocs\cig4\system\BaseModel.php(658): CodeIgniter\Model->insert(Array, false)
#8 C:\xampp\htdocs\cig4\app\Controllers\Auth.php(326): CodeIgniter\BaseModel->save(Array)
#9 C:\xampp\htdocs\cig4\system\CodeIgniter.php(824): App\Controllers\Auth->processapi()
#10 C:\xampp\htdocs\cig4\system\CodeIgniter.php(410): CodeIgniter\CodeIgniter->runController(Object(App\Controllers\Auth))
#11 C:\xampp\htdocs\cig4\system\CodeIgniter.php(318): CodeIgniter\CodeIgniter->handleRequest(NULL, Object(Config\Cache), false)
#12 C:\xampp\htdocs\cig4\public\index.php(37): CodeIgniter\CodeIgniter->run()
#13 C:\xampp\htdocs\cig4\system\Commands\Server\rewrite.php(43): require_once('C:\\xampp\\htdocs...')
#14 {main}
ERROR - 2022-01-03 02:32:01 --> Column 'added_by' cannot be null
CRITICAL - 2022-01-03 02:32:01 --> Column 'added_by' cannot be null
#0 C:\xampp\htdocs\cig4\system\Database\MySQLi\Connection.php(292): mysqli->query('INSERT INTO `tb...', 0)
#1 C:\xampp\htdocs\cig4\system\Database\BaseConnection.php(670): CodeIgniter\Database\MySQLi\Connection->execute('INSERT INTO `tb...')
#2 C:\xampp\htdocs\cig4\system\Database\BaseConnection.php(598): CodeIgniter\Database\BaseConnection->simpleQuery('INSERT INTO `tb...')
#3 C:\xampp\htdocs\cig4\system\Database\BaseBuilder.php(1759): CodeIgniter\Database\BaseConnection->query('INSERT INTO `tb...', Array, false)
#4 C:\xampp\htdocs\cig4\system\Model.php(239): CodeIgniter\Database\BaseBuilder->insert()
#5 C:\xampp\htdocs\cig4\system\BaseModel.php(738): CodeIgniter\Model->doInsert(Array)
#6 C:\xampp\htdocs\cig4\system\Model.php(620): CodeIgniter\BaseModel->insert(Array, false)
#7 C:\xampp\htdocs\cig4\system\BaseModel.php(658): CodeIgniter\Model->insert(Array, false)
#8 C:\xampp\htdocs\cig4\app\Controllers\Auth.php(326): CodeIgniter\BaseModel->save(Array)
#9 C:\xampp\htdocs\cig4\system\CodeIgniter.php(824): App\Controllers\Auth->processapi()
#10 C:\xampp\htdocs\cig4\system\CodeIgniter.php(410): CodeIgniter\CodeIgniter->runController(Object(App\Controllers\Auth))
#11 C:\xampp\htdocs\cig4\system\CodeIgniter.php(318): CodeIgniter\CodeIgniter->handleRequest(NULL, Object(Config\Cache), false)
#12 C:\xampp\htdocs\cig4\public\index.php(37): CodeIgniter\CodeIgniter->run()
#13 C:\xampp\htdocs\cig4\system\Commands\Server\rewrite.php(43): require_once('C:\\xampp\\htdocs...')
#14 {main}
ERROR - 2022-01-03 02:46:22 --> Column 'added_by' cannot be null
CRITICAL - 2022-01-03 02:46:22 --> Column 'added_by' cannot be null
#0 C:\xampp\htdocs\cig4\system\Database\MySQLi\Connection.php(292): mysqli->query('INSERT INTO `tb...', 0)
#1 C:\xampp\htdocs\cig4\system\Database\BaseConnection.php(670): CodeIgniter\Database\MySQLi\Connection->execute('INSERT INTO `tb...')
#2 C:\xampp\htdocs\cig4\system\Database\BaseConnection.php(598): CodeIgniter\Database\BaseConnection->simpleQuery('INSERT INTO `tb...')
#3 C:\xampp\htdocs\cig4\system\Database\BaseBuilder.php(1759): CodeIgniter\Database\BaseConnection->query('INSERT INTO `tb...', Array, false)
#4 C:\xampp\htdocs\cig4\system\Model.php(239): CodeIgniter\Database\BaseBuilder->insert()
#5 C:\xampp\htdocs\cig4\system\BaseModel.php(738): CodeIgniter\Model->doInsert(Array)
#6 C:\xampp\htdocs\cig4\system\Model.php(620): CodeIgniter\BaseModel->insert(Array, false)
#7 C:\xampp\htdocs\cig4\system\BaseModel.php(658): CodeIgniter\Model->insert(Array, false)
#8 C:\xampp\htdocs\cig4\app\Controllers\Auth.php(326): CodeIgniter\BaseModel->save(Array)
#9 C:\xampp\htdocs\cig4\system\CodeIgniter.php(824): App\Controllers\Auth->processapi()
#10 C:\xampp\htdocs\cig4\system\CodeIgniter.php(410): CodeIgniter\CodeIgniter->runController(Object(App\Controllers\Auth))
#11 C:\xampp\htdocs\cig4\system\CodeIgniter.php(318): CodeIgniter\CodeIgniter->handleRequest(NULL, Object(Config\Cache), false)
#12 C:\xampp\htdocs\cig4\public\index.php(37): CodeIgniter\CodeIgniter->run()
#13 C:\xampp\htdocs\cig4\system\Commands\Server\rewrite.php(43): require_once('C:\\xampp\\htdocs...')
#14 {main}
ERROR - 2022-01-03 02:48:34 --> Column 'added_by' cannot be null
CRITICAL - 2022-01-03 02:48:34 --> Column 'added_by' cannot be null
#0 C:\xampp\htdocs\cig4\system\Database\MySQLi\Connection.php(292): mysqli->query('INSERT INTO `tb...', 0)
#1 C:\xampp\htdocs\cig4\system\Database\BaseConnection.php(670): CodeIgniter\Database\MySQLi\Connection->execute('INSERT INTO `tb...')
#2 C:\xampp\htdocs\cig4\system\Database\BaseConnection.php(598): CodeIgniter\Database\BaseConnection->simpleQuery('INSERT INTO `tb...')
#3 C:\xampp\htdocs\cig4\system\Database\BaseBuilder.php(1759): CodeIgniter\Database\BaseConnection->query('INSERT INTO `tb...', Array, false)
#4 C:\xampp\htdocs\cig4\system\Model.php(239): CodeIgniter\Database\BaseBuilder->insert()
#5 C:\xampp\htdocs\cig4\system\BaseModel.php(738): CodeIgniter\Model->doInsert(Array)
#6 C:\xampp\htdocs\cig4\system\Model.php(620): CodeIgniter\BaseModel->insert(Array, false)
#7 C:\xampp\htdocs\cig4\system\BaseModel.php(658): CodeIgniter\Model->insert(Array, false)
#8 C:\xampp\htdocs\cig4\app\Controllers\Auth.php(326): CodeIgniter\BaseModel->save(Array)
#9 C:\xampp\htdocs\cig4\system\CodeIgniter.php(824): App\Controllers\Auth->processapi()
#10 C:\xampp\htdocs\cig4\system\CodeIgniter.php(410): CodeIgniter\CodeIgniter->runController(Object(App\Controllers\Auth))
#11 C:\xampp\htdocs\cig4\system\CodeIgniter.php(318): CodeIgniter\CodeIgniter->handleRequest(NULL, Object(Config\Cache), false)
#12 C:\xampp\htdocs\cig4\public\index.php(37): CodeIgniter\CodeIgniter->run()
#13 C:\xampp\htdocs\cig4\system\Commands\Server\rewrite.php(43): require_once('C:\\xampp\\htdocs...')
#14 {main}
CRITICAL - 2022-01-03 02:50:45 --> Call to undefined method CodeIgniter\Session\Session::getPost()
#0 C:\xampp\htdocs\cig4\system\CodeIgniter.php(824): App\Controllers\Auth->processapi()
#1 C:\xampp\htdocs\cig4\system\CodeIgniter.php(410): CodeIgniter\CodeIgniter->runController(Object(App\Controllers\Auth))
#2 C:\xampp\htdocs\cig4\system\CodeIgniter.php(318): CodeIgniter\CodeIgniter->handleRequest(NULL, Object(Config\Cache), false)
#3 C:\xampp\htdocs\cig4\public\index.php(37): CodeIgniter\CodeIgniter->run()
#4 C:\xampp\htdocs\cig4\system\Commands\Server\rewrite.php(43): require_once('C:\\xampp\\htdocs...')
#5 {main}
CRITICAL - 2022-01-03 02:52:29 --> Call to a member function get() on null
#0 C:\xampp\htdocs\cig4\system\CodeIgniter.php(824): App\Controllers\Auth->processapi()
#1 C:\xampp\htdocs\cig4\system\CodeIgniter.php(410): CodeIgniter\CodeIgniter->runController(Object(App\Controllers\Auth))
#2 C:\xampp\htdocs\cig4\system\CodeIgniter.php(318): CodeIgniter\CodeIgniter->handleRequest(NULL, Object(Config\Cache), false)
#3 C:\xampp\htdocs\cig4\public\index.php(37): CodeIgniter\CodeIgniter->run()
#4 C:\xampp\htdocs\cig4\system\Commands\Server\rewrite.php(43): require_once('C:\\xampp\\htdocs...')
#5 {main}
ERROR - 2022-01-03 02:53:08 --> Column 'added_by' cannot be null
CRITICAL - 2022-01-03 02:53:08 --> Column 'added_by' cannot be null
#0 C:\xampp\htdocs\cig4\system\Database\MySQLi\Connection.php(292): mysqli->query('INSERT INTO `tb...', 0)
#1 C:\xampp\htdocs\cig4\system\Database\BaseConnection.php(670): CodeIgniter\Database\MySQLi\Connection->execute('INSERT INTO `tb...')
#2 C:\xampp\htdocs\cig4\system\Database\BaseConnection.php(598): CodeIgniter\Database\BaseConnection->simpleQuery('INSERT INTO `tb...')
#3 C:\xampp\htdocs\cig4\system\Database\BaseBuilder.php(1759): CodeIgniter\Database\BaseConnection->query('INSERT INTO `tb...', Array, false)
#4 C:\xampp\htdocs\cig4\system\Model.php(239): CodeIgniter\Database\BaseBuilder->insert()
#5 C:\xampp\htdocs\cig4\system\BaseModel.php(738): CodeIgniter\Model->doInsert(Array)
#6 C:\xampp\htdocs\cig4\system\Model.php(620): CodeIgniter\BaseModel->insert(Array, false)
#7 C:\xampp\htdocs\cig4\system\BaseModel.php(658): CodeIgniter\Model->insert(Array, false)
#8 C:\xampp\htdocs\cig4\app\Controllers\Auth.php(326): CodeIgniter\BaseModel->save(Array)
#9 C:\xampp\htdocs\cig4\system\CodeIgniter.php(824): App\Controllers\Auth->processapi()
#10 C:\xampp\htdocs\cig4\system\CodeIgniter.php(410): CodeIgniter\CodeIgniter->runController(Object(App\Controllers\Auth))
#11 C:\xampp\htdocs\cig4\system\CodeIgniter.php(318): CodeIgniter\CodeIgniter->handleRequest(NULL, Object(Config\Cache), false)
#12 C:\xampp\htdocs\cig4\public\index.php(37): CodeIgniter\CodeIgniter->run()
#13 C:\xampp\htdocs\cig4\system\Commands\Server\rewrite.php(43): require_once('C:\\xampp\\htdocs...')
#14 {main}
ERROR - 2022-01-03 02:55:19 --> Column 'added_by' cannot be null
CRITICAL - 2022-01-03 02:55:19 --> Column 'added_by' cannot be null
#0 C:\xampp\htdocs\cig4\system\Database\MySQLi\Connection.php(292): mysqli->query('INSERT INTO `tb...', 0)
#1 C:\xampp\htdocs\cig4\system\Database\BaseConnection.php(670): CodeIgniter\Database\MySQLi\Connection->execute('INSERT INTO `tb...')
#2 C:\xampp\htdocs\cig4\system\Database\BaseConnection.php(598): CodeIgniter\Database\BaseConnection->simpleQuery('INSERT INTO `tb...')
#3 C:\xampp\htdocs\cig4\system\Database\BaseBuilder.php(1759): CodeIgniter\Database\BaseConnection->query('INSERT INTO `tb...', Array, false)
#4 C:\xampp\htdocs\cig4\system\Model.php(239): CodeIgniter\Database\BaseBuilder->insert()
#5 C:\xampp\htdocs\cig4\system\BaseModel.php(738): CodeIgniter\Model->doInsert(Array)
#6 C:\xampp\htdocs\cig4\system\Model.php(620): CodeIgniter\BaseModel->insert(Array, false)
#7 C:\xampp\htdocs\cig4\system\BaseModel.php(658): CodeIgniter\Model->insert(Array, false)
#8 C:\xampp\htdocs\cig4\app\Controllers\Auth.php(326): CodeIgniter\BaseModel->save(Array)
#9 C:\xampp\htdocs\cig4\system\CodeIgniter.php(824): App\Controllers\Auth->processapi()
#10 C:\xampp\htdocs\cig4\system\CodeIgniter.php(410): CodeIgniter\CodeIgniter->runController(Object(App\Controllers\Auth))
#11 C:\xampp\htdocs\cig4\system\CodeIgniter.php(318): CodeIgniter\CodeIgniter->handleRequest(NULL, Object(Config\Cache), false)
#12 C:\xampp\htdocs\cig4\public\index.php(37): CodeIgniter\CodeIgniter->run()
#13 C:\xampp\htdocs\cig4\system\Commands\Server\rewrite.php(43): require_once('C:\\xampp\\htdocs...')
#14 {main}
CRITICAL - 2022-01-03 02:58:32 --> Undefined variable $userid
#0 C:\xampp\htdocs\cig4\app\Controllers\Auth.php(324): CodeIgniter\Debug\Exceptions->errorHandler(2, 'Undefined varia...', 'C:\\xampp\\htdocs...', 324)
#1 C:\xampp\htdocs\cig4\system\CodeIgniter.php(824): App\Controllers\Auth->processapi()
#2 C:\xampp\htdocs\cig4\system\CodeIgniter.php(410): CodeIgniter\CodeIgniter->runController(Object(App\Controllers\Auth))
#3 C:\xampp\htdocs\cig4\system\CodeIgniter.php(318): CodeIgniter\CodeIgniter->handleRequest(NULL, Object(Config\Cache), false)
#4 C:\xampp\htdocs\cig4\public\index.php(37): CodeIgniter\CodeIgniter->run()
#5 C:\xampp\htdocs\cig4\system\Commands\Server\rewrite.php(43): require_once('C:\\xampp\\htdocs...')
#6 {main}
CRITICAL - 2022-01-03 02:58:55 --> CodeIgniter\Session\Session::get(): Argument #1 ($key) must be of type ?string, App\Models\UserModel given, called in C:\xampp\htdocs\cig4\app\Controllers\Auth.php on line 324
#0 C:\xampp\htdocs\cig4\app\Controllers\Auth.php(324): CodeIgniter\Session\Session->get(Object(App\Models\UserModel))
#1 C:\xampp\htdocs\cig4\system\CodeIgniter.php(824): App\Controllers\Auth->processapi()
#2 C:\xampp\htdocs\cig4\system\CodeIgniter.php(410): CodeIgniter\CodeIgniter->runController(Object(App\Controllers\Auth))
#3 C:\xampp\htdocs\cig4\system\CodeIgniter.php(318): CodeIgniter\CodeIgniter->handleRequest(NULL, Object(Config\Cache), false)
#4 C:\xampp\htdocs\cig4\public\index.php(37): CodeIgniter\CodeIgniter->run()
#5 C:\xampp\htdocs\cig4\system\Commands\Server\rewrite.php(43): require_once('C:\\xampp\\htdocs...')
#6 {main}
CRITICAL - 2022-01-03 03:00:25 --> Call to a member function get() on null
#0 C:\xampp\htdocs\cig4\system\CodeIgniter.php(824): App\Controllers\Auth->processapi()
#1 C:\xampp\htdocs\cig4\system\CodeIgniter.php(410): CodeIgniter\CodeIgniter->runController(Object(App\Controllers\Auth))
#2 C:\xampp\htdocs\cig4\system\CodeIgniter.php(318): CodeIgniter\CodeIgniter->handleRequest(NULL, Object(Config\Cache), false)
#3 C:\xampp\htdocs\cig4\public\index.php(37): CodeIgniter\CodeIgniter->run()
#4 C:\xampp\htdocs\cig4\system\Commands\Server\rewrite.php(43): require_once('C:\\xampp\\htdocs...')
#5 {main}
CRITICAL - 2022-01-03 03:00:49 --> Call to a member function get() on null
#0 C:\xampp\htdocs\cig4\system\CodeIgniter.php(824): App\Controllers\Auth->processapi()
#1 C:\xampp\htdocs\cig4\system\CodeIgniter.php(410): CodeIgniter\CodeIgniter->runController(Object(App\Controllers\Auth))
#2 C:\xampp\htdocs\cig4\system\CodeIgniter.php(318): CodeIgniter\CodeIgniter->handleRequest(NULL, Object(Config\Cache), false)
#3 C:\xampp\htdocs\cig4\public\index.php(37): CodeIgniter\CodeIgniter->run()
#4 C:\xampp\htdocs\cig4\system\Commands\Server\rewrite.php(43): require_once('C:\\xampp\\htdocs...')
#5 {main}
ERROR - 2022-01-03 03:01:03 --> Column 'added_by' cannot be null
CRITICAL - 2022-01-03 03:01:03 --> Column 'added_by' cannot be null
#0 C:\xampp\htdocs\cig4\system\Database\MySQLi\Connection.php(292): mysqli->query('INSERT INTO `tb...', 0)
#1 C:\xampp\htdocs\cig4\system\Database\BaseConnection.php(670): CodeIgniter\Database\MySQLi\Connection->execute('INSERT INTO `tb...')
#2 C:\xampp\htdocs\cig4\system\Database\BaseConnection.php(598): CodeIgniter\Database\BaseConnection->simpleQuery('INSERT INTO `tb...')
#3 C:\xampp\htdocs\cig4\system\Database\BaseBuilder.php(1759): CodeIgniter\Database\BaseConnection->query('INSERT INTO `tb...', Array, false)
#4 C:\xampp\htdocs\cig4\system\Model.php(239): CodeIgniter\Database\BaseBuilder->insert()
#5 C:\xampp\htdocs\cig4\system\BaseModel.php(738): CodeIgniter\Model->doInsert(Array)
#6 C:\xampp\htdocs\cig4\system\Model.php(620): CodeIgniter\BaseModel->insert(Array, false)
#7 C:\xampp\htdocs\cig4\system\BaseModel.php(658): CodeIgniter\Model->insert(Array, false)
#8 C:\xampp\htdocs\cig4\app\Controllers\Auth.php(327): CodeIgniter\BaseModel->save(Array)
#9 C:\xampp\htdocs\cig4\system\CodeIgniter.php(824): App\Controllers\Auth->processapi()
#10 C:\xampp\htdocs\cig4\system\CodeIgniter.php(410): CodeIgniter\CodeIgniter->runController(Object(App\Controllers\Auth))
#11 C:\xampp\htdocs\cig4\system\CodeIgniter.php(318): CodeIgniter\CodeIgniter->handleRequest(NULL, Object(Config\Cache), false)
#12 C:\xampp\htdocs\cig4\public\index.php(37): CodeIgniter\CodeIgniter->run()
#13 C:\xampp\htdocs\cig4\system\Commands\Server\rewrite.php(43): require_once('C:\\xampp\\htdocs...')
#14 {main}
CRITICAL - 2022-01-03 03:02:07 --> Call to a member function setFlashdata() on string
#0 C:\xampp\htdocs\cig4\system\CodeIgniter.php(824): App\Controllers\Auth->processapi()
#1 C:\xampp\htdocs\cig4\system\CodeIgniter.php(410): CodeIgniter\CodeIgniter->runController(Object(App\Controllers\Auth))
#2 C:\xampp\htdocs\cig4\system\CodeIgniter.php(318): CodeIgniter\CodeIgniter->handleRequest(NULL, Object(Config\Cache), false)
#3 C:\xampp\htdocs\cig4\public\index.php(37): CodeIgniter\CodeIgniter->run()
#4 C:\xampp\htdocs\cig4\system\Commands\Server\rewrite.php(43): require_once('C:\\xampp\\htdocs...')
#5 {main}
CRITICAL - 2022-01-03 03:02:37 --> syntax error, unexpected token "(", expecting identifier or variable or "{" or "$"
#0 C:\xampp\htdocs\cig4\system\Router\Router.php(176): CodeIgniter\Router\Router->autoRoute('auth/processapi')
#1 C:\xampp\htdocs\cig4\system\CodeIgniter.php(718): CodeIgniter\Router\Router->handle('auth/processapi')
#2 C:\xampp\htdocs\cig4\system\CodeIgniter.php(359): CodeIgniter\CodeIgniter->tryToRouteIt(Object(CodeIgniter\Router\RouteCollection))
#3 C:\xampp\htdocs\cig4\system\CodeIgniter.php(318): CodeIgniter\CodeIgniter->handleRequest(NULL, Object(Config\Cache), false)
#4 C:\xampp\htdocs\cig4\public\index.php(37): CodeIgniter\CodeIgniter->run()
#5 C:\xampp\htdocs\cig4\system\Commands\Server\rewrite.php(43): require_once('C:\\xampp\\htdocs...')
#6 {main}
ERROR - 2022-01-03 03:03:56 --> Column 'added_by' cannot be null
CRITICAL - 2022-01-03 03:03:56 --> Column 'added_by' cannot be null
#0 C:\xampp\htdocs\cig4\system\Database\MySQLi\Connection.php(292): mysqli->query('INSERT INTO `tb...', 0)
#1 C:\xampp\htdocs\cig4\system\Database\BaseConnection.php(670): CodeIgniter\Database\MySQLi\Connection->execute('INSERT INTO `tb...')
#2 C:\xampp\htdocs\cig4\system\Database\BaseConnection.php(598): CodeIgniter\Database\BaseConnection->simpleQuery('INSERT INTO `tb...')
#3 C:\xampp\htdocs\cig4\system\Database\BaseBuilder.php(1759): CodeIgniter\Database\BaseConnection->query('INSERT INTO `tb...', Array, false)
#4 C:\xampp\htdocs\cig4\system\Model.php(239): CodeIgniter\Database\BaseBuilder->insert()
#5 C:\xampp\htdocs\cig4\system\BaseModel.php(738): CodeIgniter\Model->doInsert(Array)
#6 C:\xampp\htdocs\cig4\system\Model.php(620): CodeIgniter\BaseModel->insert(Array, false)
#7 C:\xampp\htdocs\cig4\system\BaseModel.php(658): CodeIgniter\Model->insert(Array, false)
#8 C:\xampp\htdocs\cig4\app\Controllers\Auth.php(327): CodeIgniter\BaseModel->save(Array)
#9 C:\xampp\htdocs\cig4\system\CodeIgniter.php(824): App\Controllers\Auth->processapi()
#10 C:\xampp\htdocs\cig4\system\CodeIgniter.php(410): CodeIgniter\CodeIgniter->runController(Object(App\Controllers\Auth))
#11 C:\xampp\htdocs\cig4\system\CodeIgniter.php(318): CodeIgniter\CodeIgniter->handleRequest(NULL, Object(Config\Cache), false)
#12 C:\xampp\htdocs\cig4\public\index.php(37): CodeIgniter\CodeIgniter->run()
#13 C:\xampp\htdocs\cig4\system\Commands\Server\rewrite.php(43): require_once('C:\\xampp\\htdocs...')
#14 {main}
ERROR - 2022-01-03 03:04:52 --> Operand should contain 1 column(s)
CRITICAL - 2022-01-03 03:04:52 --> Operand should contain 1 column(s)
#0 C:\xampp\htdocs\cig4\system\Database\MySQLi\Connection.php(292): mysqli->query('INSERT INTO `tb...', 0)
#1 C:\xampp\htdocs\cig4\system\Database\BaseConnection.php(670): CodeIgniter\Database\MySQLi\Connection->execute('INSERT INTO `tb...')
#2 C:\xampp\htdocs\cig4\system\Database\BaseConnection.php(598): CodeIgniter\Database\BaseConnection->simpleQuery('INSERT INTO `tb...')
#3 C:\xampp\htdocs\cig4\system\Database\BaseBuilder.php(1759): CodeIgniter\Database\BaseConnection->query('INSERT INTO `tb...', Array, false)
#4 C:\xampp\htdocs\cig4\system\Model.php(239): CodeIgniter\Database\BaseBuilder->insert()
#5 C:\xampp\htdocs\cig4\system\BaseModel.php(738): CodeIgniter\Model->doInsert(Array)
#6 C:\xampp\htdocs\cig4\system\Model.php(620): CodeIgniter\BaseModel->insert(Array, false)
#7 C:\xampp\htdocs\cig4\system\BaseModel.php(658): CodeIgniter\Model->insert(Array, false)
#8 C:\xampp\htdocs\cig4\app\Controllers\Auth.php(327): CodeIgniter\BaseModel->save(Array)
#9 C:\xampp\htdocs\cig4\system\CodeIgniter.php(824): App\Controllers\Auth->processapi()
#10 C:\xampp\htdocs\cig4\system\CodeIgniter.php(410): CodeIgniter\CodeIgniter->runController(Object(App\Controllers\Auth))
#11 C:\xampp\htdocs\cig4\system\CodeIgniter.php(318): CodeIgniter\CodeIgniter->handleRequest(NULL, Object(Config\Cache), false)
#12 C:\xampp\htdocs\cig4\public\index.php(37): CodeIgniter\CodeIgniter->run()
#13 C:\xampp\htdocs\cig4\system\Commands\Server\rewrite.php(43): require_once('C:\\xampp\\htdocs...')
#14 {main}
ERROR - 2022-01-03 03:06:37 --> Column 'added_by' cannot be null
CRITICAL - 2022-01-03 03:06:37 --> Column 'added_by' cannot be null
#0 C:\xampp\htdocs\cig4\system\Database\MySQLi\Connection.php(292): mysqli->query('INSERT INTO `tb...', 0)
#1 C:\xampp\htdocs\cig4\system\Database\BaseConnection.php(670): CodeIgniter\Database\MySQLi\Connection->execute('INSERT INTO `tb...')
#2 C:\xampp\htdocs\cig4\system\Database\BaseConnection.php(598): CodeIgniter\Database\BaseConnection->simpleQuery('INSERT INTO `tb...')
#3 C:\xampp\htdocs\cig4\system\Database\BaseBuilder.php(1759): CodeIgniter\Database\BaseConnection->query('INSERT INTO `tb...', Array, false)
#4 C:\xampp\htdocs\cig4\system\Model.php(239): CodeIgniter\Database\BaseBuilder->insert()
#5 C:\xampp\htdocs\cig4\system\BaseModel.php(738): CodeIgniter\Model->doInsert(Array)
#6 C:\xampp\htdocs\cig4\system\Model.php(620): CodeIgniter\BaseModel->insert(Array, false)
#7 C:\xampp\htdocs\cig4\system\BaseModel.php(658): CodeIgniter\Model->insert(Array, false)
#8 C:\xampp\htdocs\cig4\app\Controllers\Auth.php(327): CodeIgniter\BaseModel->save(Array)
#9 C:\xampp\htdocs\cig4\system\CodeIgniter.php(824): App\Controllers\Auth->processapi()
#10 C:\xampp\htdocs\cig4\system\CodeIgniter.php(410): CodeIgniter\CodeIgniter->runController(Object(App\Controllers\Auth))
#11 C:\xampp\htdocs\cig4\system\CodeIgniter.php(318): CodeIgniter\CodeIgniter->handleRequest(NULL, Object(Config\Cache), false)
#12 C:\xampp\htdocs\cig4\public\index.php(37): CodeIgniter\CodeIgniter->run()
#13 C:\xampp\htdocs\cig4\system\Commands\Server\rewrite.php(43): require_once('C:\\xampp\\htdocs...')
#14 {main}
ERROR - 2022-01-03 03:07:05 --> Column 'added_by' cannot be null
CRITICAL - 2022-01-03 03:07:05 --> Column 'added_by' cannot be null
#0 C:\xampp\htdocs\cig4\system\Database\MySQLi\Connection.php(292): mysqli->query('INSERT INTO `tb...', 0)
#1 C:\xampp\htdocs\cig4\system\Database\BaseConnection.php(670): CodeIgniter\Database\MySQLi\Connection->execute('INSERT INTO `tb...')
#2 C:\xampp\htdocs\cig4\system\Database\BaseConnection.php(598): CodeIgniter\Database\BaseConnection->simpleQuery('INSERT INTO `tb...')
#3 C:\xampp\htdocs\cig4\system\Database\BaseBuilder.php(1759): CodeIgniter\Database\BaseConnection->query('INSERT INTO `tb...', Array, false)
#4 C:\xampp\htdocs\cig4\system\Model.php(239): CodeIgniter\Database\BaseBuilder->insert()
#5 C:\xampp\htdocs\cig4\system\BaseModel.php(738): CodeIgniter\Model->doInsert(Array)
#6 C:\xampp\htdocs\cig4\system\Model.php(620): CodeIgniter\BaseModel->insert(Array, false)
#7 C:\xampp\htdocs\cig4\system\BaseModel.php(658): CodeIgniter\Model->insert(Array, false)
#8 C:\xampp\htdocs\cig4\app\Controllers\Auth.php(327): CodeIgniter\BaseModel->save(Array)
#9 C:\xampp\htdocs\cig4\system\CodeIgniter.php(824): App\Controllers\Auth->processapi()
#10 C:\xampp\htdocs\cig4\system\CodeIgniter.php(410): CodeIgniter\CodeIgniter->runController(Object(App\Controllers\Auth))
#11 C:\xampp\htdocs\cig4\system\CodeIgniter.php(318): CodeIgniter\CodeIgniter->handleRequest(NULL, Object(Config\Cache), false)
#12 C:\xampp\htdocs\cig4\public\index.php(37): CodeIgniter\CodeIgniter->run()
#13 C:\xampp\htdocs\cig4\system\Commands\Server\rewrite.php(43): require_once('C:\\xampp\\htdocs...')
#14 {main}
CRITICAL - 2022-01-03 03:26:50 --> Call to undefined function form_dropdown()
#0 C:\xampp\htdocs\cig4\system\View\View.php(214): include()
#1 C:\xampp\htdocs\cig4\system\View\View.php(217): CodeIgniter\View\View->CodeIgniter\View\{closure}()
#2 C:\xampp\htdocs\cig4\system\Common.php(1097): CodeIgniter\View\View->render('admin/users/tok...', Array, true)
#3 C:\xampp\htdocs\cig4\app\Controllers\pages.php(81): view('admin/users/tok...')
#4 C:\xampp\htdocs\cig4\system\CodeIgniter.php(824): App\Controllers\Pages->tokens()
#5 C:\xampp\htdocs\cig4\system\CodeIgniter.php(410): CodeIgniter\CodeIgniter->runController(Object(App\Controllers\Pages))
#6 C:\xampp\htdocs\cig4\system\CodeIgniter.php(318): CodeIgniter\CodeIgniter->handleRequest(NULL, Object(Config\Cache), false)
#7 C:\xampp\htdocs\cig4\public\index.php(37): CodeIgniter\CodeIgniter->run()
#8 C:\xampp\htdocs\cig4\system\Commands\Server\rewrite.php(43): require_once('C:\\xampp\\htdocs...')
#9 {main}
CRITICAL - 2022-01-03 03:28:05 --> Call to undefined function form_dropdown()
#0 C:\xampp\htdocs\cig4\system\View\View.php(214): include()
#1 C:\xampp\htdocs\cig4\system\View\View.php(217): CodeIgniter\View\View->CodeIgniter\View\{closure}()
#2 C:\xampp\htdocs\cig4\system\Common.php(1097): CodeIgniter\View\View->render('admin/users/tok...', Array, true)
#3 C:\xampp\htdocs\cig4\app\Controllers\pages.php(81): view('admin/users/tok...')
#4 C:\xampp\htdocs\cig4\system\CodeIgniter.php(824): App\Controllers\Pages->tokens()
#5 C:\xampp\htdocs\cig4\system\CodeIgniter.php(410): CodeIgniter\CodeIgniter->runController(Object(App\Controllers\Pages))
#6 C:\xampp\htdocs\cig4\system\CodeIgniter.php(318): CodeIgniter\CodeIgniter->handleRequest(NULL, Object(Config\Cache), false)
#7 C:\xampp\htdocs\cig4\public\index.php(37): CodeIgniter\CodeIgniter->run()
#8 C:\xampp\htdocs\cig4\system\Commands\Server\rewrite.php(43): require_once('C:\\xampp\\htdocs...')
#9 {main}
CRITICAL - 2022-01-03 03:28:08 --> Call to undefined function form_dropdown()
#0 C:\xampp\htdocs\cig4\system\View\View.php(214): include()
#1 C:\xampp\htdocs\cig4\system\View\View.php(217): CodeIgniter\View\View->CodeIgniter\View\{closure}()
#2 C:\xampp\htdocs\cig4\system\Common.php(1097): CodeIgniter\View\View->render('admin/users/tok...', Array, true)
#3 C:\xampp\htdocs\cig4\app\Controllers\pages.php(81): view('admin/users/tok...')
#4 C:\xampp\htdocs\cig4\system\CodeIgniter.php(824): App\Controllers\Pages->tokens()
#5 C:\xampp\htdocs\cig4\system\CodeIgniter.php(410): CodeIgniter\CodeIgniter->runController(Object(App\Controllers\Pages))
#6 C:\xampp\htdocs\cig4\system\CodeIgniter.php(318): CodeIgniter\CodeIgniter->handleRequest(NULL, Object(Config\Cache), false)
#7 C:\xampp\htdocs\cig4\public\index.php(37): CodeIgniter\CodeIgniter->run()
#8 C:\xampp\htdocs\cig4\system\Commands\Server\rewrite.php(43): require_once('C:\\xampp\\htdocs...')
#9 {main}
CRITICAL - 2022-01-03 03:28:40 --> Call to undefined function form_dropdown()
#0 C:\xampp\htdocs\cig4\system\View\View.php(214): include()
#1 C:\xampp\htdocs\cig4\system\View\View.php(217): CodeIgniter\View\View->CodeIgniter\View\{closure}()
#2 C:\xampp\htdocs\cig4\system\Common.php(1097): CodeIgniter\View\View->render('admin/users/tok...', Array, true)
#3 C:\xampp\htdocs\cig4\app\Controllers\pages.php(81): view('admin/users/tok...')
#4 C:\xampp\htdocs\cig4\system\CodeIgniter.php(824): App\Controllers\Pages->tokens()
#5 C:\xampp\htdocs\cig4\system\CodeIgniter.php(410): CodeIgniter\CodeIgniter->runController(Object(App\Controllers\Pages))
#6 C:\xampp\htdocs\cig4\system\CodeIgniter.php(318): CodeIgniter\CodeIgniter->handleRequest(NULL, Object(Config\Cache), false)
#7 C:\xampp\htdocs\cig4\public\index.php(37): CodeIgniter\CodeIgniter->run()
#8 C:\xampp\htdocs\cig4\system\Commands\Server\rewrite.php(43): require_once('C:\\xampp\\htdocs...')
#9 {main}
CRITICAL - 2022-01-03 03:28:44 --> Call to undefined function form_dropdown()
#0 C:\xampp\htdocs\cig4\system\View\View.php(214): include()
#1 C:\xampp\htdocs\cig4\system\View\View.php(217): CodeIgniter\View\View->CodeIgniter\View\{closure}()
#2 C:\xampp\htdocs\cig4\system\Common.php(1097): CodeIgniter\View\View->render('admin/users/tok...', Array, true)
#3 C:\xampp\htdocs\cig4\app\Controllers\pages.php(81): view('admin/users/tok...')
#4 C:\xampp\htdocs\cig4\system\CodeIgniter.php(824): App\Controllers\Pages->tokens()
#5 C:\xampp\htdocs\cig4\system\CodeIgniter.php(410): CodeIgniter\CodeIgniter->runController(Object(App\Controllers\Pages))
#6 C:\xampp\htdocs\cig4\system\CodeIgniter.php(318): CodeIgniter\CodeIgniter->handleRequest(NULL, Object(Config\Cache), false)
#7 C:\xampp\htdocs\cig4\public\index.php(37): CodeIgniter\CodeIgniter->run()
#8 C:\xampp\htdocs\cig4\system\Commands\Server\rewrite.php(43): require_once('C:\\xampp\\htdocs...')
#9 {main}
CRITICAL - 2022-01-03 03:43:08 --> Call to undefined function form_dropdown()
#0 C:\xampp\htdocs\cig4\system\View\View.php(214): include()
#1 C:\xampp\htdocs\cig4\system\View\View.php(217): CodeIgniter\View\View->CodeIgniter\View\{closure}()
#2 C:\xampp\htdocs\cig4\system\Common.php(1097): CodeIgniter\View\View->render('admin/users/tok...', Array, true)
#3 C:\xampp\htdocs\cig4\app\Controllers\pages.php(81): view('admin/users/tok...')
#4 C:\xampp\htdocs\cig4\system\CodeIgniter.php(824): App\Controllers\Pages->tokens()
#5 C:\xampp\htdocs\cig4\system\CodeIgniter.php(410): CodeIgniter\CodeIgniter->runController(Object(App\Controllers\Pages))
#6 C:\xampp\htdocs\cig4\system\CodeIgniter.php(318): CodeIgniter\CodeIgniter->handleRequest(NULL, Object(Config\Cache), false)
#7 C:\xampp\htdocs\cig4\public\index.php(37): CodeIgniter\CodeIgniter->run()
#8 C:\xampp\htdocs\cig4\system\Commands\Server\rewrite.php(43): require_once('C:\\xampp\\htdocs...')
#9 {main}
CRITICAL - 2022-01-03 03:43:10 --> Call to undefined function form_dropdown()
#0 C:\xampp\htdocs\cig4\system\View\View.php(214): include()
#1 C:\xampp\htdocs\cig4\system\View\View.php(217): CodeIgniter\View\View->CodeIgniter\View\{closure}()
#2 C:\xampp\htdocs\cig4\system\Common.php(1097): CodeIgniter\View\View->render('admin/users/tok...', Array, true)
#3 C:\xampp\htdocs\cig4\app\Controllers\pages.php(81): view('admin/users/tok...')
#4 C:\xampp\htdocs\cig4\system\CodeIgniter.php(824): App\Controllers\Pages->tokens()
#5 C:\xampp\htdocs\cig4\system\CodeIgniter.php(410): CodeIgniter\CodeIgniter->runController(Object(App\Controllers\Pages))
#6 C:\xampp\htdocs\cig4\system\CodeIgniter.php(318): CodeIgniter\CodeIgniter->handleRequest(NULL, Object(Config\Cache), false)
#7 C:\xampp\htdocs\cig4\public\index.php(37): CodeIgniter\CodeIgniter->run()
#8 C:\xampp\htdocs\cig4\system\Commands\Server\rewrite.php(43): require_once('C:\\xampp\\htdocs...')
#9 {main}
CRITICAL - 2022-01-03 03:43:14 --> Call to undefined function form_dropdown()
#0 C:\xampp\htdocs\cig4\system\View\View.php(214): include()
#1 C:\xampp\htdocs\cig4\system\View\View.php(217): CodeIgniter\View\View->CodeIgniter\View\{closure}()
#2 C:\xampp\htdocs\cig4\system\Common.php(1097): CodeIgniter\View\View->render('admin/users/tok...', Array, true)
#3 C:\xampp\htdocs\cig4\app\Controllers\pages.php(81): view('admin/users/tok...')
#4 C:\xampp\htdocs\cig4\system\CodeIgniter.php(824): App\Controllers\Pages->tokens()
#5 C:\xampp\htdocs\cig4\system\CodeIgniter.php(410): CodeIgniter\CodeIgniter->runController(Object(App\Controllers\Pages))
#6 C:\xampp\htdocs\cig4\system\CodeIgniter.php(318): CodeIgniter\CodeIgniter->handleRequest(NULL, Object(Config\Cache), false)
#7 C:\xampp\htdocs\cig4\public\index.php(37): CodeIgniter\CodeIgniter->run()
#8 C:\xampp\htdocs\cig4\system\Commands\Server\rewrite.php(43): require_once('C:\\xampp\\htdocs...')
#9 {main}
CRITICAL - 2022-01-03 03:45:55 --> Call to undefined function form_dropdown()
#0 C:\xampp\htdocs\cig4\system\View\View.php(214): include()
#1 C:\xampp\htdocs\cig4\system\View\View.php(217): CodeIgniter\View\View->CodeIgniter\View\{closure}()
#2 C:\xampp\htdocs\cig4\system\Common.php(1097): CodeIgniter\View\View->render('admin/users/tok...', Array, true)
#3 C:\xampp\htdocs\cig4\app\Controllers\pages.php(81): view('admin/users/tok...')
#4 C:\xampp\htdocs\cig4\system\CodeIgniter.php(824): App\Controllers\Pages->tokens()
#5 C:\xampp\htdocs\cig4\system\CodeIgniter.php(410): CodeIgniter\CodeIgniter->runController(Object(App\Controllers\Pages))
#6 C:\xampp\htdocs\cig4\system\CodeIgniter.php(318): CodeIgniter\CodeIgniter->handleRequest(NULL, Object(Config\Cache), false)
#7 C:\xampp\htdocs\cig4\public\index.php(37): CodeIgniter\CodeIgniter->run()
#8 C:\xampp\htdocs\cig4\system\Commands\Server\rewrite.php(43): require_once('C:\\xampp\\htdocs...')
#9 {main}
CRITICAL - 2022-01-03 03:45:58 --> Call to undefined function form_dropdown()
#0 C:\xampp\htdocs\cig4\system\View\View.php(214): include()
#1 C:\xampp\htdocs\cig4\system\View\View.php(217): CodeIgniter\View\View->CodeIgniter\View\{closure}()
#2 C:\xampp\htdocs\cig4\system\Common.php(1097): CodeIgniter\View\View->render('admin/users/tok...', Array, true)
#3 C:\xampp\htdocs\cig4\app\Controllers\pages.php(81): view('admin/users/tok...')
#4 C:\xampp\htdocs\cig4\system\CodeIgniter.php(824): App\Controllers\Pages->tokens()
#5 C:\xampp\htdocs\cig4\system\CodeIgniter.php(410): CodeIgniter\CodeIgniter->runController(Object(App\Controllers\Pages))
#6 C:\xampp\htdocs\cig4\system\CodeIgniter.php(318): CodeIgniter\CodeIgniter->handleRequest(NULL, Object(Config\Cache), false)
#7 C:\xampp\htdocs\cig4\public\index.php(37): CodeIgniter\CodeIgniter->run()
#8 C:\xampp\htdocs\cig4\system\Commands\Server\rewrite.php(43): require_once('C:\\xampp\\htdocs...')
#9 {main}
CRITICAL - 2022-01-03 03:50:07 --> Call to undefined function form_dropdown()
#0 C:\xampp\htdocs\cig4\system\View\View.php(214): include()
#1 C:\xampp\htdocs\cig4\system\View\View.php(217): CodeIgniter\View\View->CodeIgniter\View\{closure}()
#2 C:\xampp\htdocs\cig4\system\Common.php(1097): CodeIgniter\View\View->render('admin/users/tok...', Array, true)
#3 C:\xampp\htdocs\cig4\app\Controllers\pages.php(81): view('admin/users/tok...')
#4 C:\xampp\htdocs\cig4\system\CodeIgniter.php(824): App\Controllers\Pages->tokens()
#5 C:\xampp\htdocs\cig4\system\CodeIgniter.php(410): CodeIgniter\CodeIgniter->runController(Object(App\Controllers\Pages))
#6 C:\xampp\htdocs\cig4\system\CodeIgniter.php(318): CodeIgniter\CodeIgniter->handleRequest(NULL, Object(Config\Cache), false)
#7 C:\xampp\htdocs\cig4\public\index.php(37): CodeIgniter\CodeIgniter->run()
#8 C:\xampp\htdocs\cig4\system\Commands\Server\rewrite.php(43): require_once('C:\\xampp\\htdocs...')
#9 {main}
CRITICAL - 2022-01-03 03:50:58 --> Undefined variable $apiuser_options
#0 C:\xampp\htdocs\cig4\app\Views\admin\users\tokens.php(87): CodeIgniter\Debug\Exceptions->errorHandler(2, 'Undefined varia...', 'C:\\xampp\\htdocs...', 87)
#1 C:\xampp\htdocs\cig4\system\View\View.php(214): include('C:\\xampp\\htdocs...')
#2 C:\xampp\htdocs\cig4\system\View\View.php(217): CodeIgniter\View\View->CodeIgniter\View\{closure}()
#3 C:\xampp\htdocs\cig4\system\Common.php(1097): CodeIgniter\View\View->render('admin/users/tok...', Array, true)
#4 C:\xampp\htdocs\cig4\app\Controllers\pages.php(81): view('admin/users/tok...')
#5 C:\xampp\htdocs\cig4\system\CodeIgniter.php(824): App\Controllers\Pages->tokens()
#6 C:\xampp\htdocs\cig4\system\CodeIgniter.php(410): CodeIgniter\CodeIgniter->runController(Object(App\Controllers\Pages))
#7 C:\xampp\htdocs\cig4\system\CodeIgniter.php(318): CodeIgniter\CodeIgniter->handleRequest(NULL, Object(Config\Cache), false)
#8 C:\xampp\htdocs\cig4\public\index.php(37): CodeIgniter\CodeIgniter->run()
#9 C:\xampp\htdocs\cig4\system\Commands\Server\rewrite.php(43): require_once('C:\\xampp\\htdocs...')
#10 {main}
CRITICAL - 2022-01-03 03:55:49 --> Undefined constant "App\Controllers\use\App\Models\TokensModel"
#0 C:\xampp\htdocs\cig4\system\Router\Router.php(519): include_once()
#1 C:\xampp\htdocs\cig4\system\Router\Router.php(176): CodeIgniter\Router\Router->autoRoute('auth/processtok...')
#2 C:\xampp\htdocs\cig4\system\CodeIgniter.php(718): CodeIgniter\Router\Router->handle('auth/processtok...')
#3 C:\xampp\htdocs\cig4\system\CodeIgniter.php(359): CodeIgniter\CodeIgniter->tryToRouteIt(Object(CodeIgniter\Router\RouteCollection))
#4 C:\xampp\htdocs\cig4\system\CodeIgniter.php(318): CodeIgniter\CodeIgniter->handleRequest(NULL, Object(Config\Cache), false)
#5 C:\xampp\htdocs\cig4\public\index.php(37): CodeIgniter\CodeIgniter->run()
#6 C:\xampp\htdocs\cig4\system\Commands\Server\rewrite.php(43): require_once('C:\\xampp\\htdocs...')
#7 {main}
CRITICAL - 2022-01-03 04:08:03 --> Cannot use object of type stdClass as array
#0 C:\xampp\htdocs\cig4\system\View\View.php(214): include()
#1 C:\xampp\htdocs\cig4\system\View\View.php(217): CodeIgniter\View\View->CodeIgniter\View\{closure}()
#2 C:\xampp\htdocs\cig4\system\Common.php(1097): CodeIgniter\View\View->render('admin/users/tok...', Array, true)
#3 C:\xampp\htdocs\cig4\app\Controllers\pages.php(81): view('admin/users/tok...')
#4 C:\xampp\htdocs\cig4\system\CodeIgniter.php(824): App\Controllers\Pages->tokens()
#5 C:\xampp\htdocs\cig4\system\CodeIgniter.php(410): CodeIgniter\CodeIgniter->runController(Object(App\Controllers\Pages))
#6 C:\xampp\htdocs\cig4\system\CodeIgniter.php(318): CodeIgniter\CodeIgniter->handleRequest(NULL, Object(Config\Cache), false)
#7 C:\xampp\htdocs\cig4\public\index.php(37): CodeIgniter\CodeIgniter->run()
#8 C:\xampp\htdocs\cig4\system\Commands\Server\rewrite.php(43): require_once('C:\\xampp\\htdocs...')
#9 {main}
CRITICAL - 2022-01-03 04:09:29 --> Undefined variable $apiuser
#0 C:\xampp\htdocs\cig4\app\Views\admin\users\tokens.php(93): CodeIgniter\Debug\Exceptions->errorHandler(2, 'Undefined varia...', 'C:\\xampp\\htdocs...', 93)
#1 C:\xampp\htdocs\cig4\system\View\View.php(214): include('C:\\xampp\\htdocs...')
#2 C:\xampp\htdocs\cig4\system\View\View.php(217): CodeIgniter\View\View->CodeIgniter\View\{closure}()
#3 C:\xampp\htdocs\cig4\system\Common.php(1097): CodeIgniter\View\View->render('admin/users/tok...', Array, true)
#4 C:\xampp\htdocs\cig4\app\Controllers\pages.php(81): view('admin/users/tok...')
#5 C:\xampp\htdocs\cig4\system\CodeIgniter.php(824): App\Controllers\Pages->tokens()
#6 C:\xampp\htdocs\cig4\system\CodeIgniter.php(410): CodeIgniter\CodeIgniter->runController(Object(App\Controllers\Pages))
#7 C:\xampp\htdocs\cig4\system\CodeIgniter.php(318): CodeIgniter\CodeIgniter->handleRequest(NULL, Object(Config\Cache), false)
#8 C:\xampp\htdocs\cig4\public\index.php(37): CodeIgniter\CodeIgniter->run()
#9 C:\xampp\htdocs\cig4\system\Commands\Server\rewrite.php(43): require_once('C:\\xampp\\htdocs...')
#10 {main}
CRITICAL - 2022-01-03 04:10:55 --> Illegal offset type in isset or empty
#0 C:\xampp\htdocs\cig4\app\Views\admin\users\tokens.php(98): form_dropdown(Object(stdClass))
#1 C:\xampp\htdocs\cig4\system\View\View.php(214): include('C:\\xampp\\htdocs...')
#2 C:\xampp\htdocs\cig4\system\View\View.php(217): CodeIgniter\View\View->CodeIgniter\View\{closure}()
#3 C:\xampp\htdocs\cig4\system\Common.php(1097): CodeIgniter\View\View->render('admin/users/tok...', Array, true)
#4 C:\xampp\htdocs\cig4\app\Controllers\pages.php(81): view('admin/users/tok...')
#5 C:\xampp\htdocs\cig4\system\CodeIgniter.php(824): App\Controllers\Pages->tokens()
#6 C:\xampp\htdocs\cig4\system\CodeIgniter.php(410): CodeIgniter\CodeIgniter->runController(Object(App\Controllers\Pages))
#7 C:\xampp\htdocs\cig4\system\CodeIgniter.php(318): CodeIgniter\CodeIgniter->handleRequest(NULL, Object(Config\Cache), false)
#8 C:\xampp\htdocs\cig4\public\index.php(37): CodeIgniter\CodeIgniter->run()
#9 C:\xampp\htdocs\cig4\system\Commands\Server\rewrite.php(43): require_once('C:\\xampp\\htdocs...')
#10 {main}
CRITICAL - 2022-01-03 04:13:18 --> Attempt to read property "username" on array
#0 C:\xampp\htdocs\cig4\app\Views\admin\users\tokens.php(91): CodeIgniter\Debug\Exceptions->errorHandler(2, 'Attempt to read...', 'C:\\xampp\\htdocs...', 91)
#1 C:\xampp\htdocs\cig4\system\View\View.php(214): include('C:\\xampp\\htdocs...')
#2 C:\xampp\htdocs\cig4\system\View\View.php(217): CodeIgniter\View\View->CodeIgniter\View\{closure}()
#3 C:\xampp\htdocs\cig4\system\Common.php(1097): CodeIgniter\View\View->render('admin/users/tok...', Array, true)
#4 C:\xampp\htdocs\cig4\app\Controllers\pages.php(81): view('admin/users/tok...')
#5 C:\xampp\htdocs\cig4\system\CodeIgniter.php(824): App\Controllers\Pages->tokens()
#6 C:\xampp\htdocs\cig4\system\CodeIgniter.php(410): CodeIgniter\CodeIgniter->runController(Object(App\Controllers\Pages))
#7 C:\xampp\htdocs\cig4\system\CodeIgniter.php(318): CodeIgniter\CodeIgniter->handleRequest(NULL, Object(Config\Cache), false)
#8 C:\xampp\htdocs\cig4\public\index.php(37): CodeIgniter\CodeIgniter->run()
#9 C:\xampp\htdocs\cig4\system\Commands\Server\rewrite.php(43): require_once('C:\\xampp\\htdocs...')
#10 {main}
CRITICAL - 2022-01-03 04:43:54 --> Illegal offset type in isset or empty
#0 C:\xampp\htdocs\cig4\app\Views\admin\users\tokens.php(99): form_dropdown(Object(stdClass))
#1 C:\xampp\htdocs\cig4\system\View\View.php(214): include('C:\\xampp\\htdocs...')
#2 C:\xampp\htdocs\cig4\system\View\View.php(217): CodeIgniter\View\View->CodeIgniter\View\{closure}()
#3 C:\xampp\htdocs\cig4\system\Common.php(1097): CodeIgniter\View\View->render('admin/users/tok...', Array, true)
#4 C:\xampp\htdocs\cig4\app\Controllers\pages.php(81): view('admin/users/tok...')
#5 C:\xampp\htdocs\cig4\system\CodeIgniter.php(824): App\Controllers\Pages->tokens()
#6 C:\xampp\htdocs\cig4\system\CodeIgniter.php(410): CodeIgniter\CodeIgniter->runController(Object(App\Controllers\Pages))
#7 C:\xampp\htdocs\cig4\system\CodeIgniter.php(318): CodeIgniter\CodeIgniter->handleRequest(NULL, Object(Config\Cache), false)
#8 C:\xampp\htdocs\cig4\public\index.php(37): CodeIgniter\CodeIgniter->run()
#9 C:\xampp\htdocs\cig4\system\Commands\Server\rewrite.php(43): require_once('C:\\xampp\\htdocs...')
#10 {main}
CRITICAL - 2022-01-03 04:44:11 --> Illegal offset type in isset or empty
#0 C:\xampp\htdocs\cig4\app\Views\admin\users\tokens.php(99): form_dropdown(Object(stdClass))
#1 C:\xampp\htdocs\cig4\system\View\View.php(214): include('C:\\xampp\\htdocs...')
#2 C:\xampp\htdocs\cig4\system\View\View.php(217): CodeIgniter\View\View->CodeIgniter\View\{closure}()
#3 C:\xampp\htdocs\cig4\system\Common.php(1097): CodeIgniter\View\View->render('admin/users/tok...', Array, true)
#4 C:\xampp\htdocs\cig4\app\Controllers\pages.php(81): view('admin/users/tok...')
#5 C:\xampp\htdocs\cig4\system\CodeIgniter.php(824): App\Controllers\Pages->tokens()
#6 C:\xampp\htdocs\cig4\system\CodeIgniter.php(410): CodeIgniter\CodeIgniter->runController(Object(App\Controllers\Pages))
#7 C:\xampp\htdocs\cig4\system\CodeIgniter.php(318): CodeIgniter\CodeIgniter->handleRequest(NULL, Object(Config\Cache), false)
#8 C:\xampp\htdocs\cig4\public\index.php(37): CodeIgniter\CodeIgniter->run()
#9 C:\xampp\htdocs\cig4\system\Commands\Server\rewrite.php(43): require_once('C:\\xampp\\htdocs...')
#10 {main}
CRITICAL - 2022-01-03 04:44:16 --> Illegal offset type in isset or empty
#0 C:\xampp\htdocs\cig4\app\Views\admin\users\tokens.php(99): form_dropdown(Object(stdClass))
#1 C:\xampp\htdocs\cig4\system\View\View.php(214): include('C:\\xampp\\htdocs...')
#2 C:\xampp\htdocs\cig4\system\View\View.php(217): CodeIgniter\View\View->CodeIgniter\View\{closure}()
#3 C:\xampp\htdocs\cig4\system\Common.php(1097): CodeIgniter\View\View->render('admin/users/tok...', Array, true)
#4 C:\xampp\htdocs\cig4\app\Controllers\pages.php(81): view('admin/users/tok...')
#5 C:\xampp\htdocs\cig4\system\CodeIgniter.php(824): App\Controllers\Pages->tokens()
#6 C:\xampp\htdocs\cig4\system\CodeIgniter.php(410): CodeIgniter\CodeIgniter->runController(Object(App\Controllers\Pages))
#7 C:\xampp\htdocs\cig4\system\CodeIgniter.php(318): CodeIgniter\CodeIgniter->handleRequest(NULL, Object(Config\Cache), false)
#8 C:\xampp\htdocs\cig4\public\index.php(37): CodeIgniter\CodeIgniter->run()
#9 C:\xampp\htdocs\cig4\system\Commands\Server\rewrite.php(43): require_once('C:\\xampp\\htdocs...')
#10 {main}
CRITICAL - 2022-01-03 04:44:22 --> Illegal offset type in isset or empty
#0 C:\xampp\htdocs\cig4\app\Views\admin\users\tokens.php(99): form_dropdown(Object(stdClass))
#1 C:\xampp\htdocs\cig4\system\View\View.php(214): include('C:\\xampp\\htdocs...')
#2 C:\xampp\htdocs\cig4\system\View\View.php(217): CodeIgniter\View\View->CodeIgniter\View\{closure}()
#3 C:\xampp\htdocs\cig4\system\Common.php(1097): CodeIgniter\View\View->render('admin/users/tok...', Array, true)
#4 C:\xampp\htdocs\cig4\app\Controllers\pages.php(81): view('admin/users/tok...')
#5 C:\xampp\htdocs\cig4\system\CodeIgniter.php(824): App\Controllers\Pages->tokens()
#6 C:\xampp\htdocs\cig4\system\CodeIgniter.php(410): CodeIgniter\CodeIgniter->runController(Object(App\Controllers\Pages))
#7 C:\xampp\htdocs\cig4\system\CodeIgniter.php(318): CodeIgniter\CodeIgniter->handleRequest(NULL, Object(Config\Cache), false)
#8 C:\xampp\htdocs\cig4\public\index.php(37): CodeIgniter\CodeIgniter->run()
#9 C:\xampp\htdocs\cig4\system\Commands\Server\rewrite.php(43): require_once('C:\\xampp\\htdocs...')
#10 {main}
CRITICAL - 2022-01-03 04:48:26 --> syntax error, unexpected token ";", expecting ")"
#0 C:\xampp\htdocs\cig4\system\View\View.php(217): CodeIgniter\View\View->CodeIgniter\View\{closure}()
#1 C:\xampp\htdocs\cig4\system\Common.php(1097): CodeIgniter\View\View->render('admin/users/tok...', Array, true)
#2 C:\xampp\htdocs\cig4\app\Controllers\pages.php(81): view('admin/users/tok...')
#3 C:\xampp\htdocs\cig4\system\CodeIgniter.php(824): App\Controllers\Pages->tokens()
#4 C:\xampp\htdocs\cig4\system\CodeIgniter.php(410): CodeIgniter\CodeIgniter->runController(Object(App\Controllers\Pages))
#5 C:\xampp\htdocs\cig4\system\CodeIgniter.php(318): CodeIgniter\CodeIgniter->handleRequest(NULL, Object(Config\Cache), false)
#6 C:\xampp\htdocs\cig4\public\index.php(37): CodeIgniter\CodeIgniter->run()
#7 C:\xampp\htdocs\cig4\system\Commands\Server\rewrite.php(43): require_once('C:\\xampp\\htdocs...')
#8 {main}
CRITICAL - 2022-01-03 04:48:38 --> syntax error, unexpected token "<"
#0 C:\xampp\htdocs\cig4\system\View\View.php(217): CodeIgniter\View\View->CodeIgniter\View\{closure}()
#1 C:\xampp\htdocs\cig4\system\Common.php(1097): CodeIgniter\View\View->render('admin/users/tok...', Array, true)
#2 C:\xampp\htdocs\cig4\app\Controllers\pages.php(81): view('admin/users/tok...')
#3 C:\xampp\htdocs\cig4\system\CodeIgniter.php(824): App\Controllers\Pages->tokens()
#4 C:\xampp\htdocs\cig4\system\CodeIgniter.php(410): CodeIgniter\CodeIgniter->runController(Object(App\Controllers\Pages))
#5 C:\xampp\htdocs\cig4\system\CodeIgniter.php(318): CodeIgniter\CodeIgniter->handleRequest(NULL, Object(Config\Cache), false)
#6 C:\xampp\htdocs\cig4\public\index.php(37): CodeIgniter\CodeIgniter->run()
#7 C:\xampp\htdocs\cig4\system\Commands\Server\rewrite.php(43): require_once('C:\\xampp\\htdocs...')
#8 {main}
CRITICAL - 2022-01-03 04:57:00 --> Call to undefined function formdropdown()
#0 C:\xampp\htdocs\cig4\system\View\View.php(214): include()
#1 C:\xampp\htdocs\cig4\system\View\View.php(217): CodeIgniter\View\View->CodeIgniter\View\{closure}()
#2 C:\xampp\htdocs\cig4\system\Common.php(1097): CodeIgniter\View\View->render('admin/users/tok...', Array, true)
#3 C:\xampp\htdocs\cig4\app\Controllers\pages.php(81): view('admin/users/tok...')
#4 C:\xampp\htdocs\cig4\system\CodeIgniter.php(824): App\Controllers\Pages->tokens()
#5 C:\xampp\htdocs\cig4\system\CodeIgniter.php(410): CodeIgniter\CodeIgniter->runController(Object(App\Controllers\Pages))
#6 C:\xampp\htdocs\cig4\system\CodeIgniter.php(318): CodeIgniter\CodeIgniter->handleRequest(NULL, Object(Config\Cache), false)
#7 C:\xampp\htdocs\cig4\public\index.php(37): CodeIgniter\CodeIgniter->run()
#8 C:\xampp\htdocs\cig4\system\Commands\Server\rewrite.php(43): require_once('C:\\xampp\\htdocs...')
#9 {main}
CRITICAL - 2022-01-03 04:58:15 --> Call to undefined function form_dropdown()
#0 C:\xampp\htdocs\cig4\system\View\View.php(214): include()
#1 C:\xampp\htdocs\cig4\system\View\View.php(217): CodeIgniter\View\View->CodeIgniter\View\{closure}()
#2 C:\xampp\htdocs\cig4\system\Common.php(1097): CodeIgniter\View\View->render('admin/users/tok...', Array, true)
#3 C:\xampp\htdocs\cig4\app\Controllers\pages.php(81): view('admin/users/tok...')
#4 C:\xampp\htdocs\cig4\system\CodeIgniter.php(824): App\Controllers\Pages->tokens()
#5 C:\xampp\htdocs\cig4\system\CodeIgniter.php(410): CodeIgniter\CodeIgniter->runController(Object(App\Controllers\Pages))
#6 C:\xampp\htdocs\cig4\system\CodeIgniter.php(318): CodeIgniter\CodeIgniter->handleRequest(NULL, Object(Config\Cache), false)
#7 C:\xampp\htdocs\cig4\public\index.php(37): CodeIgniter\CodeIgniter->run()
#8 C:\xampp\htdocs\cig4\system\Commands\Server\rewrite.php(43): require_once('C:\\xampp\\htdocs...')
#9 {main}
CRITICAL - 2022-01-03 05:05:29 --> Call to undefined function form_dropdown()
#0 C:\xampp\htdocs\cig4\system\View\View.php(214): include()
#1 C:\xampp\htdocs\cig4\system\View\View.php(217): CodeIgniter\View\View->CodeIgniter\View\{closure}()
#2 C:\xampp\htdocs\cig4\system\Common.php(1097): CodeIgniter\View\View->render('admin/users/tok...', Array, true)
#3 C:\xampp\htdocs\cig4\app\Controllers\pages.php(81): view('admin/users/tok...')
#4 C:\xampp\htdocs\cig4\system\CodeIgniter.php(824): App\Controllers\Pages->tokens()
#5 C:\xampp\htdocs\cig4\system\CodeIgniter.php(410): CodeIgniter\CodeIgniter->runController(Object(App\Controllers\Pages))
#6 C:\xampp\htdocs\cig4\system\CodeIgniter.php(318): CodeIgniter\CodeIgniter->handleRequest(NULL, Object(Config\Cache), false)
#7 C:\xampp\htdocs\cig4\public\index.php(37): CodeIgniter\CodeIgniter->run()
#8 C:\xampp\htdocs\cig4\system\Commands\Server\rewrite.php(43): require_once('C:\\xampp\\htdocs...')
#9 {main}
CRITICAL - 2022-01-03 05:07:46 --> syntax error, unexpected identifier "form"
#0 C:\xampp\htdocs\cig4\system\View\View.php(217): CodeIgniter\View\View->CodeIgniter\View\{closure}()
#1 C:\xampp\htdocs\cig4\system\Common.php(1097): CodeIgniter\View\View->render('admin/users/tok...', Array, true)
#2 C:\xampp\htdocs\cig4\app\Controllers\pages.php(81): view('admin/users/tok...')
#3 C:\xampp\htdocs\cig4\system\CodeIgniter.php(824): App\Controllers\Pages->tokens()
#4 C:\xampp\htdocs\cig4\system\CodeIgniter.php(410): CodeIgniter\CodeIgniter->runController(Object(App\Controllers\Pages))
#5 C:\xampp\htdocs\cig4\system\CodeIgniter.php(318): CodeIgniter\CodeIgniter->handleRequest(NULL, Object(Config\Cache), false)
#6 C:\xampp\htdocs\cig4\public\index.php(37): CodeIgniter\CodeIgniter->run()
#7 C:\xampp\htdocs\cig4\system\Commands\Server\rewrite.php(43): require_once('C:\\xampp\\htdocs...')
#8 {main}
CRITICAL - 2022-01-03 05:08:12 --> Path cannot be empty
#0 C:\xampp\htdocs\cig4\system\View\View.php(214): include()
#1 C:\xampp\htdocs\cig4\system\View\View.php(217): CodeIgniter\View\View->CodeIgniter\View\{closure}()
#2 C:\xampp\htdocs\cig4\system\Common.php(1097): CodeIgniter\View\View->render('admin/users/tok...', Array, true)
#3 C:\xampp\htdocs\cig4\app\Controllers\pages.php(81): view('admin/users/tok...')
#4 C:\xampp\htdocs\cig4\system\CodeIgniter.php(824): App\Controllers\Pages->tokens()
#5 C:\xampp\htdocs\cig4\system\CodeIgniter.php(410): CodeIgniter\CodeIgniter->runController(Object(App\Controllers\Pages))
#6 C:\xampp\htdocs\cig4\system\CodeIgniter.php(318): CodeIgniter\CodeIgniter->handleRequest(NULL, Object(Config\Cache), false)
#7 C:\xampp\htdocs\cig4\public\index.php(37): CodeIgniter\CodeIgniter->run()
#8 C:\xampp\htdocs\cig4\system\Commands\Server\rewrite.php(43): require_once('C:\\xampp\\htdocs...')
#9 {main}
CRITICAL - 2022-01-03 05:08:32 --> include(helper(['form'])): Failed to open stream: No such file or directory
#0 C:\xampp\htdocs\cig4\app\Views\admin\users\tokens.php(92): CodeIgniter\Debug\Exceptions->errorHandler(2, 'include(helper(...', 'C:\\xampp\\htdocs...', 92)
#1 C:\xampp\htdocs\cig4\app\Views\admin\users\tokens.php(92): include()
#2 C:\xampp\htdocs\cig4\system\View\View.php(214): include('C:\\xampp\\htdocs...')
#3 C:\xampp\htdocs\cig4\system\View\View.php(217): CodeIgniter\View\View->CodeIgniter\View\{closure}()
#4 C:\xampp\htdocs\cig4\system\Common.php(1097): CodeIgniter\View\View->render('admin/users/tok...', Array, true)
#5 C:\xampp\htdocs\cig4\app\Controllers\pages.php(81): view('admin/users/tok...')
#6 C:\xampp\htdocs\cig4\system\CodeIgniter.php(824): App\Controllers\Pages->tokens()
#7 C:\xampp\htdocs\cig4\system\CodeIgniter.php(410): CodeIgniter\CodeIgniter->runController(Object(App\Controllers\Pages))
#8 C:\xampp\htdocs\cig4\system\CodeIgniter.php(318): CodeIgniter\CodeIgniter->handleRequest(NULL, Object(Config\Cache), false)
#9 C:\xampp\htdocs\cig4\public\index.php(37): CodeIgniter\CodeIgniter->run()
#10 C:\xampp\htdocs\cig4\system\Commands\Server\rewrite.php(43): require_once('C:\\xampp\\htdocs...')
#11 {main}
CRITICAL - 2022-01-03 05:09:26 --> Undefined property: CodeIgniter\View\View::$load
#0 C:\xampp\htdocs\cig4\app\Views\admin\users\tokens.php(92): CodeIgniter\Debug\Exceptions->errorHandler(2, 'Undefined prope...', 'C:\\xampp\\htdocs...', 92)
#1 C:\xampp\htdocs\cig4\system\View\View.php(214): include('C:\\xampp\\htdocs...')
#2 C:\xampp\htdocs\cig4\system\View\View.php(217): CodeIgniter\View\View->CodeIgniter\View\{closure}()
#3 C:\xampp\htdocs\cig4\system\Common.php(1097): CodeIgniter\View\View->render('admin/users/tok...', Array, true)
#4 C:\xampp\htdocs\cig4\app\Controllers\pages.php(81): view('admin/users/tok...')
#5 C:\xampp\htdocs\cig4\system\CodeIgniter.php(824): App\Controllers\Pages->tokens()
#6 C:\xampp\htdocs\cig4\system\CodeIgniter.php(410): CodeIgniter\CodeIgniter->runController(Object(App\Controllers\Pages))
#7 C:\xampp\htdocs\cig4\system\CodeIgniter.php(318): CodeIgniter\CodeIgniter->handleRequest(NULL, Object(Config\Cache), false)
#8 C:\xampp\htdocs\cig4\public\index.php(37): CodeIgniter\CodeIgniter->run()
#9 C:\xampp\htdocs\cig4\system\Commands\Server\rewrite.php(43): require_once('C:\\xampp\\htdocs...')
#10 {main}
CRITICAL - 2022-01-03 05:09:43 --> Call to undefined method CodeIgniter\View\View::helper()
#0 C:\xampp\htdocs\cig4\system\View\View.php(214): include()
#1 C:\xampp\htdocs\cig4\system\View\View.php(217): CodeIgniter\View\View->CodeIgniter\View\{closure}()
#2 C:\xampp\htdocs\cig4\system\Common.php(1097): CodeIgniter\View\View->render('admin/users/tok...', Array, true)
#3 C:\xampp\htdocs\cig4\app\Controllers\pages.php(81): view('admin/users/tok...')
#4 C:\xampp\htdocs\cig4\system\CodeIgniter.php(824): App\Controllers\Pages->tokens()
#5 C:\xampp\htdocs\cig4\system\CodeIgniter.php(410): CodeIgniter\CodeIgniter->runController(Object(App\Controllers\Pages))
#6 C:\xampp\htdocs\cig4\system\CodeIgniter.php(318): CodeIgniter\CodeIgniter->handleRequest(NULL, Object(Config\Cache), false)
#7 C:\xampp\htdocs\cig4\public\index.php(37): CodeIgniter\CodeIgniter->run()
#8 C:\xampp\htdocs\cig4\system\Commands\Server\rewrite.php(43): require_once('C:\\xampp\\htdocs...')
#9 {main}
CRITICAL - 2022-01-03 05:25:31 --> Call to undefined function options()
#0 C:\xampp\htdocs\cig4\system\View\View.php(214): include()
#1 C:\xampp\htdocs\cig4\system\View\View.php(217): CodeIgniter\View\View->CodeIgniter\View\{closure}()
#2 C:\xampp\htdocs\cig4\system\Common.php(1097): CodeIgniter\View\View->render('admin/users/tok...', Array, true)
#3 C:\xampp\htdocs\cig4\app\Controllers\pages.php(81): view('admin/users/tok...')
#4 C:\xampp\htdocs\cig4\system\CodeIgniter.php(824): App\Controllers\Pages->tokens()
#5 C:\xampp\htdocs\cig4\system\CodeIgniter.php(410): CodeIgniter\CodeIgniter->runController(Object(App\Controllers\Pages))
#6 C:\xampp\htdocs\cig4\system\CodeIgniter.php(318): CodeIgniter\CodeIgniter->handleRequest(NULL, Object(Config\Cache), false)
#7 C:\xampp\htdocs\cig4\public\index.php(37): CodeIgniter\CodeIgniter->run()
#8 C:\xampp\htdocs\cig4\system\Commands\Server\rewrite.php(43): require_once('C:\\xampp\\htdocs...')
#9 {main}
CRITICAL - 2022-01-03 05:25:46 --> Call to undefined function options()
#0 C:\xampp\htdocs\cig4\system\View\View.php(214): include()
#1 C:\xampp\htdocs\cig4\system\View\View.php(217): CodeIgniter\View\View->CodeIgniter\View\{closure}()
#2 C:\xampp\htdocs\cig4\system\Common.php(1097): CodeIgniter\View\View->render('admin/users/tok...', Array, true)
#3 C:\xampp\htdocs\cig4\app\Controllers\pages.php(81): view('admin/users/tok...')
#4 C:\xampp\htdocs\cig4\system\CodeIgniter.php(824): App\Controllers\Pages->tokens()
#5 C:\xampp\htdocs\cig4\system\CodeIgniter.php(410): CodeIgniter\CodeIgniter->runController(Object(App\Controllers\Pages))
#6 C:\xampp\htdocs\cig4\system\CodeIgniter.php(318): CodeIgniter\CodeIgniter->handleRequest(NULL, Object(Config\Cache), false)
#7 C:\xampp\htdocs\cig4\public\index.php(37): CodeIgniter\CodeIgniter->run()
#8 C:\xampp\htdocs\cig4\system\Commands\Server\rewrite.php(43): require_once('C:\\xampp\\htdocs...')
#9 {main}
CRITICAL - 2022-01-03 05:25:50 --> Call to undefined function options()
#0 C:\xampp\htdocs\cig4\system\View\View.php(214): include()
#1 C:\xampp\htdocs\cig4\system\View\View.php(217): CodeIgniter\View\View->CodeIgniter\View\{closure}()
#2 C:\xampp\htdocs\cig4\system\Common.php(1097): CodeIgniter\View\View->render('admin/users/tok...', Array, true)
#3 C:\xampp\htdocs\cig4\app\Controllers\pages.php(81): view('admin/users/tok...')
#4 C:\xampp\htdocs\cig4\system\CodeIgniter.php(824): App\Controllers\Pages->tokens()
#5 C:\xampp\htdocs\cig4\system\CodeIgniter.php(410): CodeIgniter\CodeIgniter->runController(Object(App\Controllers\Pages))
#6 C:\xampp\htdocs\cig4\system\CodeIgniter.php(318): CodeIgniter\CodeIgniter->handleRequest(NULL, Object(Config\Cache), false)
#7 C:\xampp\htdocs\cig4\public\index.php(37): CodeIgniter\CodeIgniter->run()
#8 C:\xampp\htdocs\cig4\system\Commands\Server\rewrite.php(43): require_once('C:\\xampp\\htdocs...')
#9 {main}
CRITICAL - 2022-01-03 05:44:28 --> Undefined constant "App\Controllers\use\App\Models\TokensModel"
#0 C:\xampp\htdocs\cig4\system\Router\Router.php(519): include_once()
#1 C:\xampp\htdocs\cig4\system\Router\Router.php(176): CodeIgniter\Router\Router->autoRoute('auth/processapi')
#2 C:\xampp\htdocs\cig4\system\CodeIgniter.php(718): CodeIgniter\Router\Router->handle('auth/processapi')
#3 C:\xampp\htdocs\cig4\system\CodeIgniter.php(359): CodeIgniter\CodeIgniter->tryToRouteIt(Object(CodeIgniter\Router\RouteCollection))
#4 C:\xampp\htdocs\cig4\system\CodeIgniter.php(318): CodeIgniter\CodeIgniter->handleRequest(NULL, Object(Config\Cache), false)
#5 C:\xampp\htdocs\cig4\public\index.php(37): CodeIgniter\CodeIgniter->run()
#6 C:\xampp\htdocs\cig4\system\Commands\Server\rewrite.php(43): require_once('C:\\xampp\\htdocs...')
#7 {main}
ERROR - 2022-01-03 05:44:50 --> Column 'added_by' cannot be null
CRITICAL - 2022-01-03 05:44:50 --> Column 'added_by' cannot be null
#0 C:\xampp\htdocs\cig4\system\Database\MySQLi\Connection.php(292): mysqli->query('INSERT INTO `tb...', 0)
#1 C:\xampp\htdocs\cig4\system\Database\BaseConnection.php(670): CodeIgniter\Database\MySQLi\Connection->execute('INSERT INTO `tb...')
#2 C:\xampp\htdocs\cig4\system\Database\BaseConnection.php(598): CodeIgniter\Database\BaseConnection->simpleQuery('INSERT INTO `tb...')
#3 C:\xampp\htdocs\cig4\system\Database\BaseBuilder.php(1759): CodeIgniter\Database\BaseConnection->query('INSERT INTO `tb...', Array, false)
#4 C:\xampp\htdocs\cig4\system\Model.php(239): CodeIgniter\Database\BaseBuilder->insert()
#5 C:\xampp\htdocs\cig4\system\BaseModel.php(738): CodeIgniter\Model->doInsert(Array)
#6 C:\xampp\htdocs\cig4\system\Model.php(620): CodeIgniter\BaseModel->insert(Array, false)
#7 C:\xampp\htdocs\cig4\system\BaseModel.php(658): CodeIgniter\Model->insert(Array, false)
#8 C:\xampp\htdocs\cig4\app\Controllers\Auth.php(328): CodeIgniter\BaseModel->save(Array)
#9 C:\xampp\htdocs\cig4\system\CodeIgniter.php(824): App\Controllers\Auth->processapi()
#10 C:\xampp\htdocs\cig4\system\CodeIgniter.php(410): CodeIgniter\CodeIgniter->runController(Object(App\Controllers\Auth))
#11 C:\xampp\htdocs\cig4\system\CodeIgniter.php(318): CodeIgniter\CodeIgniter->handleRequest(NULL, Object(Config\Cache), false)
#12 C:\xampp\htdocs\cig4\public\index.php(37): CodeIgniter\CodeIgniter->run()
#13 C:\xampp\htdocs\cig4\system\Commands\Server\rewrite.php(43): require_once('C:\\xampp\\htdocs...')
#14 {main}
CRITICAL - 2022-01-03 05:48:46 --> Class "App\Controllers\APIProductsModel" not found
#0 C:\xampp\htdocs\cig4\system\CodeIgniter.php(824): App\Controllers\Auth->processtokens()
#1 C:\xampp\htdocs\cig4\system\CodeIgniter.php(410): CodeIgniter\CodeIgniter->runController(Object(App\Controllers\Auth))
#2 C:\xampp\htdocs\cig4\system\CodeIgniter.php(318): CodeIgniter\CodeIgniter->handleRequest(NULL, Object(Config\Cache), false)
#3 C:\xampp\htdocs\cig4\public\index.php(37): CodeIgniter\CodeIgniter->run()
#4 C:\xampp\htdocs\cig4\system\Commands\Server\rewrite.php(43): require_once('C:\\xampp\\htdocs...')
#5 {main}
CRITICAL - 2022-01-03 06:05:47 --> Unclosed '{' on line 91
#0 C:\xampp\htdocs\cig4\system\View\View.php(217): CodeIgniter\View\View->CodeIgniter\View\{closure}()
#1 C:\xampp\htdocs\cig4\system\Common.php(1097): CodeIgniter\View\View->render('admin/users/tok...', Array, true)
#2 C:\xampp\htdocs\cig4\app\Controllers\pages.php(81): view('admin/users/tok...')
#3 C:\xampp\htdocs\cig4\system\CodeIgniter.php(824): App\Controllers\Pages->tokens()
#4 C:\xampp\htdocs\cig4\system\CodeIgniter.php(410): CodeIgniter\CodeIgniter->runController(Object(App\Controllers\Pages))
#5 C:\xampp\htdocs\cig4\system\CodeIgniter.php(318): CodeIgniter\CodeIgniter->handleRequest(NULL, Object(Config\Cache), false)
#6 C:\xampp\htdocs\cig4\public\index.php(37): CodeIgniter\CodeIgniter->run()
#7 C:\xampp\htdocs\cig4\system\Commands\Server\rewrite.php(43): require_once('C:\\xampp\\htdocs...')
#8 {main}
CRITICAL - 2022-01-03 06:08:13 --> Call to undefined function form_dropdown()
#0 C:\xampp\htdocs\cig4\system\View\View.php(214): include()
#1 C:\xampp\htdocs\cig4\system\View\View.php(217): CodeIgniter\View\View->CodeIgniter\View\{closure}()
#2 C:\xampp\htdocs\cig4\system\Common.php(1097): CodeIgniter\View\View->render('admin/users/tok...', Array, true)
#3 C:\xampp\htdocs\cig4\app\Controllers\pages.php(81): view('admin/users/tok...')
#4 C:\xampp\htdocs\cig4\system\CodeIgniter.php(824): App\Controllers\Pages->tokens()
#5 C:\xampp\htdocs\cig4\system\CodeIgniter.php(410): CodeIgniter\CodeIgniter->runController(Object(App\Controllers\Pages))
#6 C:\xampp\htdocs\cig4\system\CodeIgniter.php(318): CodeIgniter\CodeIgniter->handleRequest(NULL, Object(Config\Cache), false)
#7 C:\xampp\htdocs\cig4\public\index.php(37): CodeIgniter\CodeIgniter->run()
#8 C:\xampp\htdocs\cig4\system\Commands\Server\rewrite.php(43): require_once('C:\\xampp\\htdocs...')
#9 {main}
CRITICAL - 2022-01-03 06:10:29 --> Undefined variable $apiuser_options
#0 C:\xampp\htdocs\cig4\app\Views\admin\users\tokens.php(93): CodeIgniter\Debug\Exceptions->errorHandler(2, 'Undefined varia...', 'C:\\xampp\\htdocs...', 93)
#1 C:\xampp\htdocs\cig4\system\View\View.php(214): include('C:\\xampp\\htdocs...')
#2 C:\xampp\htdocs\cig4\system\View\View.php(217): CodeIgniter\View\View->CodeIgniter\View\{closure}()
#3 C:\xampp\htdocs\cig4\system\Common.php(1097): CodeIgniter\View\View->render('admin/users/tok...', Array, true)
#4 C:\xampp\htdocs\cig4\app\Controllers\pages.php(81): view('admin/users/tok...')
#5 C:\xampp\htdocs\cig4\system\CodeIgniter.php(824): App\Controllers\Pages->tokens()
#6 C:\xampp\htdocs\cig4\system\CodeIgniter.php(410): CodeIgniter\CodeIgniter->runController(Object(App\Controllers\Pages))
#7 C:\xampp\htdocs\cig4\system\CodeIgniter.php(318): CodeIgniter\CodeIgniter->handleRequest(NULL, Object(Config\Cache), false)
#8 C:\xampp\htdocs\cig4\public\index.php(37): CodeIgniter\CodeIgniter->run()
#9 C:\xampp\htdocs\cig4\system\Commands\Server\rewrite.php(43): require_once('C:\\xampp\\htdocs...')
#10 {main}
CRITICAL - 2022-01-03 06:12:09 --> Undefined variable $apiuser_options
#0 C:\xampp\htdocs\cig4\app\Views\admin\users\tokens.php(95): CodeIgniter\Debug\Exceptions->errorHandler(2, 'Undefined varia...', 'C:\\xampp\\htdocs...', 95)
#1 C:\xampp\htdocs\cig4\system\View\View.php(214): include('C:\\xampp\\htdocs...')
#2 C:\xampp\htdocs\cig4\system\View\View.php(217): CodeIgniter\View\View->CodeIgniter\View\{closure}()
#3 C:\xampp\htdocs\cig4\system\Common.php(1097): CodeIgniter\View\View->render('admin/users/tok...', Array, true)
#4 C:\xampp\htdocs\cig4\app\Controllers\pages.php(81): view('admin/users/tok...')
#5 C:\xampp\htdocs\cig4\system\CodeIgniter.php(824): App\Controllers\Pages->tokens()
#6 C:\xampp\htdocs\cig4\system\CodeIgniter.php(410): CodeIgniter\CodeIgniter->runController(Object(App\Controllers\Pages))
#7 C:\xampp\htdocs\cig4\system\CodeIgniter.php(318): CodeIgniter\CodeIgniter->handleRequest(NULL, Object(Config\Cache), false)
#8 C:\xampp\htdocs\cig4\public\index.php(37): CodeIgniter\CodeIgniter->run()
#9 C:\xampp\htdocs\cig4\system\Commands\Server\rewrite.php(43): require_once('C:\\xampp\\htdocs...')
#10 {main}
CRITICAL - 2022-01-03 06:12:10 --> Undefined variable $apiuser_options
#0 C:\xampp\htdocs\cig4\app\Views\admin\users\tokens.php(95): CodeIgniter\Debug\Exceptions->errorHandler(2, 'Undefined varia...', 'C:\\xampp\\htdocs...', 95)
#1 C:\xampp\htdocs\cig4\system\View\View.php(214): include('C:\\xampp\\htdocs...')
#2 C:\xampp\htdocs\cig4\system\View\View.php(217): CodeIgniter\View\View->CodeIgniter\View\{closure}()
#3 C:\xampp\htdocs\cig4\system\Common.php(1097): CodeIgniter\View\View->render('admin/users/tok...', Array, true)
#4 C:\xampp\htdocs\cig4\app\Controllers\pages.php(81): view('admin/users/tok...')
#5 C:\xampp\htdocs\cig4\system\CodeIgniter.php(824): App\Controllers\Pages->tokens()
#6 C:\xampp\htdocs\cig4\system\CodeIgniter.php(410): CodeIgniter\CodeIgniter->runController(Object(App\Controllers\Pages))
#7 C:\xampp\htdocs\cig4\system\CodeIgniter.php(318): CodeIgniter\CodeIgniter->handleRequest(NULL, Object(Config\Cache), false)
#8 C:\xampp\htdocs\cig4\public\index.php(37): CodeIgniter\CodeIgniter->run()
#9 C:\xampp\htdocs\cig4\system\Commands\Server\rewrite.php(43): require_once('C:\\xampp\\htdocs...')
#10 {main}
CRITICAL - 2022-01-03 06:12:11 --> Undefined variable $apiuser_options
#0 C:\xampp\htdocs\cig4\app\Views\admin\users\tokens.php(95): CodeIgniter\Debug\Exceptions->errorHandler(2, 'Undefined varia...', 'C:\\xampp\\htdocs...', 95)
#1 C:\xampp\htdocs\cig4\system\View\View.php(214): include('C:\\xampp\\htdocs...')
#2 C:\xampp\htdocs\cig4\system\View\View.php(217): CodeIgniter\View\View->CodeIgniter\View\{closure}()
#3 C:\xampp\htdocs\cig4\system\Common.php(1097): CodeIgniter\View\View->render('admin/users/tok...', Array, true)
#4 C:\xampp\htdocs\cig4\app\Controllers\pages.php(81): view('admin/users/tok...')
#5 C:\xampp\htdocs\cig4\system\CodeIgniter.php(824): App\Controllers\Pages->tokens()
#6 C:\xampp\htdocs\cig4\system\CodeIgniter.php(410): CodeIgniter\CodeIgniter->runController(Object(App\Controllers\Pages))
#7 C:\xampp\htdocs\cig4\system\CodeIgniter.php(318): CodeIgniter\CodeIgniter->handleRequest(NULL, Object(Config\Cache), false)
#8 C:\xampp\htdocs\cig4\public\index.php(37): CodeIgniter\CodeIgniter->run()
#9 C:\xampp\htdocs\cig4\system\Commands\Server\rewrite.php(43): require_once('C:\\xampp\\htdocs...')
#10 {main}
CRITICAL - 2022-01-03 06:12:11 --> Undefined variable $apiuser_options
#0 C:\xampp\htdocs\cig4\app\Views\admin\users\tokens.php(95): CodeIgniter\Debug\Exceptions->errorHandler(2, 'Undefined varia...', 'C:\\xampp\\htdocs...', 95)
#1 C:\xampp\htdocs\cig4\system\View\View.php(214): include('C:\\xampp\\htdocs...')
#2 C:\xampp\htdocs\cig4\system\View\View.php(217): CodeIgniter\View\View->CodeIgniter\View\{closure}()
#3 C:\xampp\htdocs\cig4\system\Common.php(1097): CodeIgniter\View\View->render('admin/users/tok...', Array, true)
#4 C:\xampp\htdocs\cig4\app\Controllers\pages.php(81): view('admin/users/tok...')
#5 C:\xampp\htdocs\cig4\system\CodeIgniter.php(824): App\Controllers\Pages->tokens()
#6 C:\xampp\htdocs\cig4\system\CodeIgniter.php(410): CodeIgniter\CodeIgniter->runController(Object(App\Controllers\Pages))
#7 C:\xampp\htdocs\cig4\system\CodeIgniter.php(318): CodeIgniter\CodeIgniter->handleRequest(NULL, Object(Config\Cache), false)
#8 C:\xampp\htdocs\cig4\public\index.php(37): CodeIgniter\CodeIgniter->run()
#9 C:\xampp\htdocs\cig4\system\Commands\Server\rewrite.php(43): require_once('C:\\xampp\\htdocs...')
#10 {main}
CRITICAL - 2022-01-03 06:12:15 --> Undefined variable $apiuser_options
#0 C:\xampp\htdocs\cig4\app\Views\admin\users\tokens.php(95): CodeIgniter\Debug\Exceptions->errorHandler(2, 'Undefined varia...', 'C:\\xampp\\htdocs...', 95)
#1 C:\xampp\htdocs\cig4\system\View\View.php(214): include('C:\\xampp\\htdocs...')
#2 C:\xampp\htdocs\cig4\system\View\View.php(217): CodeIgniter\View\View->CodeIgniter\View\{closure}()
#3 C:\xampp\htdocs\cig4\system\Common.php(1097): CodeIgniter\View\View->render('admin/users/tok...', Array, true)
#4 C:\xampp\htdocs\cig4\app\Controllers\pages.php(81): view('admin/users/tok...')
#5 C:\xampp\htdocs\cig4\system\CodeIgniter.php(824): App\Controllers\Pages->tokens()
#6 C:\xampp\htdocs\cig4\system\CodeIgniter.php(410): CodeIgniter\CodeIgniter->runController(Object(App\Controllers\Pages))
#7 C:\xampp\htdocs\cig4\system\CodeIgniter.php(318): CodeIgniter\CodeIgniter->handleRequest(NULL, Object(Config\Cache), false)
#8 C:\xampp\htdocs\cig4\public\index.php(37): CodeIgniter\CodeIgniter->run()
#9 C:\xampp\htdocs\cig4\system\Commands\Server\rewrite.php(43): require_once('C:\\xampp\\htdocs...')
#10 {main}
CRITICAL - 2022-01-03 06:13:10 --> include(auth.php): Failed to open stream: No such file or directory
#0 C:\xampp\htdocs\cig4\app\Views\admin\users\tokens.php(95): CodeIgniter\Debug\Exceptions->errorHandler(2, 'include(auth.ph...', 'C:\\xampp\\htdocs...', 95)
#1 C:\xampp\htdocs\cig4\app\Views\admin\users\tokens.php(95): include()
#2 C:\xampp\htdocs\cig4\system\View\View.php(214): include('C:\\xampp\\htdocs...')
#3 C:\xampp\htdocs\cig4\system\View\View.php(217): CodeIgniter\View\View->CodeIgniter\View\{closure}()
#4 C:\xampp\htdocs\cig4\system\Common.php(1097): CodeIgniter\View\View->render('admin/users/tok...', Array, true)
#5 C:\xampp\htdocs\cig4\app\Controllers\pages.php(81): view('admin/users/tok...')
#6 C:\xampp\htdocs\cig4\system\CodeIgniter.php(824): App\Controllers\Pages->tokens()
#7 C:\xampp\htdocs\cig4\system\CodeIgniter.php(410): CodeIgniter\CodeIgniter->runController(Object(App\Controllers\Pages))
#8 C:\xampp\htdocs\cig4\system\CodeIgniter.php(318): CodeIgniter\CodeIgniter->handleRequest(NULL, Object(Config\Cache), false)
#9 C:\xampp\htdocs\cig4\public\index.php(37): CodeIgniter\CodeIgniter->run()
#10 C:\xampp\htdocs\cig4\system\Commands\Server\rewrite.php(43): require_once('C:\\xampp\\htdocs...')
#11 {main}
CRITICAL - 2022-01-03 06:13:34 --> include(Auth.php): Failed to open stream: No such file or directory
#0 C:\xampp\htdocs\cig4\app\Views\admin\users\tokens.php(95): CodeIgniter\Debug\Exceptions->errorHandler(2, 'include(Auth.ph...', 'C:\\xampp\\htdocs...', 95)
#1 C:\xampp\htdocs\cig4\app\Views\admin\users\tokens.php(95): include()
#2 C:\xampp\htdocs\cig4\system\View\View.php(214): include('C:\\xampp\\htdocs...')
#3 C:\xampp\htdocs\cig4\system\View\View.php(217): CodeIgniter\View\View->CodeIgniter\View\{closure}()
#4 C:\xampp\htdocs\cig4\system\Common.php(1097): CodeIgniter\View\View->render('admin/users/tok...', Array, true)
#5 C:\xampp\htdocs\cig4\app\Controllers\pages.php(81): view('admin/users/tok...')
#6 C:\xampp\htdocs\cig4\system\CodeIgniter.php(824): App\Controllers\Pages->tokens()
#7 C:\xampp\htdocs\cig4\system\CodeIgniter.php(410): CodeIgniter\CodeIgniter->runController(Object(App\Controllers\Pages))
#8 C:\xampp\htdocs\cig4\system\CodeIgniter.php(318): CodeIgniter\CodeIgniter->handleRequest(NULL, Object(Config\Cache), false)
#9 C:\xampp\htdocs\cig4\public\index.php(37): CodeIgniter\CodeIgniter->run()
#10 C:\xampp\htdocs\cig4\system\Commands\Server\rewrite.php(43): require_once('C:\\xampp\\htdocs...')
#11 {main}
CRITICAL - 2022-01-03 06:13:35 --> include(Auth.php): Failed to open stream: No such file or directory
#0 C:\xampp\htdocs\cig4\app\Views\admin\users\tokens.php(95): CodeIgniter\Debug\Exceptions->errorHandler(2, 'include(Auth.ph...', 'C:\\xampp\\htdocs...', 95)
#1 C:\xampp\htdocs\cig4\app\Views\admin\users\tokens.php(95): include()
#2 C:\xampp\htdocs\cig4\system\View\View.php(214): include('C:\\xampp\\htdocs...')
#3 C:\xampp\htdocs\cig4\system\View\View.php(217): CodeIgniter\View\View->CodeIgniter\View\{closure}()
#4 C:\xampp\htdocs\cig4\system\Common.php(1097): CodeIgniter\View\View->render('admin/users/tok...', Array, true)
#5 C:\xampp\htdocs\cig4\app\Controllers\pages.php(81): view('admin/users/tok...')
#6 C:\xampp\htdocs\cig4\system\CodeIgniter.php(824): App\Controllers\Pages->tokens()
#7 C:\xampp\htdocs\cig4\system\CodeIgniter.php(410): CodeIgniter\CodeIgniter->runController(Object(App\Controllers\Pages))
#8 C:\xampp\htdocs\cig4\system\CodeIgniter.php(318): CodeIgniter\CodeIgniter->handleRequest(NULL, Object(Config\Cache), false)
#9 C:\xampp\htdocs\cig4\public\index.php(37): CodeIgniter\CodeIgniter->run()
#10 C:\xampp\htdocs\cig4\system\Commands\Server\rewrite.php(43): require_once('C:\\xampp\\htdocs...')
#11 {main}
CRITICAL - 2022-01-03 06:14:22 --> include( App\Controllers\Auth.php): Failed to open stream: No such file or directory
#0 C:\xampp\htdocs\cig4\app\Views\admin\users\tokens.php(95): CodeIgniter\Debug\Exceptions->errorHandler(2, 'include( App\\Co...', 'C:\\xampp\\htdocs...', 95)
#1 C:\xampp\htdocs\cig4\app\Views\admin\users\tokens.php(95): include()
#2 C:\xampp\htdocs\cig4\system\View\View.php(214): include('C:\\xampp\\htdocs...')
#3 C:\xampp\htdocs\cig4\system\View\View.php(217): CodeIgniter\View\View->CodeIgniter\View\{closure}()
#4 C:\xampp\htdocs\cig4\system\Common.php(1097): CodeIgniter\View\View->render('admin/users/tok...', Array, true)
#5 C:\xampp\htdocs\cig4\app\Controllers\pages.php(81): view('admin/users/tok...')
#6 C:\xampp\htdocs\cig4\system\CodeIgniter.php(824): App\Controllers\Pages->tokens()
#7 C:\xampp\htdocs\cig4\system\CodeIgniter.php(410): CodeIgniter\CodeIgniter->runController(Object(App\Controllers\Pages))
#8 C:\xampp\htdocs\cig4\system\CodeIgniter.php(318): CodeIgniter\CodeIgniter->handleRequest(NULL, Object(Config\Cache), false)
#9 C:\xampp\htdocs\cig4\public\index.php(37): CodeIgniter\CodeIgniter->run()
#10 C:\xampp\htdocs\cig4\system\Commands\Server\rewrite.php(43): require_once('C:\\xampp\\htdocs...')
#11 {main}
CRITICAL - 2022-01-03 06:14:24 --> include( App\Controllers\Auth.php): Failed to open stream: No such file or directory
#0 C:\xampp\htdocs\cig4\app\Views\admin\users\tokens.php(95): CodeIgniter\Debug\Exceptions->errorHandler(2, 'include( App\\Co...', 'C:\\xampp\\htdocs...', 95)
#1 C:\xampp\htdocs\cig4\app\Views\admin\users\tokens.php(95): include()
#2 C:\xampp\htdocs\cig4\system\View\View.php(214): include('C:\\xampp\\htdocs...')
#3 C:\xampp\htdocs\cig4\system\View\View.php(217): CodeIgniter\View\View->CodeIgniter\View\{closure}()
#4 C:\xampp\htdocs\cig4\system\Common.php(1097): CodeIgniter\View\View->render('admin/users/tok...', Array, true)
#5 C:\xampp\htdocs\cig4\app\Controllers\pages.php(81): view('admin/users/tok...')
#6 C:\xampp\htdocs\cig4\system\CodeIgniter.php(824): App\Controllers\Pages->tokens()
#7 C:\xampp\htdocs\cig4\system\CodeIgniter.php(410): CodeIgniter\CodeIgniter->runController(Object(App\Controllers\Pages))
#8 C:\xampp\htdocs\cig4\system\CodeIgniter.php(318): CodeIgniter\CodeIgniter->handleRequest(NULL, Object(Config\Cache), false)
#9 C:\xampp\htdocs\cig4\public\index.php(37): CodeIgniter\CodeIgniter->run()
#10 C:\xampp\htdocs\cig4\system\Commands\Server\rewrite.php(43): require_once('C:\\xampp\\htdocs...')
#11 {main}
CRITICAL - 2022-01-03 06:14:24 --> include( App\Controllers\Auth.php): Failed to open stream: No such file or directory
#0 C:\xampp\htdocs\cig4\app\Views\admin\users\tokens.php(95): CodeIgniter\Debug\Exceptions->errorHandler(2, 'include( App\\Co...', 'C:\\xampp\\htdocs...', 95)
#1 C:\xampp\htdocs\cig4\app\Views\admin\users\tokens.php(95): include()
#2 C:\xampp\htdocs\cig4\system\View\View.php(214): include('C:\\xampp\\htdocs...')
#3 C:\xampp\htdocs\cig4\system\View\View.php(217): CodeIgniter\View\View->CodeIgniter\View\{closure}()
#4 C:\xampp\htdocs\cig4\system\Common.php(1097): CodeIgniter\View\View->render('admin/users/tok...', Array, true)
#5 C:\xampp\htdocs\cig4\app\Controllers\pages.php(81): view('admin/users/tok...')
#6 C:\xampp\htdocs\cig4\system\CodeIgniter.php(824): App\Controllers\Pages->tokens()
#7 C:\xampp\htdocs\cig4\system\CodeIgniter.php(410): CodeIgniter\CodeIgniter->runController(Object(App\Controllers\Pages))
#8 C:\xampp\htdocs\cig4\system\CodeIgniter.php(318): CodeIgniter\CodeIgniter->handleRequest(NULL, Object(Config\Cache), false)
#9 C:\xampp\htdocs\cig4\public\index.php(37): CodeIgniter\CodeIgniter->run()
#10 C:\xampp\htdocs\cig4\system\Commands\Server\rewrite.php(43): require_once('C:\\xampp\\htdocs...')
#11 {main}
CRITICAL - 2022-01-03 06:14:25 --> include( App\Controllers\Auth.php): Failed to open stream: No such file or directory
#0 C:\xampp\htdocs\cig4\app\Views\admin\users\tokens.php(95): CodeIgniter\Debug\Exceptions->errorHandler(2, 'include( App\\Co...', 'C:\\xampp\\htdocs...', 95)
#1 C:\xampp\htdocs\cig4\app\Views\admin\users\tokens.php(95): include()
#2 C:\xampp\htdocs\cig4\system\View\View.php(214): include('C:\\xampp\\htdocs...')
#3 C:\xampp\htdocs\cig4\system\View\View.php(217): CodeIgniter\View\View->CodeIgniter\View\{closure}()
#4 C:\xampp\htdocs\cig4\system\Common.php(1097): CodeIgniter\View\View->render('admin/users/tok...', Array, true)
#5 C:\xampp\htdocs\cig4\app\Controllers\pages.php(81): view('admin/users/tok...')
#6 C:\xampp\htdocs\cig4\system\CodeIgniter.php(824): App\Controllers\Pages->tokens()
#7 C:\xampp\htdocs\cig4\system\CodeIgniter.php(410): CodeIgniter\CodeIgniter->runController(Object(App\Controllers\Pages))
#8 C:\xampp\htdocs\cig4\system\CodeIgniter.php(318): CodeIgniter\CodeIgniter->handleRequest(NULL, Object(Config\Cache), false)
#9 C:\xampp\htdocs\cig4\public\index.php(37): CodeIgniter\CodeIgniter->run()
#10 C:\xampp\htdocs\cig4\system\Commands\Server\rewrite.php(43): require_once('C:\\xampp\\htdocs...')
#11 {main}
CRITICAL - 2022-01-03 06:14:55 --> include( App\Controllers\Auth.php): Failed to open stream: No such file or directory
#0 C:\xampp\htdocs\cig4\app\Views\admin\users\tokens.php(2): CodeIgniter\Debug\Exceptions->errorHandler(2, 'include( App\\Co...', 'C:\\xampp\\htdocs...', 2)
#1 C:\xampp\htdocs\cig4\app\Views\admin\users\tokens.php(2): include()
#2 C:\xampp\htdocs\cig4\system\View\View.php(214): include('C:\\xampp\\htdocs...')
#3 C:\xampp\htdocs\cig4\system\View\View.php(217): CodeIgniter\View\View->CodeIgniter\View\{closure}()
#4 C:\xampp\htdocs\cig4\system\Common.php(1097): CodeIgniter\View\View->render('admin/users/tok...', Array, true)
#5 C:\xampp\htdocs\cig4\app\Controllers\pages.php(81): view('admin/users/tok...')
#6 C:\xampp\htdocs\cig4\system\CodeIgniter.php(824): App\Controllers\Pages->tokens()
#7 C:\xampp\htdocs\cig4\system\CodeIgniter.php(410): CodeIgniter\CodeIgniter->runController(Object(App\Controllers\Pages))
#8 C:\xampp\htdocs\cig4\system\CodeIgniter.php(318): CodeIgniter\CodeIgniter->handleRequest(NULL, Object(Config\Cache), false)
#9 C:\xampp\htdocs\cig4\public\index.php(37): CodeIgniter\CodeIgniter->run()
#10 C:\xampp\htdocs\cig4\system\Commands\Server\rewrite.php(43): require_once('C:\\xampp\\htdocs...')
#11 {main}
CRITICAL - 2022-01-03 06:16:54 --> include(pages/auth_direct): Failed to open stream: No such file or directory
#0 C:\xampp\htdocs\cig4\app\Views\admin\users\tokens.php(2): CodeIgniter\Debug\Exceptions->errorHandler(2, 'include(pages/a...', 'C:\\xampp\\htdocs...', 2)
#1 C:\xampp\htdocs\cig4\app\Views\admin\users\tokens.php(2): include()
#2 C:\xampp\htdocs\cig4\system\View\View.php(214): include('C:\\xampp\\htdocs...')
#3 C:\xampp\htdocs\cig4\system\View\View.php(217): CodeIgniter\View\View->CodeIgniter\View\{closure}()
#4 C:\xampp\htdocs\cig4\system\Common.php(1097): CodeIgniter\View\View->render('admin/users/tok...', Array, true)
#5 C:\xampp\htdocs\cig4\app\Controllers\pages.php(81): view('admin/users/tok...')
#6 C:\xampp\htdocs\cig4\system\CodeIgniter.php(824): App\Controllers\Pages->tokens()
#7 C:\xampp\htdocs\cig4\system\CodeIgniter.php(410): CodeIgniter\CodeIgniter->runController(Object(App\Controllers\Pages))
#8 C:\xampp\htdocs\cig4\system\CodeIgniter.php(318): CodeIgniter\CodeIgniter->handleRequest(NULL, Object(Config\Cache), false)
#9 C:\xampp\htdocs\cig4\public\index.php(37): CodeIgniter\CodeIgniter->run()
#10 C:\xampp\htdocs\cig4\system\Commands\Server\rewrite.php(43): require_once('C:\\xampp\\htdocs...')
#11 {main}
