CRITICAL - 2021-12-19 10:15:05 --> Invalid file: admin/users/user_add.php
#0 C:\xampp\htdocs\cig4\system\View\View.php(198): CodeIgniter\Exceptions\FrameworkException::forInvalidFile('admin/users/use...')
#1 C:\xampp\htdocs\cig4\system\Common.php(1097): CodeIgniter\View\View->render('admin/users/use...', Array, true)
#2 C:\xampp\htdocs\cig4\app\Controllers\pages.php(35): view('admin/users/use...')
#3 C:\xampp\htdocs\cig4\system\CodeIgniter.php(824): App\Controllers\Pages->addusers()
#4 C:\xampp\htdocs\cig4\system\CodeIgniter.php(410): CodeIgniter\CodeIgniter->runController(Object(App\Controllers\Pages))
#5 C:\xampp\htdocs\cig4\system\CodeIgniter.php(318): CodeIgniter\CodeIgniter->handleRequest(NULL, Object(Config\Cache), false)
#6 C:\xampp\htdocs\cig4\public\index.php(37): CodeIgniter\CodeIgniter->run()
#7 C:\xampp\htdocs\cig4\system\Commands\Server\rewrite.php(43): require_once('C:\\xampp\\htdocs...')
#8 {main}
CRITICAL - 2021-12-19 10:41:36 --> Invalid file: admin/users/user_add.php
#0 C:\xampp\htdocs\cig4\system\View\View.php(198): CodeIgniter\Exceptions\FrameworkException::forInvalidFile('admin/users/use...')
#1 C:\xampp\htdocs\cig4\system\Common.php(1097): CodeIgniter\View\View->render('admin/users/use...', Array, true)
#2 C:\xampp\htdocs\cig4\app\Controllers\pages.php(35): view('admin/users/use...')
#3 C:\xampp\htdocs\cig4\system\CodeIgniter.php(824): App\Controllers\Pages->addusers()
#4 C:\xampp\htdocs\cig4\system\CodeIgniter.php(410): CodeIgniter\CodeIgniter->runController(Object(App\Controllers\Pages))
#5 C:\xampp\htdocs\cig4\system\CodeIgniter.php(318): CodeIgniter\CodeIgniter->handleRequest(NULL, Object(Config\Cache), false)
#6 C:\xampp\htdocs\cig4\public\index.php(37): CodeIgniter\CodeIgniter->run()
#7 C:\xampp\htdocs\cig4\system\Commands\Server\rewrite.php(43): require_once('C:\\xampp\\htdocs...')
#8 {main}
