CRITICAL - 2021-12-31 07:09:01 --> syntax error, unexpected token "endforeach"
#0 C:\xampp\htdocs\cig4\system\View\View.php(217): CodeIgniter\View\View->CodeIgniter\View\{closure}()
#1 C:\xampp\htdocs\cig4\system\Common.php(1097): CodeIgniter\View\View->render('auth/homepage.p...', Array, true)
#2 C:\xampp\htdocs\cig4\app\Controllers\pages.php(13): view('auth/homepage.p...')
#3 C:\xampp\htdocs\cig4\system\CodeIgniter.php(824): App\Controllers\Pages->index()
#4 C:\xampp\htdocs\cig4\system\CodeIgniter.php(410): CodeIgniter\CodeIgniter->runController(Object(App\Controllers\Pages))
#5 C:\xampp\htdocs\cig4\system\CodeIgniter.php(318): CodeIgniter\CodeIgniter->handleRequest(NULL, Object(Config\Cache), false)
#6 C:\xampp\htdocs\cig4\public\index.php(37): CodeIgniter\CodeIgniter->run()
#7 C:\xampp\htdocs\cig4\system\Commands\Server\rewrite.php(43): require_once('C:\\xampp\\htdocs...')
#8 {main}
CRITICAL - 2021-12-31 07:09:59 --> Unclosed '{' on line 111
#0 C:\xampp\htdocs\cig4\system\View\View.php(217): CodeIgniter\View\View->CodeIgniter\View\{closure}()
#1 C:\xampp\htdocs\cig4\system\Common.php(1097): CodeIgniter\View\View->render('auth/homepage.p...', Array, true)
#2 C:\xampp\htdocs\cig4\app\Controllers\pages.php(13): view('auth/homepage.p...')
#3 C:\xampp\htdocs\cig4\system\CodeIgniter.php(824): App\Controllers\Pages->index()
#4 C:\xampp\htdocs\cig4\system\CodeIgniter.php(410): CodeIgniter\CodeIgniter->runController(Object(App\Controllers\Pages))
#5 C:\xampp\htdocs\cig4\system\CodeIgniter.php(318): CodeIgniter\CodeIgniter->handleRequest(NULL, Object(Config\Cache), false)
#6 C:\xampp\htdocs\cig4\public\index.php(37): CodeIgniter\CodeIgniter->run()
#7 C:\xampp\htdocs\cig4\system\Commands\Server\rewrite.php(43): require_once('C:\\xampp\\htdocs...')
#8 {main}
CRITICAL - 2021-12-31 07:10:32 --> syntax error, unexpected token "endforeach"
#0 C:\xampp\htdocs\cig4\system\View\View.php(217): CodeIgniter\View\View->CodeIgniter\View\{closure}()
#1 C:\xampp\htdocs\cig4\system\Common.php(1097): CodeIgniter\View\View->render('auth/homepage.p...', Array, true)
#2 C:\xampp\htdocs\cig4\app\Controllers\pages.php(13): view('auth/homepage.p...')
#3 C:\xampp\htdocs\cig4\system\CodeIgniter.php(824): App\Controllers\Pages->index()
#4 C:\xampp\htdocs\cig4\system\CodeIgniter.php(410): CodeIgniter\CodeIgniter->runController(Object(App\Controllers\Pages))
#5 C:\xampp\htdocs\cig4\system\CodeIgniter.php(318): CodeIgniter\CodeIgniter->handleRequest(NULL, Object(Config\Cache), false)
#6 C:\xampp\htdocs\cig4\public\index.php(37): CodeIgniter\CodeIgniter->run()
#7 C:\xampp\htdocs\cig4\system\Commands\Server\rewrite.php(43): require_once('C:\\xampp\\htdocs...')
#8 {main}
CRITICAL - 2021-12-31 07:31:36 --> syntax error, unexpected token "as", expecting ";"
#0 C:\xampp\htdocs\cig4\system\View\View.php(217): CodeIgniter\View\View->CodeIgniter\View\{closure}()
#1 C:\xampp\htdocs\cig4\system\Common.php(1097): CodeIgniter\View\View->render('auth/homepage.p...', Array, true)
#2 C:\xampp\htdocs\cig4\app\Controllers\pages.php(13): view('auth/homepage.p...')
#3 C:\xampp\htdocs\cig4\system\CodeIgniter.php(824): App\Controllers\Pages->index()
#4 C:\xampp\htdocs\cig4\system\CodeIgniter.php(410): CodeIgniter\CodeIgniter->runController(Object(App\Controllers\Pages))
#5 C:\xampp\htdocs\cig4\system\CodeIgniter.php(318): CodeIgniter\CodeIgniter->handleRequest(NULL, Object(Config\Cache), false)
#6 C:\xampp\htdocs\cig4\public\index.php(37): CodeIgniter\CodeIgniter->run()
#7 C:\xampp\htdocs\cig4\system\Commands\Server\rewrite.php(43): require_once('C:\\xampp\\htdocs...')
#8 {main}
CRITICAL - 2021-12-31 07:31:59 --> syntax error, unexpected token "as", expecting ";"
#0 C:\xampp\htdocs\cig4\system\View\View.php(217): CodeIgniter\View\View->CodeIgniter\View\{closure}()
#1 C:\xampp\htdocs\cig4\system\Common.php(1097): CodeIgniter\View\View->render('auth/homepage.p...', Array, true)
#2 C:\xampp\htdocs\cig4\app\Controllers\pages.php(13): view('auth/homepage.p...')
#3 C:\xampp\htdocs\cig4\system\CodeIgniter.php(824): App\Controllers\Pages->index()
#4 C:\xampp\htdocs\cig4\system\CodeIgniter.php(410): CodeIgniter\CodeIgniter->runController(Object(App\Controllers\Pages))
#5 C:\xampp\htdocs\cig4\system\CodeIgniter.php(318): CodeIgniter\CodeIgniter->handleRequest(NULL, Object(Config\Cache), false)
#6 C:\xampp\htdocs\cig4\public\index.php(37): CodeIgniter\CodeIgniter->run()
#7 C:\xampp\htdocs\cig4\system\Commands\Server\rewrite.php(43): require_once('C:\\xampp\\htdocs...')
#8 {main}
CRITICAL - 2021-12-31 07:32:23 --> Undefined variable $item
#0 C:\xampp\htdocs\cig4\app\Views\auth\homepage.php(111): CodeIgniter\Debug\Exceptions->errorHandler(2, 'Undefined varia...', 'C:\\xampp\\htdocs...', 111)
#1 C:\xampp\htdocs\cig4\system\View\View.php(214): include('C:\\xampp\\htdocs...')
#2 C:\xampp\htdocs\cig4\system\View\View.php(217): CodeIgniter\View\View->CodeIgniter\View\{closure}()
#3 C:\xampp\htdocs\cig4\system\Common.php(1097): CodeIgniter\View\View->render('auth/homepage.p...', Array, true)
#4 C:\xampp\htdocs\cig4\app\Controllers\pages.php(13): view('auth/homepage.p...')
#5 C:\xampp\htdocs\cig4\system\CodeIgniter.php(824): App\Controllers\Pages->index()
#6 C:\xampp\htdocs\cig4\system\CodeIgniter.php(410): CodeIgniter\CodeIgniter->runController(Object(App\Controllers\Pages))
#7 C:\xampp\htdocs\cig4\system\CodeIgniter.php(318): CodeIgniter\CodeIgniter->handleRequest(NULL, Object(Config\Cache), false)
#8 C:\xampp\htdocs\cig4\public\index.php(37): CodeIgniter\CodeIgniter->run()
#9 C:\xampp\htdocs\cig4\system\Commands\Server\rewrite.php(43): require_once('C:\\xampp\\htdocs...')
#10 {main}
CRITICAL - 2021-12-31 07:38:24 --> syntax error, unexpected token "as", expecting ";"
#0 C:\xampp\htdocs\cig4\system\View\View.php(217): CodeIgniter\View\View->CodeIgniter\View\{closure}()
#1 C:\xampp\htdocs\cig4\system\Common.php(1097): CodeIgniter\View\View->render('auth/homepage.p...', Array, true)
#2 C:\xampp\htdocs\cig4\app\Controllers\pages.php(13): view('auth/homepage.p...')
#3 C:\xampp\htdocs\cig4\system\CodeIgniter.php(824): App\Controllers\Pages->index()
#4 C:\xampp\htdocs\cig4\system\CodeIgniter.php(410): CodeIgniter\CodeIgniter->runController(Object(App\Controllers\Pages))
#5 C:\xampp\htdocs\cig4\system\CodeIgniter.php(318): CodeIgniter\CodeIgniter->handleRequest(NULL, Object(Config\Cache), false)
#6 C:\xampp\htdocs\cig4\public\index.php(37): CodeIgniter\CodeIgniter->run()
#7 C:\xampp\htdocs\cig4\system\Commands\Server\rewrite.php(43): require_once('C:\\xampp\\htdocs...')
#8 {main}
CRITICAL - 2021-12-31 07:40:43 --> Unmatched ')'
#0 C:\xampp\htdocs\cig4\system\View\View.php(217): CodeIgniter\View\View->CodeIgniter\View\{closure}()
#1 C:\xampp\htdocs\cig4\system\Common.php(1097): CodeIgniter\View\View->render('auth/homepage.p...', Array, true)
#2 C:\xampp\htdocs\cig4\app\Controllers\pages.php(13): view('auth/homepage.p...')
#3 C:\xampp\htdocs\cig4\system\CodeIgniter.php(824): App\Controllers\Pages->index()
#4 C:\xampp\htdocs\cig4\system\CodeIgniter.php(410): CodeIgniter\CodeIgniter->runController(Object(App\Controllers\Pages))
#5 C:\xampp\htdocs\cig4\system\CodeIgniter.php(318): CodeIgniter\CodeIgniter->handleRequest(NULL, Object(Config\Cache), false)
#6 C:\xampp\htdocs\cig4\public\index.php(37): CodeIgniter\CodeIgniter->run()
#7 C:\xampp\htdocs\cig4\system\Commands\Server\rewrite.php(43): require_once('C:\\xampp\\htdocs...')
#8 {main}
CRITICAL - 2021-12-31 07:46:04 --> syntax error, unexpected end of file
#0 C:\xampp\htdocs\cig4\system\View\View.php(217): CodeIgniter\View\View->CodeIgniter\View\{closure}()
#1 C:\xampp\htdocs\cig4\system\Common.php(1097): CodeIgniter\View\View->render('auth/homepage.p...', Array, true)
#2 C:\xampp\htdocs\cig4\app\Controllers\pages.php(13): view('auth/homepage.p...')
#3 C:\xampp\htdocs\cig4\system\CodeIgniter.php(824): App\Controllers\Pages->index()
#4 C:\xampp\htdocs\cig4\system\CodeIgniter.php(410): CodeIgniter\CodeIgniter->runController(Object(App\Controllers\Pages))
#5 C:\xampp\htdocs\cig4\system\CodeIgniter.php(318): CodeIgniter\CodeIgniter->handleRequest(NULL, Object(Config\Cache), false)
#6 C:\xampp\htdocs\cig4\public\index.php(37): CodeIgniter\CodeIgniter->run()
#7 C:\xampp\htdocs\cig4\system\Commands\Server\rewrite.php(43): require_once('C:\\xampp\\htdocs...')
#8 {main}
