CRITICAL - 2021-12-14 01:39:33 --> Undefined variable $user_data
#0 C:\xampp\htdocs\cig4\app\Views\admin\users\user_list.php(87): CodeIgniter\Debug\Exceptions->errorHandler(2, 'Undefined varia...', 'C:\\xampp\\htdocs...', 87)
#1 C:\xampp\htdocs\cig4\system\View\View.php(214): include('C:\\xampp\\htdocs...')
#2 C:\xampp\htdocs\cig4\system\View\View.php(217): CodeIgniter\View\View->CodeIgniter\View\{closure}()
#3 C:\xampp\htdocs\cig4\system\Common.php(1097): CodeIgniter\View\View->render('admin/users/use...', Array, true)
#4 C:\xampp\htdocs\cig4\app\Controllers\pages.php(38): view('admin/users/use...')
#5 C:\xampp\htdocs\cig4\system\CodeIgniter.php(824): App\Controllers\Pages->addusers()
#6 C:\xampp\htdocs\cig4\system\CodeIgniter.php(410): CodeIgniter\CodeIgniter->runController(Object(App\Controllers\Pages))
#7 C:\xampp\htdocs\cig4\system\CodeIgniter.php(318): CodeIgniter\CodeIgniter->handleRequest(NULL, Object(Config\Cache), false)
#8 C:\xampp\htdocs\cig4\public\index.php(37): CodeIgniter\CodeIgniter->run()
#9 C:\xampp\htdocs\cig4\system\Commands\Server\rewrite.php(43): require_once('C:\\xampp\\htdocs...')
#10 {main}
CRITICAL - 2021-12-14 01:43:28 --> Undefined variable $user_data
#0 C:\xampp\htdocs\cig4\app\Views\admin\users\user_list.php(87): CodeIgniter\Debug\Exceptions->errorHandler(2, 'Undefined varia...', 'C:\\xampp\\htdocs...', 87)
#1 C:\xampp\htdocs\cig4\system\View\View.php(214): include('C:\\xampp\\htdocs...')
#2 C:\xampp\htdocs\cig4\system\View\View.php(217): CodeIgniter\View\View->CodeIgniter\View\{closure}()
#3 C:\xampp\htdocs\cig4\system\Common.php(1097): CodeIgniter\View\View->render('admin/users/use...', Array, true)
#4 C:\xampp\htdocs\cig4\app\Controllers\pages.php(38): view('admin/users/use...')
#5 C:\xampp\htdocs\cig4\system\CodeIgniter.php(824): App\Controllers\Pages->addusers()
#6 C:\xampp\htdocs\cig4\system\CodeIgniter.php(410): CodeIgniter\CodeIgniter->runController(Object(App\Controllers\Pages))
#7 C:\xampp\htdocs\cig4\system\CodeIgniter.php(318): CodeIgniter\CodeIgniter->handleRequest(NULL, Object(Config\Cache), false)
#8 C:\xampp\htdocs\cig4\public\index.php(37): CodeIgniter\CodeIgniter->run()
#9 C:\xampp\htdocs\cig4\system\Commands\Server\rewrite.php(43): require_once('C:\\xampp\\htdocs...')
#10 {main}
CRITICAL - 2021-12-14 01:43:35 --> Undefined variable $user_data
#0 C:\xampp\htdocs\cig4\app\Views\admin\users\user_list.php(87): CodeIgniter\Debug\Exceptions->errorHandler(2, 'Undefined varia...', 'C:\\xampp\\htdocs...', 87)
#1 C:\xampp\htdocs\cig4\system\View\View.php(214): include('C:\\xampp\\htdocs...')
#2 C:\xampp\htdocs\cig4\system\View\View.php(217): CodeIgniter\View\View->CodeIgniter\View\{closure}()
#3 C:\xampp\htdocs\cig4\system\Common.php(1097): CodeIgniter\View\View->render('admin/users/use...', Array, true)
#4 C:\xampp\htdocs\cig4\app\Controllers\pages.php(38): view('admin/users/use...')
#5 C:\xampp\htdocs\cig4\system\CodeIgniter.php(824): App\Controllers\Pages->addusers()
#6 C:\xampp\htdocs\cig4\system\CodeIgniter.php(410): CodeIgniter\CodeIgniter->runController(Object(App\Controllers\Pages))
#7 C:\xampp\htdocs\cig4\system\CodeIgniter.php(318): CodeIgniter\CodeIgniter->handleRequest(NULL, Object(Config\Cache), false)
#8 C:\xampp\htdocs\cig4\public\index.php(37): CodeIgniter\CodeIgniter->run()
#9 C:\xampp\htdocs\cig4\system\Commands\Server\rewrite.php(43): require_once('C:\\xampp\\htdocs...')
#10 {main}
CRITICAL - 2021-12-14 01:45:00 --> Undefined variable $user_data
#0 C:\xampp\htdocs\cig4\app\Views\admin\users\user_list.php(87): CodeIgniter\Debug\Exceptions->errorHandler(2, 'Undefined varia...', 'C:\\xampp\\htdocs...', 87)
#1 C:\xampp\htdocs\cig4\system\View\View.php(214): include('C:\\xampp\\htdocs...')
#2 C:\xampp\htdocs\cig4\system\View\View.php(217): CodeIgniter\View\View->CodeIgniter\View\{closure}()
#3 C:\xampp\htdocs\cig4\system\Common.php(1097): CodeIgniter\View\View->render('admin/users/use...', Array, true)
#4 C:\xampp\htdocs\cig4\app\Controllers\pages.php(38): view('admin/users/use...')
#5 C:\xampp\htdocs\cig4\system\CodeIgniter.php(824): App\Controllers\Pages->addusers()
#6 C:\xampp\htdocs\cig4\system\CodeIgniter.php(410): CodeIgniter\CodeIgniter->runController(Object(App\Controllers\Pages))
#7 C:\xampp\htdocs\cig4\system\CodeIgniter.php(318): CodeIgniter\CodeIgniter->handleRequest(NULL, Object(Config\Cache), false)
#8 C:\xampp\htdocs\cig4\public\index.php(37): CodeIgniter\CodeIgniter->run()
#9 C:\xampp\htdocs\cig4\system\Commands\Server\rewrite.php(43): require_once('C:\\xampp\\htdocs...')
#10 {main}
CRITICAL - 2021-12-14 01:53:22 --> syntax error, unexpected token "/"
#0 C:\xampp\htdocs\cig4\system\View\View.php(217): CodeIgniter\View\View->CodeIgniter\View\{closure}()
#1 C:\xampp\htdocs\cig4\system\Common.php(1097): CodeIgniter\View\View->render('admin/users/use...', Array, true)
#2 C:\xampp\htdocs\cig4\app\Controllers\pages.php(38): view('admin/users/use...')
#3 C:\xampp\htdocs\cig4\system\CodeIgniter.php(824): App\Controllers\Pages->addusers()
#4 C:\xampp\htdocs\cig4\system\CodeIgniter.php(410): CodeIgniter\CodeIgniter->runController(Object(App\Controllers\Pages))
#5 C:\xampp\htdocs\cig4\system\CodeIgniter.php(318): CodeIgniter\CodeIgniter->handleRequest(NULL, Object(Config\Cache), false)
#6 C:\xampp\htdocs\cig4\public\index.php(37): CodeIgniter\CodeIgniter->run()
#7 C:\xampp\htdocs\cig4\system\Commands\Server\rewrite.php(43): require_once('C:\\xampp\\htdocs...')
#8 {main}
CRITICAL - 2021-12-14 01:53:46 --> Undefined variable $users
#0 C:\xampp\htdocs\cig4\app\Views\admin\users\user_list.php(87): CodeIgniter\Debug\Exceptions->errorHandler(2, 'Undefined varia...', 'C:\\xampp\\htdocs...', 87)
#1 C:\xampp\htdocs\cig4\system\View\View.php(214): include('C:\\xampp\\htdocs...')
#2 C:\xampp\htdocs\cig4\system\View\View.php(217): CodeIgniter\View\View->CodeIgniter\View\{closure}()
#3 C:\xampp\htdocs\cig4\system\Common.php(1097): CodeIgniter\View\View->render('admin/users/use...', Array, true)
#4 C:\xampp\htdocs\cig4\app\Controllers\pages.php(38): view('admin/users/use...')
#5 C:\xampp\htdocs\cig4\system\CodeIgniter.php(824): App\Controllers\Pages->addusers()
#6 C:\xampp\htdocs\cig4\system\CodeIgniter.php(410): CodeIgniter\CodeIgniter->runController(Object(App\Controllers\Pages))
#7 C:\xampp\htdocs\cig4\system\CodeIgniter.php(318): CodeIgniter\CodeIgniter->handleRequest(NULL, Object(Config\Cache), false)
#8 C:\xampp\htdocs\cig4\public\index.php(37): CodeIgniter\CodeIgniter->run()
#9 C:\xampp\htdocs\cig4\system\Commands\Server\rewrite.php(43): require_once('C:\\xampp\\htdocs...')
#10 {main}
CRITICAL - 2021-12-14 01:53:55 --> Undefined variable $users
#0 C:\xampp\htdocs\cig4\app\Views\admin\users\user_list.php(87): CodeIgniter\Debug\Exceptions->errorHandler(2, 'Undefined varia...', 'C:\\xampp\\htdocs...', 87)
#1 C:\xampp\htdocs\cig4\system\View\View.php(214): include('C:\\xampp\\htdocs...')
#2 C:\xampp\htdocs\cig4\system\View\View.php(217): CodeIgniter\View\View->CodeIgniter\View\{closure}()
#3 C:\xampp\htdocs\cig4\system\Common.php(1097): CodeIgniter\View\View->render('admin/users/use...', Array, true)
#4 C:\xampp\htdocs\cig4\app\Controllers\pages.php(38): view('admin/users/use...')
#5 C:\xampp\htdocs\cig4\system\CodeIgniter.php(824): App\Controllers\Pages->addusers()
#6 C:\xampp\htdocs\cig4\system\CodeIgniter.php(410): CodeIgniter\CodeIgniter->runController(Object(App\Controllers\Pages))
#7 C:\xampp\htdocs\cig4\system\CodeIgniter.php(318): CodeIgniter\CodeIgniter->handleRequest(NULL, Object(Config\Cache), false)
#8 C:\xampp\htdocs\cig4\public\index.php(37): CodeIgniter\CodeIgniter->run()
#9 C:\xampp\htdocs\cig4\system\Commands\Server\rewrite.php(43): require_once('C:\\xampp\\htdocs...')
#10 {main}
CRITICAL - 2021-12-14 01:56:21 --> include(app\Controllers\auth\user_list): Failed to open stream: No such file or directory
#0 C:\xampp\htdocs\cig4\app\Views\admin\users\user_list.php(1): CodeIgniter\Debug\Exceptions->errorHandler(2, 'include(app\\Con...', 'C:\\xampp\\htdocs...', 1)
#1 C:\xampp\htdocs\cig4\app\Views\admin\users\user_list.php(1): include()
#2 C:\xampp\htdocs\cig4\system\View\View.php(214): include('C:\\xampp\\htdocs...')
#3 C:\xampp\htdocs\cig4\system\View\View.php(217): CodeIgniter\View\View->CodeIgniter\View\{closure}()
#4 C:\xampp\htdocs\cig4\system\Common.php(1097): CodeIgniter\View\View->render('admin/users/use...', Array, true)
#5 C:\xampp\htdocs\cig4\app\Controllers\pages.php(38): view('admin/users/use...')
#6 C:\xampp\htdocs\cig4\system\CodeIgniter.php(824): App\Controllers\Pages->addusers()
#7 C:\xampp\htdocs\cig4\system\CodeIgniter.php(410): CodeIgniter\CodeIgniter->runController(Object(App\Controllers\Pages))
#8 C:\xampp\htdocs\cig4\system\CodeIgniter.php(318): CodeIgniter\CodeIgniter->handleRequest(NULL, Object(Config\Cache), false)
#9 C:\xampp\htdocs\cig4\public\index.php(37): CodeIgniter\CodeIgniter->run()
#10 C:\xampp\htdocs\cig4\system\Commands\Server\rewrite.php(43): require_once('C:\\xampp\\htdocs...')
#11 {main}
CRITICAL - 2021-12-14 01:57:13 --> include(App\Controllers\Auth\user_list): Failed to open stream: No such file or directory
#0 C:\xampp\htdocs\cig4\app\Views\admin\users\user_list.php(1): CodeIgniter\Debug\Exceptions->errorHandler(2, 'include(App\\Con...', 'C:\\xampp\\htdocs...', 1)
#1 C:\xampp\htdocs\cig4\app\Views\admin\users\user_list.php(1): include()
#2 C:\xampp\htdocs\cig4\system\View\View.php(214): include('C:\\xampp\\htdocs...')
#3 C:\xampp\htdocs\cig4\system\View\View.php(217): CodeIgniter\View\View->CodeIgniter\View\{closure}()
#4 C:\xampp\htdocs\cig4\system\Common.php(1097): CodeIgniter\View\View->render('admin/users/use...', Array, true)
#5 C:\xampp\htdocs\cig4\app\Controllers\pages.php(38): view('admin/users/use...')
#6 C:\xampp\htdocs\cig4\system\CodeIgniter.php(824): App\Controllers\Pages->addusers()
#7 C:\xampp\htdocs\cig4\system\CodeIgniter.php(410): CodeIgniter\CodeIgniter->runController(Object(App\Controllers\Pages))
#8 C:\xampp\htdocs\cig4\system\CodeIgniter.php(318): CodeIgniter\CodeIgniter->handleRequest(NULL, Object(Config\Cache), false)
#9 C:\xampp\htdocs\cig4\public\index.php(37): CodeIgniter\CodeIgniter->run()
#10 C:\xampp\htdocs\cig4\system\Commands\Server\rewrite.php(43): require_once('C:\\xampp\\htdocs...')
#11 {main}
CRITICAL - 2021-12-14 01:57:28 --> include(App\Controllers\Auth): Failed to open stream: No such file or directory
#0 C:\xampp\htdocs\cig4\app\Views\admin\users\user_list.php(1): CodeIgniter\Debug\Exceptions->errorHandler(2, 'include(App\\Con...', 'C:\\xampp\\htdocs...', 1)
#1 C:\xampp\htdocs\cig4\app\Views\admin\users\user_list.php(1): include()
#2 C:\xampp\htdocs\cig4\system\View\View.php(214): include('C:\\xampp\\htdocs...')
#3 C:\xampp\htdocs\cig4\system\View\View.php(217): CodeIgniter\View\View->CodeIgniter\View\{closure}()
#4 C:\xampp\htdocs\cig4\system\Common.php(1097): CodeIgniter\View\View->render('admin/users/use...', Array, true)
#5 C:\xampp\htdocs\cig4\app\Controllers\pages.php(38): view('admin/users/use...')
#6 C:\xampp\htdocs\cig4\system\CodeIgniter.php(824): App\Controllers\Pages->addusers()
#7 C:\xampp\htdocs\cig4\system\CodeIgniter.php(410): CodeIgniter\CodeIgniter->runController(Object(App\Controllers\Pages))
#8 C:\xampp\htdocs\cig4\system\CodeIgniter.php(318): CodeIgniter\CodeIgniter->handleRequest(NULL, Object(Config\Cache), false)
#9 C:\xampp\htdocs\cig4\public\index.php(37): CodeIgniter\CodeIgniter->run()
#10 C:\xampp\htdocs\cig4\system\Commands\Server\rewrite.php(43): require_once('C:\\xampp\\htdocs...')
#11 {main}
CRITICAL - 2021-12-14 01:57:42 --> include(App\Controllers): Failed to open stream: No such file or directory
#0 C:\xampp\htdocs\cig4\app\Views\admin\users\user_list.php(1): CodeIgniter\Debug\Exceptions->errorHandler(2, 'include(App\\Con...', 'C:\\xampp\\htdocs...', 1)
#1 C:\xampp\htdocs\cig4\app\Views\admin\users\user_list.php(1): include()
#2 C:\xampp\htdocs\cig4\system\View\View.php(214): include('C:\\xampp\\htdocs...')
#3 C:\xampp\htdocs\cig4\system\View\View.php(217): CodeIgniter\View\View->CodeIgniter\View\{closure}()
#4 C:\xampp\htdocs\cig4\system\Common.php(1097): CodeIgniter\View\View->render('admin/users/use...', Array, true)
#5 C:\xampp\htdocs\cig4\app\Controllers\pages.php(38): view('admin/users/use...')
#6 C:\xampp\htdocs\cig4\system\CodeIgniter.php(824): App\Controllers\Pages->addusers()
#7 C:\xampp\htdocs\cig4\system\CodeIgniter.php(410): CodeIgniter\CodeIgniter->runController(Object(App\Controllers\Pages))
#8 C:\xampp\htdocs\cig4\system\CodeIgniter.php(318): CodeIgniter\CodeIgniter->handleRequest(NULL, Object(Config\Cache), false)
#9 C:\xampp\htdocs\cig4\public\index.php(37): CodeIgniter\CodeIgniter->run()
#10 C:\xampp\htdocs\cig4\system\Commands\Server\rewrite.php(43): require_once('C:\\xampp\\htdocs...')
#11 {main}
CRITICAL - 2021-12-14 01:58:12 --> include(app\Controllers\Auth.php): Failed to open stream: No such file or directory
#0 C:\xampp\htdocs\cig4\app\Views\admin\users\user_list.php(1): CodeIgniter\Debug\Exceptions->errorHandler(2, 'include(app\\Con...', 'C:\\xampp\\htdocs...', 1)
#1 C:\xampp\htdocs\cig4\app\Views\admin\users\user_list.php(1): include()
#2 C:\xampp\htdocs\cig4\system\View\View.php(214): include('C:\\xampp\\htdocs...')
#3 C:\xampp\htdocs\cig4\system\View\View.php(217): CodeIgniter\View\View->CodeIgniter\View\{closure}()
#4 C:\xampp\htdocs\cig4\system\Common.php(1097): CodeIgniter\View\View->render('admin/users/use...', Array, true)
#5 C:\xampp\htdocs\cig4\app\Controllers\pages.php(38): view('admin/users/use...')
#6 C:\xampp\htdocs\cig4\system\CodeIgniter.php(824): App\Controllers\Pages->addusers()
#7 C:\xampp\htdocs\cig4\system\CodeIgniter.php(410): CodeIgniter\CodeIgniter->runController(Object(App\Controllers\Pages))
#8 C:\xampp\htdocs\cig4\system\CodeIgniter.php(318): CodeIgniter\CodeIgniter->handleRequest(NULL, Object(Config\Cache), false)
#9 C:\xampp\htdocs\cig4\public\index.php(37): CodeIgniter\CodeIgniter->run()
#10 C:\xampp\htdocs\cig4\system\Commands\Server\rewrite.php(43): require_once('C:\\xampp\\htdocs...')
#11 {main}
CRITICAL - 2021-12-14 02:01:06 --> include(Auth.php): Failed to open stream: No such file or directory
#0 C:\xampp\htdocs\cig4\app\Views\admin\users\user_list.php(1): CodeIgniter\Debug\Exceptions->errorHandler(2, 'include(Auth.ph...', 'C:\\xampp\\htdocs...', 1)
#1 C:\xampp\htdocs\cig4\app\Views\admin\users\user_list.php(1): include()
#2 C:\xampp\htdocs\cig4\system\View\View.php(214): include('C:\\xampp\\htdocs...')
#3 C:\xampp\htdocs\cig4\system\View\View.php(217): CodeIgniter\View\View->CodeIgniter\View\{closure}()
#4 C:\xampp\htdocs\cig4\system\Common.php(1097): CodeIgniter\View\View->render('admin/users/use...', Array, true)
#5 C:\xampp\htdocs\cig4\app\Controllers\pages.php(38): view('admin/users/use...')
#6 C:\xampp\htdocs\cig4\system\CodeIgniter.php(824): App\Controllers\Pages->addusers()
#7 C:\xampp\htdocs\cig4\system\CodeIgniter.php(410): CodeIgniter\CodeIgniter->runController(Object(App\Controllers\Pages))
#8 C:\xampp\htdocs\cig4\system\CodeIgniter.php(318): CodeIgniter\CodeIgniter->handleRequest(NULL, Object(Config\Cache), false)
#9 C:\xampp\htdocs\cig4\public\index.php(37): CodeIgniter\CodeIgniter->run()
#10 C:\xampp\htdocs\cig4\system\Commands\Server\rewrite.php(43): require_once('C:\\xampp\\htdocs...')
#11 {main}
